============================================================
  Generated by:           Encounter(R) RTL Compiler RC14.27 - v14.20-s064_1
  Generated on:           May 06 2020  09:19:28 am
  Module:                 shapelet_distance
  Technology libraries:   PwcV162T125_STD_CELL_7RF 
                          physical_cells 
  Operating conditions:   _nominal_ 
  Interconnect mode:      global
  Area mode:              physical library
============================================================

       Pin             Type       Fanout  Load  Slew Delay Arrival   
                                          (fF)  (ps)  (ps)   (ps)    
---------------------------------------------------------------------
(clock clk)          launch                                      0 R 
                     latency                          +350     350 R 
sqrt_i_sqrt
  r0_2_reg[25]/CLK                                 0           350 R 
  r0_2_reg[25]/Q     DFF_E             4   51.3  347  +433     783 R 
  gt_163_14/A[25] 
    g1676/D                                             +0     783   
    g1676/Z          NOR4_B            1   13.3  308  +243    1026 F 
    g1672/C                                             +0    1026   
    g1672/Z          AND4_E            1   13.6  122  +271    1297 F 
    g1671/B                                             +0    1297   
    g1671/Z          NAND4_B           1   15.8  362  +186    1483 R 
    g1670/A                                             +0    1483   
    g1670/Z          NOR4_B            1   17.0  319  +202    1685 F 
    g1669/A1                                            +0    1685   
    g1669/Z          OA22_H            1   20.3  113  +229    1913 F 
    g1668/B                                             +0    1913   
    g1668/Z          AOI21_C           2   37.8  506  +148    2061 R 
    g1667/A                                             +0    2061   
    g1667/Z          NOR2_E            1   20.3  225  +147    2208 F 
    g1665/B                                             +0    2208   
    g1665/Z          AOI21_C           1   21.5  352  +125    2334 R 
    g1664/B                                             +0    2334   
    g1664/Z          AO21_I            1   17.3   97  +278    2611 R 
    g1663/B                                             +0    2611   
    g1663/Z          OAI21_C           1   17.0  250  +111    2722 F 
    g1662/B                                             +0    2722   
    g1662/Z          OAI21_C           1   18.7  356  +192    2915 R 
    g1661/A1                                            +0    2915   
    g1661/Z          AO22_H            1   17.3  103  +200    3114 R 
    g1660/B                                             +0    3114   
    g1660/Z          OAI21_C           1   17.0  250  +112    3226 F 
    g1659/B                                             +0    3226   
    g1659/Z          OAI21_C           1   18.7  360  +192    3419 R 
    g1658/A1                                            +0    3419   
    g1658/Z          AO22_H            1   17.3  103  +200    3619 R 
    g1657/B                                             +0    3619   
    g1657/Z          OAI21_C           1   17.0  250  +112    3731 F 
    g1656/B                                             +0    3731   
    g1656/Z          OAI21_C           1   18.7  356  +192    3923 R 
    g1655/A1                                            +0    3923   
    g1655/Z          AO22_H            1   17.3  103  +200    4123 R 
    g1654/B                                             +0    4123   
    g1654/Z          OAI21_C           1   17.0  250  +112    4235 F 
    g1653/B                                             +0    4235   
    g1653/Z          OAI21_C           1   18.7  368  +192    4428 R 
    g1652/A1                                            +0    4428   
    g1652/Z          AO22_H            1   17.3  103  +201    4629 R 
    g1651/B                                             +0    4629   
    g1651/Z          OAI21_C           1   17.0  250  +112    4741 F 
    g1650/B                                             +0    4741   
    g1650/Z          OAI21_C           1   18.7  356  +192    4933 R 
    g1649/A1                                            +0    4933   
    g1649/Z          AO22_H            1   17.3  103  +200    5133 R 
    g1648/B                                             +0    5133   
    g1648/Z          OAI21_C           2   29.5  321  +151    5284 F 
    g1647/A                                             +0    5284   
    g1647/Z          OR2_I             1   17.1   88  +225    5509 F 
    g1646/A1                                            +0    5509   
    g1646/Z          AOI22_C           1   21.5  283  +131    5640 R 
    g1645/B                                             +0    5640   
    g1645/Z          AO21_I            1   17.3   94  +259    5899 R 
    g1644/B                                             +0    5899   
    g1644/Z          OAI21_C           2   29.5  320  +150    6048 F 
    g1643/A                                             +0    6048   
    g1643/Z          OR2_I             1   17.1   88  +224    6273 F 
    g1642/A1                                            +0    6273   
    g1642/Z          AOI22_C           1   21.5  298  +131    6404 R 
    g1641/B                                             +0    6404   
    g1641/Z          AO21_I            1   17.3   94  +263    6667 R 
    g1640/B                                             +0    6667   
    g1640/Z          OAI21_C           2   29.5  320  +150    6817 F 
    g1639/A                                             +0    6817   
    g1639/Z          OR2_I             1   17.1   88  +224    7041 F 
    g1638/A1                                            +0    7041   
    g1638/Z          AOI22_C           1   19.9  285  +126    7168 R 
    g1637/B                                             +0    7168   
    g1637/Z          AO21_H            1   17.3  108  +269    7437 R 
    g1636/B                                             +0    7437   
    g1636/Z          OAI21_C           1   17.0  248  +112    7550 F 
    g1635/B                                             +0    7550   
    g1635/Z          OAI21_C           1   17.8  369  +188    7738 R 
    g1634/A1                                            +0    7738   
    g1634/Z          AO22_F            1   17.3  118  +200    7938 R 
    g1633/B                                             +0    7938   
    g1633/Z          OAI21_C           1   18.2  256  +117    8055 F 
    g1632/B1                                            +0    8055   
    g1632/Z          AO222_E           1   17.0  148  +196    8252 F 
    g1631/B                                             +0    8252   
    g1631/Z          OAI21_C           1   17.3  327  +157    8408 R 
    g1630/B                                             +0    8408   
    g1630/Z          OAI21_C           1   71.2  568  +313    8721 F 
    g1629/B                                             +0    8721   
    g1629/Z          NAND2_M          86 1276.9  937  +602    9323 R 
  gt_163_14/Z 
  g6193/A                                               +0    9323   
  g6193/Z            NOR2_E           11  149.3  730  +528    9850 F 
  g6098/D1                                              +0    9850   
  g6098/Z            MUX21I_D          1   21.8  397  +258   10108 R 
  g6063/A                                               +0   10108   
  g6063/Z            NAND2_F           1   19.8  218   +93   10201 F 
  csa_tree_ADD_UNS_OP_563_groupi/in_2[0] 
    g4054/CIN                                           +0   10201   
    g4054/COUT       ADDF_E            1   19.8  215  +250   10451 F 
    g4053/CIN                                           +0   10451   
    g4053/COUT       ADDF_E            1   19.8  215  +250   10700 F 
    g4052/CIN                                           +0   10700   
    g4052/COUT       ADDF_E            1   19.8  210  +250   10950 F 
    g4051/CIN                                           +0   10950   
    g4051/COUT       ADDF_E            1   19.8  215  +248   11198 F 
    g4050/CIN                                           +0   11198   
    g4050/COUT       ADDF_E            1   19.8  210  +250   11448 F 
    g4049/CIN                                           +0   11448   
    g4049/COUT       ADDF_E            1   19.8  215  +249   11697 F 
    g4048/CIN                                           +0   11697   
    g4048/COUT       ADDF_E            1   19.8  207  +250   11946 F 
    g4047/CIN                                           +0   11946   
    g4047/COUT       ADDF_E            1   19.8  213  +248   12194 F 
    g4046/CIN                                           +0   12194   
    g4046/COUT       ADDF_E            1   19.8  210  +249   12443 F 
    g4045/CIN                                           +0   12443   
    g4045/COUT       ADDF_E            1   19.8  213  +248   12692 F 
    g4044/CIN                                           +0   12692   
    g4044/COUT       ADDF_E            1   19.8  210  +249   12941 F 
    g4043/CIN                                           +0   12941   
    g4043/COUT       ADDF_E            1   19.8  213  +248   13189 F 
    g4042/CIN                                           +0   13189   
    g4042/COUT       ADDF_E            1   19.8  207  +249   13438 F 
    g4041/CIN                                           +0   13438   
    g4041/COUT       ADDF_E            1   19.8  213  +248   13686 F 
    g4040/CIN                                           +0   13686   
    g4040/COUT       ADDF_E            1   19.8  207  +249   13935 F 
    g4039/CIN                                           +0   13935   
    g4039/COUT       ADDF_E            1   19.8  213  +248   14183 F 
    g4038/CIN                                           +0   14183   
    g4038/COUT       ADDF_E            1   19.8  210  +249   14432 F 
    g4037/CIN                                           +0   14432   
    g4037/COUT       ADDF_E            1   19.8  213  +248   14681 F 
    g4036/CIN                                           +0   14681   
    g4036/COUT       ADDF_E            1   19.8  207  +249   14930 F 
    g4035/CIN                                           +0   14930   
    g4035/COUT       ADDF_E            1   19.8  213  +248   15178 F 
    g4034/CIN                                           +0   15178   
    g4034/COUT       ADDF_E            1   19.8  207  +249   15427 F 
    g4033/CIN                                           +0   15427   
    g4033/COUT       ADDF_E            1   19.8  213  +248   15675 F 
    g4032/CIN                                           +0   15675   
    g4032/COUT       ADDF_E            1   19.8  207  +249   15924 F 
    g4031/CIN                                           +0   15924   
    g4031/COUT       ADDF_E            1   19.8  213  +248   16172 F 
    g4030/CIN                                           +0   16172   
    g4030/COUT       ADDF_E            1   19.8  207  +249   16421 F 
    g4029/CIN                                           +0   16421   
    g4029/COUT       ADDF_E            1   19.8  213  +248   16669 F 
    g4028/CIN                                           +0   16669   
    g4028/COUT       ADDF_E            1   19.8  207  +249   16918 F 
    g4027/CIN                                           +0   16918   
    g4027/COUT       ADDF_E            1   19.8  213  +248   17166 F 
    g4026/CIN                                           +0   17166   
    g4026/COUT       ADDF_E            1   19.8  207  +249   17415 F 
    g4025/CIN                                           +0   17415   
    g4025/COUT       ADDF_E            1   19.8  213  +248   17663 F 
    g4024/CIN                                           +0   17663   
    g4024/COUT       ADDF_E            1   19.8  207  +249   17912 F 
    g4023/CIN                                           +0   17912   
    g4023/COUT       ADDF_E            1   19.8  213  +248   18160 F 
    g4022/CIN                                           +0   18160   
    g4022/COUT       ADDF_E            1   19.8  207  +249   18410 F 
    g4021/CIN                                           +0   18410   
    g4021/COUT       ADDF_E            1   19.8  213  +248   18658 F 
    g4020/CIN                                           +0   18658   
    g4020/COUT       ADDF_E            1   19.8  207  +249   18907 F 
    g4019/CIN                                           +0   18907   
    g4019/COUT       ADDF_E            1   19.8  213  +248   19155 F 
    g4018/CIN                                           +0   19155   
    g4018/COUT       ADDF_E            1   19.8  207  +249   19404 F 
    g4017/CIN                                           +0   19404   
    g4017/COUT       ADDF_E            1   19.8  213  +248   19652 F 
    g4016/CIN                                           +0   19652   
    g4016/COUT       ADDF_E            1   19.8  207  +249   19901 F 
    g4015/CIN                                           +0   19901   
    g4015/COUT       ADDF_E            1   19.8  213  +248   20149 F 
    g4014/CIN                                           +0   20149   
    g4014/COUT       ADDF_E            1   19.8  207  +249   20398 F 
    g4013/CIN                                           +0   20398   
    g4013/COUT       ADDF_E            1   19.8  213  +248   20646 F 
    g4012/CIN                                           +0   20646   
    g4012/COUT       ADDF_E            1   19.8  207  +249   20895 F 
    g4011/CIN                                           +0   20895   
    g4011/COUT       ADDF_E            1   19.8  213  +248   21143 F 
    g4010/CIN                                           +0   21143   
    g4010/COUT       ADDF_E            1   19.8  207  +249   21392 F 
    g4009/CIN                                           +0   21392   
    g4009/COUT       ADDF_E            1   19.8  213  +248   21640 F 
    g4008/CIN                                           +0   21640   
    g4008/COUT       ADDF_E            1   19.8  207  +249   21889 F 
    g4007/CIN                                           +0   21889   
    g4007/COUT       ADDF_E            1   19.8  213  +248   22137 F 
    g4006/CIN                                           +0   22137   
    g4006/COUT       ADDF_E            1   19.8  207  +249   22386 F 
    g4005/CIN                                           +0   22386   
    g4005/COUT       ADDF_E            1   19.8  215  +248   22634 F 
    g4004/CIN                                           +0   22634   
    g4004/COUT       ADDF_E            1   20.8  208  +252   22886 F 
    g4003/B                                             +0   22886   
    g4003/Z          XNOR2_C           2   28.1  322  +203   23089 F 
  csa_tree_ADD_UNS_OP_563_groupi/out_0[51] 
  g4772/D1                                              +0   23089   
  g4772/Z            MUX21I_D          1   20.5  424  +206   23295 R 
  g4589/A                                               +0   23295   
  g4589/Z            NOR2_E            1   13.5  270  +117   23411 F 
  r0_2_reg[51]/D     DFF_E                              +0   23411   
  r0_2_reg[51]/CLK   setup                         0  +240   23652 R 
- - - - - - - - - - - - - - - - - - - - - - - - - - - - - - - - - - -
(clock clk)          capture                                100000 R 
                     latency                          +350  100350 R 
                     uncertainty                      -250  100100 R 
---------------------------------------------------------------------
Cost Group   : 'clk' (path_group 'clk')
Timing slack :   76448ps 
Start-point  : sqrt_i_sqrt/r0_2_reg[25]/CLK
End-point    : sqrt_i_sqrt/r0_2_reg[51]/D
