============================================================
  Generated by:           Encounter(R) RTL Compiler RC14.27 - v14.20-s064_1
  Generated on:           May 06 2020  09:58:19 am
  Module:                 shapelet_distance
  Technology libraries:   PwcV162T125_STD_CELL_7RF 
                          physical_cells 
  Operating conditions:   _nominal_ 
  Interconnect mode:      global
  Area mode:              physical library
============================================================

                                      Leakage    Dynamic      Total    
           Instance           Cells  Power(nW)  Power(nW)   Power(nW)  
-----------------------------------------------------------------------
shapelet_distance             35218 163593.785 9134147.052 9297740.838 
  adder_tree                   3036  13396.794 2667679.906 2681076.700 
    AdderGen[1..stnorm_addsub   513   1966.456  475344.554  477311.010 
    AdderGen[0..stnorm_addsub   513   1966.456  445970.535  447936.990 
    AdderGen[1..renorm_addsub   414   1757.605  378659.142  380416.747 
    AdderGen[0..renorm_addsub   414   1757.605  440528.363  442285.968 
    AdderGen[0..DDER_i_addsub   296   1479.666  387631.788  389111.453 
      SUB_UNS_OP_Y_add_114_27   108    602.266  170439.281  171041.547 
    AdderGen[1..DDER_i_addsub   296   1479.666  293053.084  294532.750 
      SUB_UNS_OP_Y_add_114_27   108    602.266  119448.919  120051.185 
    inc_add_184_54_25            77    308.804   22197.621   22506.425 
    inc_add_184_51_24            77    280.593   23358.703   23639.296 
  sqrt_i_sqrt                  1530   7442.955  605193.876  612636.831 
    csa_tree_A..OP_563_groupi   132   1244.789   68372.923   69617.712 
    csa_tree_eq_201_32_groupi   219    861.341  123378.822  124240.163 
    addinc_ADD_UNS_OP_2_38       27    328.046   13581.421   13909.467 
    gt_163_14                    85    212.776    9134.993    9347.769 
    gt_184_15                    84    200.080   30188.668   30388.748 
  PROCESSING..post_norm_mul    1222   5321.273  204875.120  210196.392 
    inc_ADD_UNS_OP2482_62        61    245.281   13046.917   13292.198 
  PROCESSING..post_norm_mul    1222   5321.273  171449.646  176770.919 
    inc_ADD_UNS_OP2482_62        61    245.281   10055.397   10300.678 
  PROCESSING..post_norm_mul    1222   5321.273  160099.283  165420.555 
    inc_ADD_UNS_OP2482_62        61    245.281   11155.698   11400.979 
  PROCESSING..post_norm_mul    1222   5318.762  148826.427  154145.189 
    inc_ADD_UNS_OP2482_62        61    245.281    8257.133    8502.414 
  PROCESSING..post_norm_div     628   3211.022   82282.376   85493.398 
    inc_ADD_UNS_OP698_34         60    240.493    3518.541    3759.034 
  PROCESSING..post_norm_div     628   3211.022   85435.901   88646.923 
    inc_ADD_UNS_OP698_34         60    240.493    2674.875    2915.368 
  PROCESSING..post_norm_div     628   3211.022   86795.327   90006.348 
    inc_ADD_UNS_OP698_34         60    240.493    3694.229    3934.722 
  PROCESSING..post_norm_div     628   3211.022   92147.604   95358.626 
    inc_ADD_UNS_OP698_34         60    240.493    5057.716    5298.209 
  PROCESSING.._i_serial_div     520   2486.623  143599.565  146086.188 
    sub_154_17                   78    386.170   23957.867   24344.037 
  PROCESSING.._i_serial_div     520   2486.623  184456.998  186943.621 
    sub_154_17                   78    386.170   36853.993   37240.163 
  PROCESSING.._i_serial_div     520   2486.623   93365.390   95852.014 
    sub_154_17                   78    386.170   14198.350   14584.520 
  PROCESSING.._i_serial_div     520   2486.623  144074.773  146561.396 
    sub_154_17                   78    386.170   27679.340   28065.511 
  PROCESSING..stnorm_addsub     512   1976.002   23234.032   25210.034 
  PROCESSING..stnorm_addsub     512   1976.002   24929.472   26905.474 
  PROCESSING..stnorm_addsub     512   1976.002   21361.961   23337.963 
  PROCESSING..stnorm_addsub     512   1976.002   26632.203   28608.205 
  PROCESSING..renorm_addsub     414   1760.823   45386.770   47147.593 
  PROCESSING..renorm_addsub     414   1759.486   51668.598   53428.084 
  PROCESSING..renorm_addsub     414   1759.486   48937.410   50696.896 
  PROCESSING..renorm_addsub     414   1759.486   38494.791   40254.277 
  PROCESSING.._pre_norm_div     425   1525.778   10635.668   12161.446 
    csa_tree_a..118_77_groupi    45    280.720    1896.665    2177.386 
  PROCESSING.._pre_norm_div     425   1525.778    9953.581   11479.359 
    csa_tree_a..118_77_groupi    45    280.720    2001.388    2282.109 
  PROCESSING.._pre_norm_div     425   1525.778   10036.310   11562.088 
    csa_tree_a..118_77_groupi    45    280.720    2001.328    2282.048 
  PROCESSING.._pre_norm_div     407   1522.163   14549.337   16071.500 
    csa_tree_a..118_77_groupi    45    280.821    4305.664    4586.484 
  PROCESSING..dsub_i_addsub     297   1478.584   24495.294   25973.878 
    SUB_UNS_OP_Y_add_114_27     108    602.266   10986.288   11588.554 
  PROCESSING..dsub_i_addsub     297   1478.584   36980.263   38458.848 
    SUB_UNS_OP_Y_add_114_27     108    602.266   16847.033   17449.299 
  PROCESSING..dsub_i_addsub     297   1478.584   38440.942   39919.526 
    SUB_UNS_OP_Y_add_114_27     108    602.266   20872.862   21475.127 
  PROCESSING..dsub_i_addsub     297   1478.584   26395.230   27873.814 
    SUB_UNS_OP_Y_add_114_27     108    602.266   11891.442   12493.708 
  sqrt_i_post_norm_sqrt         227   1231.286   25834.926   27066.212 
    inc_ADD_UNS_OP_29            56    225.237     934.790    1160.027 
  PROCESSING..223_57_groupi      77    718.867    5595.964    6314.832 
  PROCESSING..223_57_groupi      77    718.867    5778.521    6497.389 
  PROCESSING..223_57_groupi      77    718.867    4676.729    5395.596 
  PROCESSING..223_57_groupi      77    718.867    4039.545    4758.412 
  sqrt_i_pre_norm_sqrt          214    693.007    4630.680    5323.687 
  PROCESSING..24_mul_194_38      83    492.268    8909.347    9401.616 
  PROCESSING..24_mul_195_46      83    492.268   11489.473   11981.742 
  PROCESSING..24_mul_196_46      83    492.268   10421.211   10913.479 
  PROCESSING..24_mul_197_52      83    492.268    9115.611    9607.879 
  PROCESSING..24_mul_194_38      83    492.268    6731.699    7223.967 
  PROCESSING..24_mul_195_46      83    492.268    9660.281   10152.549 
  PROCESSING..24_mul_196_46      83    492.268    8796.412    9288.681 
  PROCESSING..24_mul_197_52      83    492.268    6755.990    7248.258 
  PROCESSING..24_mul_194_38      83    492.268    6462.816    6955.084 
  PROCESSING..24_mul_195_46      83    492.268    7494.010    7986.279 
  PROCESSING..24_mul_196_46      83    492.268    9163.233    9655.501 
  PROCESSING..24_mul_197_52      83    492.268    5660.070    6152.338 
  PROCESSING..24_mul_194_38      83    492.268    5860.812    6353.080 
  PROCESSING..24_mul_195_46      83    492.268    6915.695    7407.963 
  PROCESSING..24_mul_196_46      83    492.268    8796.264    9288.533 
  PROCESSING..24_mul_197_52      83    492.268    7487.167    7979.436 
  PROCESSING..208_77_groupi      38    356.398    2364.579    2720.977 
  PROCESSING..208_77_groupi      38    356.398    2325.330    2681.729 
  PROCESSING..208_77_groupi      38    356.398    2601.178    2957.576 
  PROCESSING..208_77_groupi      38    356.398    2974.534    3330.932 

