============================================================
  Generated by:           Encounter(R) RTL Compiler RC14.27 - v14.20-s064_1
  Generated on:           May 06 2020  09:19:29 am
  Module:                 shapelet_distance
  Technology libraries:   PwcV162T125_STD_CELL_7RF 
                          physical_cells 
  Operating conditions:   _nominal_ 
  Interconnect mode:      global
  Area mode:              physical library
============================================================

                                    
    Gate     Instances     Area               Library           
----------------------------------------------------------------
ADDF_E            1157   104496.538    PwcV162T125_STD_CELL_7RF 
AND2_D              45     1016.064    PwcV162T125_STD_CELL_7RF 
AND2_E              26      587.059    PwcV162T125_STD_CELL_7RF 
AND2_F              28      632.218    PwcV162T125_STD_CELL_7RF 
AND2_H             142     3206.246    PwcV162T125_STD_CELL_7RF 
AND2_I             338     7631.770    PwcV162T125_STD_CELL_7RF 
AND2_K               7      210.739    PwcV162T125_STD_CELL_7RF 
AND3_H              20      526.848    PwcV162T125_STD_CELL_7RF 
AND3_I              71     1870.310    PwcV162T125_STD_CELL_7RF 
AND3_K               4      150.528    PwcV162T125_STD_CELL_7RF 
AND4_E              47     1414.963    PwcV162T125_STD_CELL_7RF 
AO21_C               9      237.082    PwcV162T125_STD_CELL_7RF 
AO21_D              16      421.478    PwcV162T125_STD_CELL_7RF 
AO21_E             246     6480.230    PwcV162T125_STD_CELL_7RF 
AO21_F              58     1527.859    PwcV162T125_STD_CELL_7RF 
AO21_H             101     2660.582    PwcV162T125_STD_CELL_7RF 
AO21_I             200     5268.480    PwcV162T125_STD_CELL_7RF 
AO2222_C            20     1053.696    PwcV162T125_STD_CELL_7RF 
AO2222_D           110     5795.328    PwcV162T125_STD_CELL_7RF 
AO2222_E           663    34930.022    PwcV162T125_STD_CELL_7RF 
AO222_C              4      180.634    PwcV162T125_STD_CELL_7RF 
AO222_D             44     1986.970    PwcV162T125_STD_CELL_7RF 
AO222_E            419    18921.370    PwcV162T125_STD_CELL_7RF 
AO22_B            2294    69062.246    PwcV162T125_STD_CELL_7RF 
AO22_D               7      210.739    PwcV162T125_STD_CELL_7RF 
AO22_E             258     7767.245    PwcV162T125_STD_CELL_7RF 
AO22_F             118     3552.461    PwcV162T125_STD_CELL_7RF 
AO22_H             163     4907.213    PwcV162T125_STD_CELL_7RF 
AO22_K               6      338.688    PwcV162T125_STD_CELL_7RF 
AOI21_A             12      225.792    PwcV162T125_STD_CELL_7RF 
AOI21_C            633    11910.528    PwcV162T125_STD_CELL_7RF 
AOI21_D              1       26.342    PwcV162T125_STD_CELL_7RF 
AOI21_E              4      105.370    PwcV162T125_STD_CELL_7RF 
AOI21_F              1       41.395    PwcV162T125_STD_CELL_7RF 
AOI2222_H          106     6382.387    PwcV162T125_STD_CELL_7RF 
AOI2222_I           46     2769.715    PwcV162T125_STD_CELL_7RF 
AOI222_H            46     2423.501    PwcV162T125_STD_CELL_7RF 
AOI222_I            65     3424.512    PwcV162T125_STD_CELL_7RF 
AOI22_C           1262    28494.950    PwcV162T125_STD_CELL_7RF 
BUFFER_I             1       18.816    PwcV162T125_STD_CELL_7RF 
BUFFER_L             4      105.370    PwcV162T125_STD_CELL_7RF 
BUFFER_O             9      440.294    PwcV162T125_STD_CELL_7RF 
CLKI_I               9      338.688    PwcV162T125_STD_CELL_7RF 
CLKI_K               4      180.634    PwcV162T125_STD_CELL_7RF 
CLKI_M               6      406.426    PwcV162T125_STD_CELL_7RF 
CLK_K                2       67.738    PwcV162T125_STD_CELL_7RF 
CLK_M                1       60.211    PwcV162T125_STD_CELL_7RF 
COMP2_E              1       67.738    PwcV162T125_STD_CELL_7RF 
DFF_E             8539   449875.507    PwcV162T125_STD_CELL_7RF 
DFF_H               63     3793.306    PwcV162T125_STD_CELL_7RF 
DFF_K               52     4305.101    PwcV162T125_STD_CELL_7RF 
INVERTBAL_E        113     1275.725    PwcV162T125_STD_CELL_7RF 
INVERTBAL_H        565     6378.624    PwcV162T125_STD_CELL_7RF 
INVERT_A             7       79.027    PwcV162T125_STD_CELL_7RF 
INVERT_D           433     4888.397    PwcV162T125_STD_CELL_7RF 
INVERT_E           320     3612.672    PwcV162T125_STD_CELL_7RF 
INVERT_F          1110    12531.456    PwcV162T125_STD_CELL_7RF 
INVERT_H           160     1806.336    PwcV162T125_STD_CELL_7RF 
INVERT_I           246     2777.242    PwcV162T125_STD_CELL_7RF 
INVERT_L             6      112.896    PwcV162T125_STD_CELL_7RF 
INVERT_M             4      120.422    PwcV162T125_STD_CELL_7RF 
INVERT_N             7      263.424    PwcV162T125_STD_CELL_7RF 
INVERT_O             3      146.765    PwcV162T125_STD_CELL_7RF 
INVERT_U             1       97.843    PwcV162T125_STD_CELL_7RF 
MUX21I_B             3       79.027    PwcV162T125_STD_CELL_7RF 
MUX21I_D          2252    59323.085    PwcV162T125_STD_CELL_7RF 
MUX21_D           1122    38000.794    PwcV162T125_STD_CELL_7RF 
MUX21_E            411    13920.077    PwcV162T125_STD_CELL_7RF 
MUX21_F              3      101.606    PwcV162T125_STD_CELL_7RF 
MUX21_H             39     1320.883    PwcV162T125_STD_CELL_7RF 
MUX21_I           1135    38441.088    PwcV162T125_STD_CELL_7RF 
NAND2BAL_H           6      112.896    PwcV162T125_STD_CELL_7RF 
NAND2_C             22      331.162    PwcV162T125_STD_CELL_7RF 
NAND2_D             18      270.950    PwcV162T125_STD_CELL_7RF 
NAND2_E            198     2980.454    PwcV162T125_STD_CELL_7RF 
NAND2_F           2615    39363.072    PwcV162T125_STD_CELL_7RF 
NAND2_J              3       90.317    PwcV162T125_STD_CELL_7RF 
NAND2_L              1       45.158    PwcV162T125_STD_CELL_7RF 
NAND2_M              5      301.056    PwcV162T125_STD_CELL_7RF 
NAND3_C              8      180.634    PwcV162T125_STD_CELL_7RF 
NAND3_E            147     3319.142    PwcV162T125_STD_CELL_7RF 
NAND4_B            360     8128.512    PwcV162T125_STD_CELL_7RF 
NAND4_F              4      210.739    PwcV162T125_STD_CELL_7RF 
NOR2_B             239     3597.619    PwcV162T125_STD_CELL_7RF 
NOR2_C              55      827.904    PwcV162T125_STD_CELL_7RF 
NOR2_D              55      827.904    PwcV162T125_STD_CELL_7RF 
NOR2_E            1810    27245.568    PwcV162T125_STD_CELL_7RF 
NOR2_F              15      395.136    PwcV162T125_STD_CELL_7RF 
NOR2_H              76     2002.022    PwcV162T125_STD_CELL_7RF 
NOR2_I               9      270.950    PwcV162T125_STD_CELL_7RF 
NOR2_J               2       90.317    PwcV162T125_STD_CELL_7RF 
NOR3_B             194     3650.304    PwcV162T125_STD_CELL_7RF 
NOR3_C               6      180.634    PwcV162T125_STD_CELL_7RF 
NOR3_D              41     1234.330    PwcV162T125_STD_CELL_7RF 
NOR3_E               8      301.056    PwcV162T125_STD_CELL_7RF 
NOR4_B             366     6886.656    PwcV162T125_STD_CELL_7RF 
NOR4_C               5      188.160    PwcV162T125_STD_CELL_7RF 
OA21_I             106     2792.294    PwcV162T125_STD_CELL_7RF 
OA21_K               3      169.344    PwcV162T125_STD_CELL_7RF 
OA2222_F            60     3838.464    PwcV162T125_STD_CELL_7RF 
OA222_C             20     1053.696    PwcV162T125_STD_CELL_7RF 
OA22_H              54     1625.702    PwcV162T125_STD_CELL_7RF 
OA22_I               6      180.634    PwcV162T125_STD_CELL_7RF 
OAI21_C            745    14017.920    PwcV162T125_STD_CELL_7RF 
OAI21_E              7      184.397    PwcV162T125_STD_CELL_7RF 
OAI21_F              5      188.160    PwcV162T125_STD_CELL_7RF 
OAI2222_H            4      286.003    PwcV162T125_STD_CELL_7RF 
OAI222_H             6      361.267    PwcV162T125_STD_CELL_7RF 
OAI22_B            431    11353.574    PwcV162T125_STD_CELL_7RF 
OAI22_C              5      169.344    PwcV162T125_STD_CELL_7RF 
OR2_E               10      225.792    PwcV162T125_STD_CELL_7RF 
OR2_F                9      203.213    PwcV162T125_STD_CELL_7RF 
OR2_H                5      112.896    PwcV162T125_STD_CELL_7RF 
OR2_I              485    10950.912    PwcV162T125_STD_CELL_7RF 
OR2_K                9      270.950    PwcV162T125_STD_CELL_7RF 
OR3_H               42     1264.435    PwcV162T125_STD_CELL_7RF 
OR4_E               84     2528.870    PwcV162T125_STD_CELL_7RF 
XNOR2_C            717    18887.501    PwcV162T125_STD_CELL_7RF 
XOR2_B              17      447.821    PwcV162T125_STD_CELL_7RF 
XOR2_C             685    18044.544    PwcV162T125_STD_CELL_7RF 
XOR2_I               7      263.424    PwcV162T125_STD_CELL_7RF 
----------------------------------------------------------------
total            35218  1180241.126                             


                                        
   Type    Instances     Area    Area % 
----------------------------------------
sequential      8654  457973.914   38.8 
inverter        2994   35016.576    3.0 
buffer            17     692.429    0.1 
logic          23553  686558.208   58.2 
----------------------------------------
total          35218 1180241.126  100.0 

