============================================================
  Generated by:           Encounter(R) RTL Compiler RC14.27 - v14.20-s064_1
  Generated on:           May 06 2020  09:19:28 am
  Module:                 shapelet_distance
  Technology libraries:   PwcV162T125_STD_CELL_7RF 
                          physical_cells 
  Operating conditions:   _nominal_ 
  Interconnect mode:      global
  Area mode:              physical library
============================================================

                           Instance                            Cells  Cell Area  Net Area  Total Area 
------------------------------------------------------------------------------------------------------
shapelet_distance                                              35218    1180241    589665     1769906 
  adder_tree                                                    3036      95164     50512      145676 
    AdderGen[1].ADDER_i_postnorm_addsub                          513      14522      7735       22257 
    AdderGen[0].ADDER_i_postnorm_addsub                          513      14522      7735       22257 
    AdderGen[1].ADDER_i_prenorm_addsub                           414      12960      6057       19018 
    AdderGen[0].ADDER_i_prenorm_addsub                           414      12960      6057       19018 
    AdderGen[1].ADDER_i_addsub                                   296       9178      3492       12670 
      SUB_UNS_OP_Y_add_114_27                                    108       3774      1033        4807 
    AdderGen[0].ADDER_i_addsub                                   296       9178      3492       12670 
      SUB_UNS_OP_Y_add_114_27                                    108       3774      1033        4807 
    inc_add_184_54_25                                             77       1460       575        2036 
    inc_add_184_51_24                                             77       1449       580        2029 
  sqrt_i_sqrt                                                   1530      49177     23878       73056 
    csa_tree_ADD_UNS_OP_563_groupi                               132       8211      1520        9731 
    csa_tree_eq_201_32_groupi                                    219       4328      2123        6451 
    addinc_ADD_UNS_OP_2_38                                        27       2311       251        2562 
    gt_163_14                                                     85       1599       943        2542 
    gt_184_15                                                     84       1558       933        2491 
  PROCESSING_UNITS[0].mul_i_post_norm_mul                       1222      35671     19946       55617 
    inc_ADD_UNS_OP2482_62                                         61       1155       456        1611 
  PROCESSING_UNITS[3].mul_i_post_norm_mul                       1222      35671     19946       55617 
    inc_ADD_UNS_OP2482_62                                         61       1155       456        1611 
  PROCESSING_UNITS[2].mul_i_post_norm_mul                       1222      35671     19946       55617 
    inc_ADD_UNS_OP2482_62                                         61       1155       456        1611 
  PROCESSING_UNITS[1].mul_i_post_norm_mul                       1222      35671     19946       55617 
    inc_ADD_UNS_OP2482_62                                         61       1155       456        1611 
  PROCESSING_UNITS[3].div_i_post_norm_div                        628      22451      9236       31687 
    inc_ADD_UNS_OP698_34                                          60       1136       446        1582 
  PROCESSING_UNITS[2].div_i_post_norm_div                        628      22451      9236       31687 
    inc_ADD_UNS_OP698_34                                          60       1136       446        1582 
  PROCESSING_UNITS[1].div_i_post_norm_div                        628      22451      9236       31687 
    inc_ADD_UNS_OP698_34                                          60       1136       446        1582 
  PROCESSING_UNITS[0].div_i_post_norm_div                        628      22451      9236       31687 
    inc_ADD_UNS_OP698_34                                          60       1136       446        1582 
  PROCESSING_UNITS[3].div_i_serial_div                           520      16754      7159       23913 
    sub_154_17                                                    78       2762       733        3495 
  PROCESSING_UNITS[2].div_i_serial_div                           520      16754      7159       23913 
    sub_154_17                                                    78       2762       733        3495 
  PROCESSING_UNITS[1].div_i_serial_div                           520      16754      7159       23913 
    sub_154_17                                                    78       2762       733        3495 
  PROCESSING_UNITS[0].div_i_serial_div                           520      16754      7159       23913 
    sub_154_17                                                    78       2762       733        3495 
  PROCESSING_UNITS[3].addsub_i_postnorm_addsub                   512      14470      7688       22157 
  PROCESSING_UNITS[2].addsub_i_postnorm_addsub                   512      14470      7688       22157 
  PROCESSING_UNITS[1].addsub_i_postnorm_addsub                   512      14470      7688       22157 
  PROCESSING_UNITS[0].addsub_i_postnorm_addsub                   512      14470      7688       22157 
  PROCESSING_UNITS[3].addsub_i_prenorm_addsub                    414      12960      6057       19018 
  PROCESSING_UNITS[2].addsub_i_prenorm_addsub                    414      12960      6057       19018 
  PROCESSING_UNITS[1].addsub_i_prenorm_addsub                    414      12960      6057       19018 
  PROCESSING_UNITS[0].addsub_i_prenorm_addsub                    414      12960      6057       19018 
  PROCESSING_UNITS[3].div_i_pre_norm_div                         425      11357      5875       17232 
    csa_tree_add_118_77_groupi                                    45       1987       530        2517 
  PROCESSING_UNITS[2].div_i_pre_norm_div                         425      11357      5875       17232 
    csa_tree_add_118_77_groupi                                    45       1987       530        2517 
  PROCESSING_UNITS[1].div_i_pre_norm_div                         425      11357      5875       17232 
    csa_tree_add_118_77_groupi                                    45       1987       530        2517 
  PROCESSING_UNITS[0].div_i_pre_norm_div                         407      11165      5616       16782 
    csa_tree_add_118_77_groupi                                    45       1987       530        2517 
  PROCESSING_UNITS[3].addsub_i_addsub                            297       9130      3511       12640 
    SUB_UNS_OP_Y_add_114_27                                      108       3774      1033        4807 
  PROCESSING_UNITS[2].addsub_i_addsub                            297       9130      3511       12640 
    SUB_UNS_OP_Y_add_114_27                                      108       3774      1033        4807 
  PROCESSING_UNITS[1].addsub_i_addsub                            297       9130      3511       12640 
    SUB_UNS_OP_Y_add_114_27                                      108       3774      1033        4807 
  PROCESSING_UNITS[0].addsub_i_addsub                            297       9130      3511       12640 
    SUB_UNS_OP_Y_add_114_27                                      108       3774      1033        4807 
  sqrt_i_post_norm_sqrt                                          227       8332      2296       10628 
    inc_ADD_UNS_OP_29                                             56       1061       417        1479 
  sqrt_i_pre_norm_sqrt                                           214       5035      2965        8000 
  PROCESSING_UNITS[3].mul_i_mul_24_csa_tree_add_223_57_groupi     77       4839       901        5741 
  PROCESSING_UNITS[2].mul_i_mul_24_csa_tree_add_223_57_groupi     77       4839       901        5741 
  PROCESSING_UNITS[1].mul_i_mul_24_csa_tree_add_223_57_groupi     77       4839       901        5741 
  PROCESSING_UNITS[0].mul_i_mul_24_csa_tree_add_223_57_groupi     77       4839       901        5741 
  PROCESSING_UNITS[3].mul_i_mul_24_mul_197_52                     83       3112       978        4090 
  PROCESSING_UNITS[3].mul_i_mul_24_mul_196_46                     83       3112       978        4090 
  PROCESSING_UNITS[3].mul_i_mul_24_mul_195_46                     83       3112       978        4090 
  PROCESSING_UNITS[3].mul_i_mul_24_mul_194_38                     83       3112       978        4090 
  PROCESSING_UNITS[2].mul_i_mul_24_mul_197_52                     83       3112       978        4090 
  PROCESSING_UNITS[2].mul_i_mul_24_mul_196_46                     83       3112       978        4090 
  PROCESSING_UNITS[2].mul_i_mul_24_mul_195_46                     83       3112       978        4090 
  PROCESSING_UNITS[2].mul_i_mul_24_mul_194_38                     83       3112       978        4090 
  PROCESSING_UNITS[1].mul_i_mul_24_mul_197_52                     83       3112       978        4090 
  PROCESSING_UNITS[1].mul_i_mul_24_mul_196_46                     83       3112       978        4090 
  PROCESSING_UNITS[1].mul_i_mul_24_mul_195_46                     83       3112       978        4090 
  PROCESSING_UNITS[1].mul_i_mul_24_mul_194_38                     83       3112       978        4090 
  PROCESSING_UNITS[0].mul_i_mul_24_mul_197_52                     83       3112       978        4090 
  PROCESSING_UNITS[0].mul_i_mul_24_mul_196_46                     83       3112       978        4090 
  PROCESSING_UNITS[0].mul_i_mul_24_mul_195_46                     83       3112       978        4090 
  PROCESSING_UNITS[0].mul_i_mul_24_mul_194_38                     83       3112       978        4090 
  PROCESSING_UNITS[3].mul_i_mul_24_csa_tree_add_208_77_groupi     38       2390       439        2828 
  PROCESSING_UNITS[2].mul_i_mul_24_csa_tree_add_208_77_groupi     38       2390       439        2828 
  PROCESSING_UNITS[1].mul_i_mul_24_csa_tree_add_208_77_groupi     38       2390       439        2828 
  PROCESSING_UNITS[0].mul_i_mul_24_csa_tree_add_208_77_groupi     38       2390       439        2828 
