============================================================
  Generated by:           Encounter(R) RTL Compiler RC14.27 - v14.20-s064_1
  Generated on:           May 06 2020  11:43:22 am
  Module:                 shapelet_distance
  Technology libraries:   PwcV162T125_STD_CELL_7RF 
                          physical_cells 
  Operating conditions:   _nominal_ 
  Interconnect mode:      global
  Area mode:              physical library
============================================================

           Pin                 Type       Fanout  Load  Slew Delay Arrival   
                                                  (fF)  (ps)  (ps)   (ps)    
-----------------------------------------------------------------------------
(clock clk)                  launch                                      0 R 
                             latency                          +350     350 R 
reg_block_sel_s_reg[1]/CLK                                 0           350 R 
reg_block_sel_s_reg[1]/Q     DFF_E             2   41.2  288  +404     754 R 
g211215/A                                                       +0     754   
g211215/Z                    INVERT_I          5  289.1  440  +295    1048 F 
g210920/B                                                       +0    1048   
g210920/Z                    AND2_I            4   86.3  179  +299    1347 F 
g210006/B                                                       +0    1347   
g210006/Z                    AND2_K            2   84.7  116  +224    1571 F 
g209868/A                                                       +0    1571   
g209868/Z                    INVERT_L          2  242.3  263  +169    1740 R 
g209867/A                                                       +0    1740   
g209867/Z                    INVERT_U        182 2291.3  429  +285    2025 F 
g206816/A1                                                      +0    2025   
g206816/Z                    AO2222_D          4   51.6  385  +343    2368 F 
g214330/A1                                                      +0    2368   
g214330/Z                    AO222_E           6   85.0  420  +420    2788 F 
PROCESSING_UNITS[0].addsub/opa_i[24] 
  i_prenorm_addsub/opa_i[24] 
    g13597/A                                                    +0    2788   
    g13597/Z                 INVERT_F          1   21.8  192  +157    2946 R 
    g13589/A                                                    +0    2946   
    g13589/Z                 NAND2_F           1   19.2  115   +78    3024 F 
    g13583/A                                                    +0    3024   
    g13583/Z                 NAND3_E           1   18.3  226  +112    3136 R 
    g13578/B2                                                   +0    3136   
    g13578/Z                 AO222_E           1   18.4  178  +201    3337 R 
    g13574/B1                                                   +0    3337   
    g13574/Z                 AO222_E           1   21.8  197  +208    3545 R 
    g13573/A                                                    +0    3545   
    g13573/Z                 NAND2_F           2   31.6  146  +100    3645 F 
    g13572/A                                                    +0    3645   
    g13572/Z                 NAND3_E           1   21.8  268  +128    3772 R 
    g13570/A                                                    +0    3772   
    g13570/Z                 NAND2_F           1   39.6  179  +121    3893 F 
    g13569/B                                                    +0    3893   
    g13569/Z                 NAND2_J          17  343.1  494  +296    4189 R 
    g13563/A                                                    +0    4189   
    g13563/Z                 INVERT_N         23  385.0  278  +195    4383 F 
    g13497/A1                                                   +0    4383   
    g13497/Z                 AOI22_C           5   66.7  549  +316    4699 R 
    g13461/A                                                    +0    4699   
    g13461/Z                 NAND3_E           2   34.8  314  +192    4891 F 
    g13450/A                                                    +0    4891   
    g13450/Z                 NOR3_D            5   69.3  556  +315    5206 R 
    g13448/A                                                    +0    5206   
    g13448/Z                 NAND3_E           2   34.1  312  +191    5397 F 
    g13442/A                                                    +0    5397   
    g13442/Z                 NOR3_D            3   48.4  438  +255    5652 R 
    g13441/A                                                    +0    5652   
    g13441/Z                 INVERT_F          2   26.3  141   +73    5725 F 
    g13436/A                                                    +0    5725   
    g13436/Z                 NOR3_B            3   43.4  912  +462    6187 R 
    g13432/A                                                    +0    6187   
    g13432/Z                 AND3_I            4   61.3  200  +336    6523 R 
    g13431/A                                                    +0    6523   
    g13431/Z                 INVERT_F          4   56.1  136   +99    6622 F 
    g13418/A                                                    +0    6622   
    g13418/Z                 NOR2_E            2   34.5  240  +149    6771 R 
    g13414/A                                                    +0    6771   
    g13414/Z                 AND3_I            2   33.9  138  +228    6999 R 
    g13387/A                                                    +0    6999   
    g13387/Z                 NAND2_F           3   52.3  267  +121    7120 F 
    g13384/A                                                    +0    7120   
    g13384/Z                 INVERT_H          2   31.8  165  +129    7249 R 
    g13383/A                                                    +0    7249   
    g13383/Z                 NAND3_E           3   37.8  339  +147    7396 F 
    g13362/A                                                    +0    7396   
    g13362/Z                 NOR3_B            2   38.2  835  +464    7860 R 
    g13361/A                                                    +0    7860   
    g13361/Z                 INVERTBAL_H       4   50.7  293  +182    8042 F 
    g13344/A1                                                   +0    8042   
    g13344/Z                 OA2222_F          1   16.6  146  +271    8313 F 
    g13336/A2                                                   +0    8313   
    g13336/Z                 AOI22_C           2   32.2  343  +183    8496 R 
    g13332/A1                                                   +0    8496   
    g13332/Z                 AOI21_C           2   24.8  333  +216    8712 F 
    g13318/A                                                    +0    8712   
    g13318/Z                 NOR3_B            1   16.1  460  +273    8985 R 
    g13304/A1                                                   +0    8985   
    g13304/Z                 OAI21_C           1   17.0  247  +168    9152 F 
    g13301/B                                                    +0    9152   
    g13301/Z                 OAI21_C           1   17.3  325  +186    9338 R 
    g13300/B                                                    +0    9338   
    g13300/Z                 OAI21_C           1   15.8  304  +131    9470 F 
    g13280/A1                                                   +0    9470   
    g13280/Z                 AOI21_C           1   20.5  384  +206    9676 R 
    g13215/A                                                    +0    9676   
    g13215/Z                 NOR2_E            2   23.9  227  +145    9821 F 
    g13204/A                                                    +0    9821   
    g13204/Z                 NOR2_C            1   13.6  248  +162    9984 R 
    fractb_28_o_reg[0]/D     DFF_E                              +0    9984   
    fractb_28_o_reg[0]/CLK   setup                         0  +114   10098 R 
- - - - - - - - - - - - - - - - - - - - - - - - - - - - - - - - - - - - - - -
(clock clk)                  capture                                 10000 R 
                             latency                          +350   10350 R 
                             uncertainty                      -250   10100 R 
-----------------------------------------------------------------------------
Cost Group   : 'clk' (path_group 'clk')
Timing slack :       2ps 
Start-point  : reg_block_sel_s_reg[1]/CLK
End-point    : PROCESSING_UNITS[0].addsub/i_prenorm_addsub/fractb_28_o_reg[0]/D
