============================================================
  Generated by:           Encounter(R) RTL Compiler RC14.27 - v14.20-s064_1
  Generated on:           May 06 2020  11:43:26 am
  Module:                 shapelet_distance
  Technology libraries:   PwcV162T125_STD_CELL_7RF 
                          physical_cells 
  Operating conditions:   _nominal_ 
  Interconnect mode:      global
  Area mode:              physical library
============================================================

                                         Leakage     Dynamic        Total     
            Instance             Cells  Power(nW)   Power(nW)     Power(nW)   
------------------------------------------------------------------------------
shapelet_distance               118470 555757.482 779481420.906 780037178.388 
  adder_tree                     12141  52091.434  93564674.427  93616765.862 
    AdderGen[0].ADDER             1352   5684.498  11202241.432  11207925.930 
      i_postnorm_addsub            530   2046.226   4128186.908   4130233.134 
      i_prenorm_addsub             426   1728.882   3530446.761   3532175.643 
      i_addsub_S.._Y_add_114_27    176    776.545   1627236.878   1628013.423 
    AdderGen[1].ADDER             1352   5684.498  10734887.930  10740572.428 
      i_postnorm_addsub            530   2046.226   4110436.911   4112483.137 
      i_prenorm_addsub             426   1728.882   3419542.461   3421271.343 
      i_addsub_S.._Y_add_114_27    176    776.545   1508191.991   1508968.536 
    AdderGen[4].ADDER             1352   5684.498  10593587.663  10599272.161 
      i_postnorm_addsub            530   2046.226   3942001.292   3944047.518 
      i_prenorm_addsub             426   1728.882   3393606.087   3395334.969 
      i_addsub_S.._Y_add_114_27    176    776.545   1495489.018   1496265.563 
    AdderGen[6].ADDER             1352   5684.498  10793588.885  10799273.383 
      i_postnorm_addsub            530   2046.226   4259851.968   4261898.193 
      i_prenorm_addsub             426   1728.882   3379988.659   3381717.541 
      i_addsub_S.._Y_add_114_27    176    776.545   1492266.743   1493043.288 
    AdderGen[2].ADDER             1352   5684.498  10809044.485  10814728.982 
      i_postnorm_addsub            530   2046.226   4308741.481   4310787.706 
      i_prenorm_addsub             426   1728.882   3385234.794   3386963.675 
      i_addsub_S.._Y_add_114_27    176    776.545   1380257.318   1381033.863 
    AdderGen[3].ADDER             1352   5684.498  11669270.747  11674955.245 
      i_postnorm_addsub            530   2046.226   4654884.341   4656930.567 
      i_prenorm_addsub             426   1728.882   3570435.030   3572163.912 
      i_addsub_S.._Y_add_114_27    176    776.545   1568691.027   1569467.572 
    AdderGen[5].ADDER             1352   5684.498  10622086.126  10627770.624 
      i_postnorm_addsub            530   2046.226   4041789.335   4043835.560 
      i_prenorm_addsub             426   1728.882   3477194.007   3478922.889 
      i_addsub_S.._Y_add_114_27    176    776.545   1435335.118   1436111.662 
    AdderGen[7].ADDER             1352   5684.498  10687478.195  10693162.692 
      i_postnorm_addsub            530   2046.226   4476310.640   4478356.866 
      i_prenorm_addsub             426   1728.882   3191589.029   3193317.911 
      i_addsub_S.._Y_add_114_27    176    776.545   1403282.254   1404058.799 
    inc_add_184_51_24               79    337.644    192665.886    193003.530 
    inc_add_184_54_25               78    309.385    151699.871    152009.255 
  sqrt_i_sqrt                     1950   8326.493   5608397.336   5616723.829 
    csa_tree_A..OP_563_groupi      428   1775.549    385831.419    387606.967 
    csa_tree_eq_201_32_groupi      220    879.371   1397215.603   1398094.973 
    addinc_ADD_UNS_OP_2_38          66    413.344     71113.021     71526.365 
    gt_163_14                      115    305.769    192615.261    192921.030 
    gt_184_15                       93    245.442    436086.644    436332.086 
  PROCESSING..ITS[0].addsub       1398   5919.517  10191191.711  10197111.228 
    i_postnorm_addsub              530   1933.379   4486240.122   4488173.501 
    i_prenorm_addsub               443   1782.597   2859645.196   2861427.793 
    i_addsub_S.._Y_add_114_27      193    969.141   1223237.192   1224206.333 
  PROCESSING..TS[15].addsub       1382   5896.992   9818924.005   9824820.997 
    i_postnorm_addsub              528   1925.805   4244550.876   4246476.681 
    i_prenorm_addsub               431   1777.309   2721398.467   2723175.776 
    i_addsub_S.._Y_add_114_27      193    969.141   1193944.956   1194914.097 
  PROCESSING..TS[11].addsub       1382   5896.992   9328510.939   9334407.931 
    i_postnorm_addsub              528   1925.805   3939763.973   3941689.778 
    i_prenorm_addsub               431   1777.309   2732561.796   2734339.104 
    i_addsub_S.._Y_add_114_27      193    969.141   1142551.052   1143520.193 
  PROCESSING..ITS[2].addsub       1382   5896.992  10065107.153  10071004.145 
    i_postnorm_addsub              528   1925.805   4224842.133   4226767.938 
    i_prenorm_addsub               431   1777.309   2791726.675   2793503.984 
    i_addsub_S.._Y_add_114_27      193    969.141   1321611.071   1322580.212 
  PROCESSING..TS[12].addsub       1382   5887.434  10255106.497  10260993.931 
    i_postnorm_addsub              528   1925.805   4201692.847   4203618.651 
    i_prenorm_addsub               431   1777.309   2977477.761   2979255.070 
    i_addsub_S.._Y_add_114_27      193    969.141   1272220.505   1273189.647 
  PROCESSING..ITS[1].addsub       1383   5887.434   9496560.350   9502447.783 
    i_postnorm_addsub              528   1925.805   4023315.934   4025241.739 
    i_prenorm_addsub               431   1777.309   2784338.186   2786115.495 
    i_addsub_S.._Y_add_114_27      193    969.141   1093824.503   1094793.644 
  PROCESSING..ITS[5].addsub       1383   5887.434  10288012.976  10293900.410 
    i_postnorm_addsub              528   1925.805   4285695.408   4287621.213 
    i_prenorm_addsub               431   1777.309   2972179.944   2973957.253 
    i_addsub_S.._Y_add_114_27      193    969.141   1238974.270   1239943.411 
  PROCESSING..ITS[7].addsub       1383   5887.434   9961789.624   9967677.058 
    i_postnorm_addsub              528   1925.805   4155351.353   4157277.158 
    i_prenorm_addsub               431   1777.309   2914987.716   2916765.024 
    i_addsub_S.._Y_add_114_27      193    969.141   1253629.012   1254598.153 
  PROCESSING..TS[14].addsub       1383   5887.434   9295601.231   9301488.664 
    i_postnorm_addsub              528   1925.805   3711036.084   3712961.889 
    i_prenorm_addsub               431   1777.309   2820532.676   2822309.984 
    i_addsub_S.._Y_add_114_27      193    969.141   1208343.390   1209312.531 
  PROCESSING..ITS[3].addsub       1383   5887.434   9880733.712   9886621.145 
    i_postnorm_addsub              528   1925.805   4024654.347   4026580.152 
    i_prenorm_addsub               431   1777.309   2929513.228   2931290.537 
    i_addsub_S.._Y_add_114_27      193    969.141   1277341.934   1278311.075 
  PROCESSING..ITS[8].addsub       1383   5887.434  10024553.336  10030440.769 
    i_postnorm_addsub              528   1925.805   4169873.502   4171799.307 
    i_prenorm_addsub               431   1777.309   2923715.522   2925492.831 
    i_addsub_S.._Y_add_114_27      193    969.141   1277241.136   1278210.277 
  PROCESSING..ITS[9].addsub       1383   5887.434  10472646.203  10478533.637 
    i_postnorm_addsub              528   1925.805   4301546.912   4303472.717 
    i_prenorm_addsub               431   1777.309   3045593.171   3047370.480 
    i_addsub_S.._Y_add_114_27      193    969.141   1375268.874   1376238.015 
  PROCESSING..ITS[4].addsub       1383   5887.434   9725973.642   9731861.076 
    i_postnorm_addsub              528   1925.805   4003897.203   4005823.008 
    i_prenorm_addsub               431   1777.309   2873677.874   2875455.183 
    i_addsub_S.._Y_add_114_27      193    969.141   1227903.591   1228872.732 
  PROCESSING..ITS[6].addsub       1383   5887.434  10036769.578  10042657.012 
    i_postnorm_addsub              528   1925.805   4322364.147   4324289.952 
    i_prenorm_addsub               431   1777.309   2814920.685   2816697.993 
    i_addsub_S.._Y_add_114_27      193    969.141   1182750.371   1183719.513 
  PROCESSING..TS[10].addsub       1383   5886.294   9676564.142   9682450.436 
    i_postnorm_addsub              528   1925.805   4187895.976   4189821.781 
    i_prenorm_addsub               431   1777.309   2847736.289   2849513.598 
    i_addsub_S.._Y_add_114_27      193    969.141   1132036.239   1133005.380 
  PROCESSING..TS[13].addsub       1383   5886.294   9939100.401   9944986.695 
    i_postnorm_addsub              528   1925.805   4159190.886   4161116.691 
    i_prenorm_addsub               431   1777.309   2907420.479   2909197.788 
    i_addsub_S.._Y_add_114_27      193    969.141   1215915.255   1216884.396 
  PROCESSING..post_norm_mul       1227   5289.119   9261429.202   9266718.322 
    inc_ADD_UNS_OP2482_66           61    245.212    264577.069    264822.282 
  PROCESSING..post_norm_mul       1227   5286.673   9363934.044   9369220.718 
    inc_ADD_UNS_OP2482_66           61    245.212    267827.133    268072.345 
  PROCESSING..post_norm_mul       1227   5286.673   8763805.333   8769092.006 
    inc_ADD_UNS_OP2482_66           61    245.212    277077.139    277322.351 
  PROCESSING..post_norm_mul       1227   5286.673   9398922.453   9404209.127 
    inc_ADD_UNS_OP2482_66           61    245.212    284896.687    285141.900 
  PROCESSING..post_norm_mul       1227   5286.673   8659952.575   8665239.248 
    inc_ADD_UNS_OP2482_66           61    245.212    247301.774    247546.987 
  PROCESSING..post_norm_mul       1227   5286.673   8854592.581   8859879.255 
    inc_ADD_UNS_OP2482_66           61    245.212    273719.163    273964.375 
  PROCESSING..post_norm_mul       1227   5286.673   9386152.460   9391439.133 
    inc_ADD_UNS_OP2482_66           61    245.212    305255.331    305500.543 
  PROCESSING..post_norm_mul       1227   5286.673   9303202.291   9308488.965 
    inc_ADD_UNS_OP2482_66           61    245.212    265683.078    265928.291 
  PROCESSING..post_norm_mul       1227   5286.673   8594770.739   8600057.412 
    inc_ADD_UNS_OP2482_66           61    245.212    265369.949    265615.161 
  PROCESSING..post_norm_mul       1227   5286.673   8822710.145   8827996.818 
    inc_ADD_UNS_OP2482_66           61    245.212    279578.941    279824.153 
  PROCESSING..post_norm_mul       1227   5286.673   8710796.217   8716082.891 
    inc_ADD_UNS_OP2482_66           61    245.212    270392.566    270637.778 
  PROCESSING..post_norm_mul       1227   5286.673   8675845.706   8681132.380 
    inc_ADD_UNS_OP2482_66           61    245.212    283190.339    283435.552 
  PROCESSING..post_norm_mul       1227   5286.673   8809848.286   8815134.960 
    inc_ADD_UNS_OP2482_66           61    245.212    270620.009    270865.222 
  PROCESSING..post_norm_mul       1227   5286.673   9108813.350   9114100.024 
    inc_ADD_UNS_OP2482_66           61    245.212    288714.573    288959.786 
  PROCESSING..post_norm_mul       1227   5286.673   9142116.788   9147403.462 
    inc_ADD_UNS_OP2482_66           61    245.212    286704.867    286950.079 
  PROCESSING..post_norm_mul       1227   5286.673   9300236.504   9305523.178 
    inc_ADD_UNS_OP2482_66           61    245.212    291739.424    291984.636 
  PROCESSING..post_norm_div        638   3160.089   2580102.394   2583262.483 
    inc_ADD_UNS_OP698_34            60    241.010    132693.488    132934.498 
  PROCESSING..post_norm_div        638   3160.089   2897145.986   2900306.075 
    inc_ADD_UNS_OP698_34            60    241.010    139453.167    139694.177 
  PROCESSING..post_norm_div        638   3158.895   2661422.546   2664581.440 
    inc_ADD_UNS_OP698_34            60    241.010    140540.958    140781.968 
  PROCESSING..post_norm_div        638   3158.895   2527762.542   2530921.436 
    inc_ADD_UNS_OP698_34            60    241.010     97254.871     97495.881 
  PROCESSING..post_norm_div        638   3158.895   2494369.689   2497528.584 
    inc_ADD_UNS_OP698_34            60    241.010     91067.477     91308.488 
  PROCESSING..post_norm_div        638   3158.895   2710730.067   2713888.962 
    inc_ADD_UNS_OP698_34            60    241.010    142562.506    142803.517 
  PROCESSING..post_norm_div        638   3158.895   2225714.527   2228873.422 
    inc_ADD_UNS_OP698_34            60    241.010     81880.111     82121.121 
  PROCESSING..post_norm_div        638   3158.895   2393240.051   2396398.946 
    inc_ADD_UNS_OP698_34            60    241.010     93414.352     93655.362 
  PROCESSING..post_norm_div        638   3158.895   2900960.731   2904119.626 
    inc_ADD_UNS_OP698_34            60    241.010    141126.018    141367.029 
  PROCESSING..post_norm_div        638   3158.895   2515185.210   2518344.104 
    inc_ADD_UNS_OP698_34            60    241.010    105120.059    105361.070 
  PROCESSING..post_norm_div        638   3158.895   2987631.615   2990790.510 
    inc_ADD_UNS_OP698_34            60    241.010    148892.395    149133.405 
  PROCESSING..post_norm_div        638   3158.895   2979930.287   2983089.182 
    inc_ADD_UNS_OP698_34            60    241.010    150731.167    150972.177 
  PROCESSING..post_norm_div        638   3158.895   2502326.811   2505485.706 
    inc_ADD_UNS_OP698_34            60    241.010     95494.465     95735.476 
  PROCESSING..post_norm_div        638   3158.895   2414032.093   2417190.987 
    inc_ADD_UNS_OP698_34            60    241.010     86621.971     86862.981 
  PROCESSING..post_norm_div        638   3158.895   2961975.104   2965133.999 
    inc_ADD_UNS_OP698_34            60    241.010    148615.604    148856.614 
  PROCESSING..post_norm_div        638   3158.895   2566533.542   2569692.437 
    inc_ADD_UNS_OP698_34            60    241.010    109704.215    109945.225 
  PROCESSING.._i_serial_div        578   2605.763   2503372.989   2505978.752 
    sub_154_17                     139    520.935    778848.645    779369.581 
  PROCESSING.._i_serial_div        578   2605.763   1835326.135   1837931.898 
    sub_154_17                     139    520.935    437277.154    437798.090 
  PROCESSING.._i_serial_div        578   2605.763   2450144.659   2452750.422 
    sub_154_17                     139    520.935    769950.605    770471.541 
  PROCESSING.._i_serial_div        578   2605.763   2472097.852   2474703.615 
    sub_154_17                     139    520.935    776154.466    776675.401 
  PROCESSING.._i_serial_div        578   2605.763   2497337.103   2499942.866 
    sub_154_17                     139    520.935    782172.161    782693.097 
  PROCESSING.._i_serial_div        578   2605.763   2424620.710   2427226.473 
    sub_154_17                     139    520.935    761056.087    761577.022 
  PROCESSING.._i_serial_div        578   2605.763   2476487.684   2479093.447 
    sub_154_17                     139    520.935    779719.676    780240.612 
  PROCESSING.._i_serial_div        578   2605.763   2414047.297   2416653.060 
    sub_154_17                     139    520.935    750787.462    751308.397 
  PROCESSING.._i_serial_div        578   2605.763   2467163.463   2469769.226 
    sub_154_17                     139    520.935    765478.609    765999.544 
  PROCESSING.._i_serial_div        578   2605.763   2483278.547   2485884.310 
    sub_154_17                     139    520.935    774097.550    774618.486 
  PROCESSING.._i_serial_div        578   2605.763   2446978.017   2449583.780 
    sub_154_17                     139    520.935    753008.213    753529.148 
  PROCESSING.._i_serial_div        578   2605.763   2433969.805   2436575.568 
    sub_154_17                     139    520.935    754636.209    755157.144 
  PROCESSING.._i_serial_div        578   2605.763   2419235.018   2421840.781 
    sub_154_17                     139    520.935    747477.805    747998.741 
  PROCESSING.._i_serial_div        578   2605.763   2332644.605   2335250.368 
    sub_154_17                     139    520.935    727154.669    727675.604 
  PROCESSING.._i_serial_div        578   2605.763   2411968.096   2414573.859 
    sub_154_17                     139    520.935    744078.770    744599.706 
  PROCESSING.._i_serial_div        578   2605.763   2402851.264   2405457.027 
    sub_154_17                     139    520.935    735941.089    736462.024 
  PROCESSING.._pre_norm_div        419   1561.931   1012423.756   1013985.687 
    csa_tree_a..118_77_groupi       50    292.227    209175.161    209467.388 
  PROCESSING.._pre_norm_div        427   1557.363   1594970.419   1596527.782 
    csa_tree_a..118_77_groupi       45    281.083    320070.640    320351.724 
  PROCESSING.._pre_norm_div        425   1554.996   1594974.461   1596529.457 
    csa_tree_a..118_77_groupi       45    281.083    331400.161    331681.245 
  PROCESSING.._pre_norm_div        425   1554.996   1569778.414   1571333.410 
    csa_tree_a..118_77_groupi       45    281.083    311359.474    311640.557 
  PROCESSING.._pre_norm_div        423   1553.019   1599934.915   1601487.933 
    csa_tree_a..118_77_groupi       45    281.083    324357.213    324638.296 
  PROCESSING.._pre_norm_div        417   1546.117   1554719.959   1556266.076 
    csa_tree_a..118_77_groupi       45    281.083    318670.524    318951.608 
  PROCESSING.._pre_norm_div        415   1543.750   1550276.585   1551820.335 
    csa_tree_a..118_77_groupi       45    281.083    318908.196    319189.280 
  PROCESSING.._pre_norm_div        412   1540.895   1554583.688   1556124.583 
    csa_tree_a..118_77_groupi       45    281.083    314297.564    314578.647 
  PROCESSING.._pre_norm_div        411   1540.017   1561139.640   1562679.656 
    csa_tree_a..118_77_groupi       45    281.083    323755.380    324036.463 
  PROCESSING.._pre_norm_div        411   1540.017   1540692.448   1542232.464 
    csa_tree_a..118_77_groupi       45    281.083    309038.845    309319.929 
  PROCESSING.._pre_norm_div        411   1540.017   1545213.609   1546753.626 
    csa_tree_a..118_77_groupi       45    281.083    312113.656    312394.739 
  PROCESSING.._pre_norm_div        411   1540.017   1546325.791   1547865.807 
    csa_tree_a..118_77_groupi       45    281.083    322449.237    322730.320 
  PROCESSING.._pre_norm_div        411   1540.017   1574466.450   1576006.466 
    csa_tree_a..118_77_groupi       45    281.083    330285.201    330566.284 
  PROCESSING.._pre_norm_div        411   1540.017   1545529.908   1547069.925 
    csa_tree_a..118_77_groupi       45    281.083    323212.337    323493.420 
  PROCESSING.._pre_norm_div        410   1535.337   1557626.224   1559161.561 
    csa_tree_a..118_77_groupi       45    281.083    320127.205    320408.288 
  PROCESSING.._pre_norm_div        410   1535.337   1550453.423   1551988.759 
    csa_tree_a..118_77_groupi       45    281.083    324214.537    324495.620 
  sqrt_i_post_norm_sqrt            227   1226.085    612503.426    613729.511 
    inc_ADD_UNS_OP_29               56    225.237     87110.643     87335.880 
  PROCESSING..223_57_groupi         84    727.996   1237367.222   1238095.218 
  PROCESSING..223_57_groupi         84    727.996   1223036.424   1223764.419 
  PROCESSING..223_57_groupi         84    727.996   1201646.175   1202374.171 
  PROCESSING..223_57_groupi         84    727.996   1236176.611   1236904.607 
  PROCESSING..223_57_groupi         84    727.996   1212300.439   1213028.435 
  PROCESSING..223_57_groupi         84    727.996   1234034.794   1234762.790 
  PROCESSING..223_57_groupi         84    727.996   1211462.769   1212190.765 
  PROCESSING..223_57_groupi         84    727.996   1212899.882   1213627.878 
  PROCESSING..223_57_groupi         84    727.996   1232828.066   1233556.062 
  PROCESSING..223_57_groupi         84    727.996   1238311.037   1239039.033 
  PROCESSING..223_57_groupi         84    727.996   1224170.700   1224898.696 
  PROCESSING..223_57_groupi         84    727.996   1190096.007   1190824.003 
  PROCESSING..223_57_groupi         84    727.996   1217405.767   1218133.763 
  PROCESSING..223_57_groupi         84    727.996   1206278.453   1207006.449 
  PROCESSING..223_57_groupi         84    727.996   1240915.457   1241643.453 
  PROCESSING..223_57_groupi         84    727.996   1237540.840   1238268.836 
  sqrt_i_pre_norm_sqrt             223    707.841    672893.258    673601.099 
  PROCESSING..24_mul_194_38         83    489.605    398320.021    398809.626 
  PROCESSING..24_mul_195_46         83    489.605    457166.719    457656.324 
  PROCESSING..24_mul_196_46         83    489.605    448811.175    449300.781 
  PROCESSING..24_mul_197_52         83    489.605    363703.048    364192.653 
  PROCESSING..24_mul_194_38         83    489.605    414081.542    414571.147 
  PROCESSING..24_mul_195_46         83    489.605    498212.137    498701.742 
  PROCESSING..24_mul_196_46         83    489.605    494352.682    494842.287 
  PROCESSING..24_mul_197_52         83    489.605    407990.941    408480.546 
  PROCESSING..24_mul_194_38         83    489.605    430943.539    431433.144 
  PROCESSING..24_mul_195_46         83    489.605    489353.530    489843.135 
  PROCESSING..24_mul_196_46         83    489.605    482153.157    482642.762 
  PROCESSING..24_mul_197_52         83    489.605    400088.073    400577.678 
  PROCESSING..24_mul_194_38         83    489.605    439465.878    439955.483 
  PROCESSING..24_mul_195_46         83    489.605    506880.378    507369.983 
  PROCESSING..24_mul_196_46         83    489.605    504770.603    505260.208 
  PROCESSING..24_mul_197_52         83    489.605    431384.979    431874.584 
  PROCESSING..24_mul_194_38         83    489.605    439282.674    439772.280 
  PROCESSING..24_mul_195_46         83    489.605    482480.394    482969.999 
  PROCESSING..24_mul_196_46         83    489.605    477656.396    478146.001 
  PROCESSING..24_mul_197_52         83    489.605    371174.370    371663.975 
  PROCESSING..24_mul_194_38         83    489.605    412138.941    412628.546 
  PROCESSING..24_mul_195_46         83    489.605    460863.711    461353.316 
  PROCESSING..24_mul_196_46         83    489.605    452353.991    452843.596 
  PROCESSING..24_mul_197_52         83    489.605    377610.023    378099.628 
  PROCESSING..24_mul_194_38         83    489.605    431561.980    432051.585 
  PROCESSING..24_mul_195_46         83    489.605    486778.253    487267.858 
  PROCESSING..24_mul_196_46         83    489.605    492440.457    492930.063 
  PROCESSING..24_mul_197_52         83    489.605    386940.105    387429.711 
  PROCESSING..24_mul_194_38         83    489.605    453267.068    453756.674 
  PROCESSING..24_mul_195_46         83    489.605    474604.349    475093.955 
  PROCESSING..24_mul_196_46         83    489.605    456858.863    457348.469 
  PROCESSING..24_mul_197_52         83    489.605    365028.029    365517.634 
  PROCESSING..24_mul_194_38         83    489.605    443139.684    443629.290 
  PROCESSING..24_mul_195_46         83    489.605    528045.421    528535.026 
  PROCESSING..24_mul_196_46         83    489.605    515164.151    515653.756 
  PROCESSING..24_mul_197_52         83    489.605    439487.812    439977.418 
  PROCESSING..24_mul_194_38         83    489.605    433532.023    434021.628 
  PROCESSING..24_mul_195_46         83    489.605    468387.119    468876.724 
  PROCESSING..24_mul_196_46         83    489.605    459518.854    460008.459 
  PROCESSING..24_mul_197_52         83    489.605    353364.144    353853.750 
  PROCESSING..24_mul_194_38         83    489.605    410359.783    410849.388 
  PROCESSING..24_mul_195_46         83    489.605    491445.555    491935.161 
  PROCESSING..24_mul_196_46         83    489.605    486665.768    487155.373 
  PROCESSING..24_mul_197_52         83    489.605    409635.852    410125.457 
  PROCESSING..24_mul_194_38         83    489.605    430043.811    430533.416 
  PROCESSING..24_mul_196_46         83    489.605    491462.387    491951.992 
  PROCESSING..24_mul_197_52         83    489.605    391743.735    392233.340 
  PROCESSING..24_mul_194_38         83    489.605    457869.145    458358.750 
  PROCESSING..24_mul_195_46         83    489.605    494313.722    494803.327 
  PROCESSING..24_mul_196_46         83    489.605    481262.961    481752.566 
  PROCESSING..24_mul_197_52         83    489.605    371998.405    372488.011 
  PROCESSING..24_mul_194_38         83    489.605    427586.054    428075.659 
  PROCESSING..24_mul_195_46         83    489.605    475153.201    475642.806 
  PROCESSING..24_mul_196_46         83    489.605    475550.925    476040.530 
  PROCESSING..24_mul_197_52         83    489.605    383783.196    384272.801 
  PROCESSING..24_mul_194_38         83    489.605    433558.007    434047.613 
  PROCESSING..24_mul_195_46         83    489.605    453314.401    453804.006 
  PROCESSING..24_mul_196_46         83    489.605    445861.282    446350.887 
  PROCESSING..24_mul_197_52         83    489.605    353128.888    353618.493 
  PROCESSING..24_mul_194_38         83    489.605    465455.142    465944.747 
  PROCESSING..24_mul_195_46         83    489.605    525998.925    526488.530 
  PROCESSING..24_mul_196_46         83    489.605    509151.933    509641.539 
  PROCESSING..24_mul_197_52         83    489.605    406084.713    406574.318 
  PROCESSING..24_mul_195_46         83    489.605    494995.145    495484.750 
  PROCESSING..208_77_groupi         40    360.026    719026.923    719386.949 
  PROCESSING..208_77_groupi         40    360.026    692540.840    692900.867 
  PROCESSING..208_77_groupi         40    360.026    695851.768    696211.794 
  PROCESSING..208_77_groupi         40    360.026    691542.441    691902.468 
  PROCESSING..208_77_groupi         40    360.026    708211.560    708571.587 
  PROCESSING..208_77_groupi         40    360.026    726945.119    727305.145 
  PROCESSING..208_77_groupi         40    360.026    721188.835    721548.861 
  PROCESSING..208_77_groupi         40    360.026    697136.150    697496.177 
  PROCESSING..208_77_groupi         40    360.026    702196.471    702556.498 
  PROCESSING..208_77_groupi         40    359.393    702588.487    702947.880 
  PROCESSING..208_77_groupi         40    359.393    691819.725    692179.118 
  PROCESSING..208_77_groupi         40    359.393    703750.974    704110.367 
  PROCESSING..208_77_groupi         40    359.393    676497.187    676856.580 
  PROCESSING..208_77_groupi         40    359.393    700362.409    700721.802 
  PROCESSING..208_77_groupi         40    359.393    696162.969    696522.362 
  PROCESSING..208_77_groupi         40    359.393    699110.073    699469.466 

