============================================================
  Generated by:           Encounter(R) RTL Compiler RC14.27 - v14.20-s064_1
  Generated on:           May 06 2020  11:43:22 am
  Module:                 shapelet_distance
  Technology libraries:   PwcV162T125_STD_CELL_7RF 
                          physical_cells 
  Operating conditions:   _nominal_ 
  Interconnect mode:      global
  Area mode:              physical library
============================================================

                           Instance                             Cells  Cell Area  Net Area  Total Area 
-------------------------------------------------------------------------------------------------------
shapelet_distance                                              118470    3859545   1955951     5815497 
  adder_tree                                                    12141     365806    202562      568368 
    AdderGen[7].ADDER                                            1352      38968     21420       60387 
      i_postnorm_addsub                                           530      14725      7847       22572 
      i_prenorm_addsub                                            426      13013      6244       19257 
      i_addsub_SUB_UNS_OP_Y_add_114_27                            176       4034      2009        6043 
    AdderGen[6].ADDER                                            1352      38968     21420       60387 
      i_postnorm_addsub                                           530      14725      7847       22572 
      i_prenorm_addsub                                            426      13013      6244       19257 
      i_addsub_SUB_UNS_OP_Y_add_114_27                            176       4034      2009        6043 
    AdderGen[5].ADDER                                            1352      38968     21420       60387 
      i_postnorm_addsub                                           530      14725      7847       22572 
      i_prenorm_addsub                                            426      13013      6244       19257 
      i_addsub_SUB_UNS_OP_Y_add_114_27                            176       4034      2009        6043 
    AdderGen[4].ADDER                                            1352      38968     21420       60387 
      i_postnorm_addsub                                           530      14725      7847       22572 
      i_prenorm_addsub                                            426      13013      6244       19257 
      i_addsub_SUB_UNS_OP_Y_add_114_27                            176       4034      2009        6043 
    AdderGen[3].ADDER                                            1352      38968     21420       60387 
      i_postnorm_addsub                                           530      14725      7847       22572 
      i_prenorm_addsub                                            426      13013      6244       19257 
      i_addsub_SUB_UNS_OP_Y_add_114_27                            176       4034      2009        6043 
    AdderGen[2].ADDER                                            1352      38968     21420       60387 
      i_postnorm_addsub                                           530      14725      7847       22572 
      i_prenorm_addsub                                            426      13013      6244       19257 
      i_addsub_SUB_UNS_OP_Y_add_114_27                            176       4034      2009        6043 
    AdderGen[1].ADDER                                            1352      38968     21420       60387 
      i_postnorm_addsub                                           530      14725      7847       22572 
      i_prenorm_addsub                                            426      13013      6244       19257 
      i_addsub_SUB_UNS_OP_Y_add_114_27                            176       4034      2009        6043 
    AdderGen[0].ADDER                                            1352      38968     21420       60387 
      i_postnorm_addsub                                           530      14725      7847       22572 
      i_prenorm_addsub                                            426      13013      6244       19257 
      i_addsub_SUB_UNS_OP_Y_add_114_27                            176       4034      2009        6043 
    inc_add_184_51_24                                              79       1614       600        2214 
    inc_add_184_54_25                                              78       1471       585        2057 
  sqrt_i_sqrt                                                    1950      53050     29628       82678 
    csa_tree_ADD_UNS_OP_563_groupi                                428      10432      5419       15851 
    csa_tree_eq_201_32_groupi                                     220       4350      2133        6483 
    gt_163_14                                                     115       2183      1317        3499 
    addinc_ADD_UNS_OP_2_38                                         66       2585       687        3272 
    gt_184_15                                                      93       1923      1071        2994 
  PROCESSING_UNITS[0].addsub                                     1398      40101     22154       62255 
    i_postnorm_addsub                                             530      14564      7899       22463 
    i_prenorm_addsub                                              443      13352      6526       19877 
    i_addsub_SUB_UNS_OP_Y_add_114_27                              193       4527      2162        6689 
  PROCESSING_UNITS[2].addsub                                     1382      40044     21962       62006 
    i_postnorm_addsub                                             528      14515      7875       22390 
    i_prenorm_addsub                                              431      13363      6377       19740 
    i_addsub_SUB_UNS_OP_Y_add_114_27                              193       4527      2162        6689 
  PROCESSING_UNITS[15].addsub                                    1382      40044     21962       62006 
    i_postnorm_addsub                                             528      14515      7875       22390 
    i_prenorm_addsub                                              431      13363      6377       19740 
    i_addsub_SUB_UNS_OP_Y_add_114_27                              193       4527      2162        6689 
  PROCESSING_UNITS[11].addsub                                    1382      40044     21962       62006 
    i_postnorm_addsub                                             528      14515      7875       22390 
    i_prenorm_addsub                                              431      13363      6377       19740 
    i_addsub_SUB_UNS_OP_Y_add_114_27                              193       4527      2162        6689 
  PROCESSING_UNITS[9].addsub                                     1383      40010     21972       61982 
    i_postnorm_addsub                                             528      14515      7875       22390 
    i_prenorm_addsub                                              431      13363      6377       19740 
    i_addsub_SUB_UNS_OP_Y_add_114_27                              193       4527      2162        6689 
  PROCESSING_UNITS[8].addsub                                     1383      40010     21972       61982 
    i_postnorm_addsub                                             528      14515      7875       22390 
    i_prenorm_addsub                                              431      13363      6377       19740 
    i_addsub_SUB_UNS_OP_Y_add_114_27                              193       4527      2162        6689 
  PROCESSING_UNITS[7].addsub                                     1383      40010     21972       61982 
    i_postnorm_addsub                                             528      14515      7875       22390 
    i_prenorm_addsub                                              431      13363      6377       19740 
    i_addsub_SUB_UNS_OP_Y_add_114_27                              193       4527      2162        6689 
  PROCESSING_UNITS[6].addsub                                     1383      40010     21972       61982 
    i_postnorm_addsub                                             528      14515      7875       22390 
    i_prenorm_addsub                                              431      13363      6377       19740 
    i_addsub_SUB_UNS_OP_Y_add_114_27                              193       4527      2162        6689 
  PROCESSING_UNITS[5].addsub                                     1383      40010     21972       61982 
    i_postnorm_addsub                                             528      14515      7875       22390 
    i_prenorm_addsub                                              431      13363      6377       19740 
    i_addsub_SUB_UNS_OP_Y_add_114_27                              193       4527      2162        6689 
  PROCESSING_UNITS[4].addsub                                     1383      40010     21972       61982 
    i_postnorm_addsub                                             528      14515      7875       22390 
    i_prenorm_addsub                                              431      13363      6377       19740 
    i_addsub_SUB_UNS_OP_Y_add_114_27                              193       4527      2162        6689 
  PROCESSING_UNITS[3].addsub                                     1383      40010     21972       61982 
    i_postnorm_addsub                                             528      14515      7875       22390 
    i_prenorm_addsub                                              431      13363      6377       19740 
    i_addsub_SUB_UNS_OP_Y_add_114_27                              193       4527      2162        6689 
  PROCESSING_UNITS[1].addsub                                     1383      40010     21972       61982 
    i_postnorm_addsub                                             528      14515      7875       22390 
    i_prenorm_addsub                                              431      13363      6377       19740 
    i_addsub_SUB_UNS_OP_Y_add_114_27                              193       4527      2162        6689 
  PROCESSING_UNITS[14].addsub                                    1383      40010     21972       61982 
    i_postnorm_addsub                                             528      14515      7875       22390 
    i_prenorm_addsub                                              431      13363      6377       19740 
    i_addsub_SUB_UNS_OP_Y_add_114_27                              193       4527      2162        6689 
  PROCESSING_UNITS[13].addsub                                    1383      39999     21972       61971 
    i_postnorm_addsub                                             528      14515      7875       22390 
    i_prenorm_addsub                                              431      13363      6377       19740 
    i_addsub_SUB_UNS_OP_Y_add_114_27                              193       4527      2162        6689 
  PROCESSING_UNITS[10].addsub                                    1383      39999     21972       61971 
    i_postnorm_addsub                                             528      14515      7875       22390 
    i_prenorm_addsub                                              431      13363      6377       19740 
    i_addsub_SUB_UNS_OP_Y_add_114_27                              193       4527      2162        6689 
  PROCESSING_UNITS[12].addsub                                    1382      40007     21962       61969 
    i_postnorm_addsub                                             528      14515      7875       22390 
    i_prenorm_addsub                                              431      13363      6377       19740 
    i_addsub_SUB_UNS_OP_Y_add_114_27                              193       4527      2162        6689 
  PROCESSING_UNITS[0].mul_i_post_norm_mul                        1227      35626     19980       55606 
    inc_ADD_UNS_OP2482_66                                          61       1155       456        1611 
  PROCESSING_UNITS[9].mul_i_post_norm_mul                        1227      35611     19980       55591 
    inc_ADD_UNS_OP2482_66                                          61       1155       456        1611 
  PROCESSING_UNITS[8].mul_i_post_norm_mul                        1227      35611     19980       55591 
    inc_ADD_UNS_OP2482_66                                          61       1155       456        1611 
  PROCESSING_UNITS[7].mul_i_post_norm_mul                        1227      35611     19980       55591 
    inc_ADD_UNS_OP2482_66                                          61       1155       456        1611 
  PROCESSING_UNITS[6].mul_i_post_norm_mul                        1227      35611     19980       55591 
    inc_ADD_UNS_OP2482_66                                          61       1155       456        1611 
  PROCESSING_UNITS[5].mul_i_post_norm_mul                        1227      35611     19980       55591 
    inc_ADD_UNS_OP2482_66                                          61       1155       456        1611 
  PROCESSING_UNITS[4].mul_i_post_norm_mul                        1227      35611     19980       55591 
    inc_ADD_UNS_OP2482_66                                          61       1155       456        1611 
  PROCESSING_UNITS[3].mul_i_post_norm_mul                        1227      35611     19980       55591 
    inc_ADD_UNS_OP2482_66                                          61       1155       456        1611 
  PROCESSING_UNITS[2].mul_i_post_norm_mul                        1227      35611     19980       55591 
    inc_ADD_UNS_OP2482_66                                          61       1155       456        1611 
  PROCESSING_UNITS[1].mul_i_post_norm_mul                        1227      35611     19980       55591 
    inc_ADD_UNS_OP2482_66                                          61       1155       456        1611 
  PROCESSING_UNITS[15].mul_i_post_norm_mul                       1227      35611     19980       55591 
    inc_ADD_UNS_OP2482_66                                          61       1155       456        1611 
  PROCESSING_UNITS[14].mul_i_post_norm_mul                       1227      35611     19980       55591 
    inc_ADD_UNS_OP2482_66                                          61       1155       456        1611 
  PROCESSING_UNITS[13].mul_i_post_norm_mul                       1227      35611     19980       55591 
    inc_ADD_UNS_OP2482_66                                          61       1155       456        1611 
  PROCESSING_UNITS[12].mul_i_post_norm_mul                       1227      35611     19980       55591 
    inc_ADD_UNS_OP2482_66                                          61       1155       456        1611 
  PROCESSING_UNITS[11].mul_i_post_norm_mul                       1227      35611     19980       55591 
    inc_ADD_UNS_OP2482_66                                          61       1155       456        1611 
  PROCESSING_UNITS[10].mul_i_post_norm_mul                       1227      35611     19980       55591 
    inc_ADD_UNS_OP2482_66                                          61       1155       456        1611 
  PROCESSING_UNITS[9].div_i_post_norm_div                         638      22271      9342       31612 
    inc_ADD_UNS_OP698_34                                           60       1136       446        1582 
  PROCESSING_UNITS[8].div_i_post_norm_div                         638      22271      9342       31612 
    inc_ADD_UNS_OP698_34                                           60       1136       446        1582 
  PROCESSING_UNITS[7].div_i_post_norm_div                         638      22271      9342       31612 
    inc_ADD_UNS_OP698_34                                           60       1136       446        1582 
  PROCESSING_UNITS[6].div_i_post_norm_div                         638      22271      9342       31612 
    inc_ADD_UNS_OP698_34                                           60       1136       446        1582 
  PROCESSING_UNITS[5].div_i_post_norm_div                         638      22271      9342       31612 
    inc_ADD_UNS_OP698_34                                           60       1136       446        1582 
  PROCESSING_UNITS[4].div_i_post_norm_div                         638      22271      9342       31612 
    inc_ADD_UNS_OP698_34                                           60       1136       446        1582 
  PROCESSING_UNITS[3].div_i_post_norm_div                         638      22271      9342       31612 
    inc_ADD_UNS_OP698_34                                           60       1136       446        1582 
  PROCESSING_UNITS[2].div_i_post_norm_div                         638      22271      9342       31612 
    inc_ADD_UNS_OP698_34                                           60       1136       446        1582 
  PROCESSING_UNITS[1].div_i_post_norm_div                         638      22271      9342       31612 
    inc_ADD_UNS_OP698_34                                           60       1136       446        1582 
  PROCESSING_UNITS[15].div_i_post_norm_div                        638      22271      9342       31612 
    inc_ADD_UNS_OP698_34                                           60       1136       446        1582 
  PROCESSING_UNITS[14].div_i_post_norm_div                        638      22271      9342       31612 
    inc_ADD_UNS_OP698_34                                           60       1136       446        1582 
  PROCESSING_UNITS[13].div_i_post_norm_div                        638      22271      9342       31612 
    inc_ADD_UNS_OP698_34                                           60       1136       446        1582 
  PROCESSING_UNITS[12].div_i_post_norm_div                        638      22271      9342       31612 
    inc_ADD_UNS_OP698_34                                           60       1136       446        1582 
  PROCESSING_UNITS[11].div_i_post_norm_div                        638      22271      9342       31612 
    inc_ADD_UNS_OP698_34                                           60       1136       446        1582 
  PROCESSING_UNITS[10].div_i_post_norm_div                        638      22271      9342       31612 
    inc_ADD_UNS_OP698_34                                           60       1136       446        1582 
  PROCESSING_UNITS[0].div_i_post_norm_div                         638      22271      9342       31612 
    inc_ADD_UNS_OP698_34                                           60       1136       446        1582 
  PROCESSING_UNITS[9].div_i_serial_div                            578      16938      7975       24913 
    sub_154_17                                                    139       2988      1412        4400 
  PROCESSING_UNITS[8].div_i_serial_div                            578      16938      7975       24913 
    sub_154_17                                                    139       2988      1412        4400 
  PROCESSING_UNITS[7].div_i_serial_div                            578      16938      7975       24913 
    sub_154_17                                                    139       2988      1412        4400 
  PROCESSING_UNITS[6].div_i_serial_div                            578      16938      7975       24913 
    sub_154_17                                                    139       2988      1412        4400 
  PROCESSING_UNITS[5].div_i_serial_div                            578      16938      7975       24913 
    sub_154_17                                                    139       2988      1412        4400 
  PROCESSING_UNITS[4].div_i_serial_div                            578      16938      7975       24913 
    sub_154_17                                                    139       2988      1412        4400 
  PROCESSING_UNITS[3].div_i_serial_div                            578      16938      7975       24913 
    sub_154_17                                                    139       2988      1412        4400 
  PROCESSING_UNITS[2].div_i_serial_div                            578      16938      7975       24913 
    sub_154_17                                                    139       2988      1412        4400 
  PROCESSING_UNITS[1].div_i_serial_div                            578      16938      7975       24913 
    sub_154_17                                                    139       2988      1412        4400 
  PROCESSING_UNITS[15].div_i_serial_div                           578      16938      7975       24913 
    sub_154_17                                                    139       2988      1412        4400 
  PROCESSING_UNITS[14].div_i_serial_div                           578      16938      7975       24913 
    sub_154_17                                                    139       2988      1412        4400 
  PROCESSING_UNITS[13].div_i_serial_div                           578      16938      7975       24913 
    sub_154_17                                                    139       2988      1412        4400 
  PROCESSING_UNITS[12].div_i_serial_div                           578      16938      7975       24913 
    sub_154_17                                                    139       2988      1412        4400 
  PROCESSING_UNITS[11].div_i_serial_div                           578      16938      7975       24913 
    sub_154_17                                                    139       2988      1412        4400 
  PROCESSING_UNITS[10].div_i_serial_div                           578      16938      7975       24913 
    sub_154_17                                                    139       2988      1412        4400 
  PROCESSING_UNITS[0].div_i_serial_div                            578      16938      7975       24913 
    sub_154_17                                                    139       2988      1412        4400 
  PROCESSING_UNITS[14].div_i_pre_norm_div                         427      11583      5946       17529 
    csa_tree_add_118_77_groupi                                     45       1987       530        2517 
  PROCESSING_UNITS[15].div_i_pre_norm_div                         425      11561      5917       17478 
    csa_tree_add_118_77_groupi                                     45       1987       530        2517 
  PROCESSING_UNITS[13].div_i_pre_norm_div                         425      11561      5917       17478 
    csa_tree_add_118_77_groupi                                     45       1987       530        2517 
  PROCESSING_UNITS[12].div_i_pre_norm_div                         423      11538      5884       17422 
    csa_tree_add_118_77_groupi                                     45       1987       530        2517 
  PROCESSING_UNITS[0].div_i_pre_norm_div                          419      11617      5784       17401 
    csa_tree_add_118_77_groupi                                     50       2006       583        2589 
  PROCESSING_UNITS[11].div_i_pre_norm_div                         417      11470      5784       17254 
    csa_tree_add_118_77_groupi                                     45       1987       530        2517 
  PROCESSING_UNITS[8].div_i_pre_norm_div                          415      11448      5750       17198 
    csa_tree_add_118_77_groupi                                     45       1987       530        2517 
  PROCESSING_UNITS[9].div_i_pre_norm_div                          412      11414      5688       17102 
    csa_tree_add_118_77_groupi                                     45       1987       530        2517 
  PROCESSING_UNITS[7].div_i_pre_norm_div                          411      11402      5655       17058 
    csa_tree_add_118_77_groupi                                     45       1987       530        2517 
  PROCESSING_UNITS[6].div_i_pre_norm_div                          411      11402      5655       17058 
    csa_tree_add_118_77_groupi                                     45       1987       530        2517 
  PROCESSING_UNITS[5].div_i_pre_norm_div                          411      11402      5655       17058 
    csa_tree_add_118_77_groupi                                     45       1987       530        2517 
  PROCESSING_UNITS[3].div_i_pre_norm_div                          411      11402      5655       17058 
    csa_tree_add_118_77_groupi                                     45       1987       530        2517 
  PROCESSING_UNITS[1].div_i_pre_norm_div                          411      11402      5655       17058 
    csa_tree_add_118_77_groupi                                     45       1987       530        2517 
  PROCESSING_UNITS[10].div_i_pre_norm_div                         411      11402      5655       17058 
    csa_tree_add_118_77_groupi                                     45       1987       530        2517 
  PROCESSING_UNITS[4].div_i_pre_norm_div                          410      11384      5645       17029 
    csa_tree_add_118_77_groupi                                     45       1987       530        2517 
  PROCESSING_UNITS[2].div_i_pre_norm_div                          410      11384      5645       17029 
    csa_tree_add_118_77_groupi                                     45       1987       530        2517 
  sqrt_i_post_norm_sqrt                                           227       8302      2296       10598 
    inc_ADD_UNS_OP_29                                              56       1061       417        1479 
  sqrt_i_pre_norm_sqrt                                            223       5325      3061        8386 
  PROCESSING_UNITS[9].mul_i_mul_24_csa_tree_add_223_57_groupi      84       4866       996        5862 
  PROCESSING_UNITS[8].mul_i_mul_24_csa_tree_add_223_57_groupi      84       4866       996        5862 
  PROCESSING_UNITS[7].mul_i_mul_24_csa_tree_add_223_57_groupi      84       4866       996        5862 
  PROCESSING_UNITS[6].mul_i_mul_24_csa_tree_add_223_57_groupi      84       4866       996        5862 
  PROCESSING_UNITS[5].mul_i_mul_24_csa_tree_add_223_57_groupi      84       4866       996        5862 
  PROCESSING_UNITS[4].mul_i_mul_24_csa_tree_add_223_57_groupi      84       4866       996        5862 
  PROCESSING_UNITS[3].mul_i_mul_24_csa_tree_add_223_57_groupi      84       4866       996        5862 
  PROCESSING_UNITS[2].mul_i_mul_24_csa_tree_add_223_57_groupi      84       4866       996        5862 
  PROCESSING_UNITS[1].mul_i_mul_24_csa_tree_add_223_57_groupi      84       4866       996        5862 
  PROCESSING_UNITS[15].mul_i_mul_24_csa_tree_add_223_57_groupi     84       4866       996        5862 
  PROCESSING_UNITS[14].mul_i_mul_24_csa_tree_add_223_57_groupi     84       4866       996        5862 
  PROCESSING_UNITS[13].mul_i_mul_24_csa_tree_add_223_57_groupi     84       4866       996        5862 
  PROCESSING_UNITS[12].mul_i_mul_24_csa_tree_add_223_57_groupi     84       4866       996        5862 
  PROCESSING_UNITS[11].mul_i_mul_24_csa_tree_add_223_57_groupi     84       4866       996        5862 
  PROCESSING_UNITS[10].mul_i_mul_24_csa_tree_add_223_57_groupi     84       4866       996        5862 
  PROCESSING_UNITS[0].mul_i_mul_24_csa_tree_add_223_57_groupi      84       4866       996        5862 
  PROCESSING_UNITS[9].mul_i_mul_24_mul_197_52                      83       3112       978        4090 
  PROCESSING_UNITS[9].mul_i_mul_24_mul_196_46                      83       3112       978        4090 
  PROCESSING_UNITS[9].mul_i_mul_24_mul_195_46                      83       3112       978        4090 
  PROCESSING_UNITS[9].mul_i_mul_24_mul_194_38                      83       3112       978        4090 
  PROCESSING_UNITS[8].mul_i_mul_24_mul_197_52                      83       3112       978        4090 
  PROCESSING_UNITS[8].mul_i_mul_24_mul_196_46                      83       3112       978        4090 
  PROCESSING_UNITS[8].mul_i_mul_24_mul_195_46                      83       3112       978        4090 
  PROCESSING_UNITS[8].mul_i_mul_24_mul_194_38                      83       3112       978        4090 
  PROCESSING_UNITS[7].mul_i_mul_24_mul_197_52                      83       3112       978        4090 
  PROCESSING_UNITS[7].mul_i_mul_24_mul_196_46                      83       3112       978        4090 
  PROCESSING_UNITS[7].mul_i_mul_24_mul_195_46                      83       3112       978        4090 
  PROCESSING_UNITS[7].mul_i_mul_24_mul_194_38                      83       3112       978        4090 
  PROCESSING_UNITS[6].mul_i_mul_24_mul_197_52                      83       3112       978        4090 
  PROCESSING_UNITS[6].mul_i_mul_24_mul_196_46                      83       3112       978        4090 
  PROCESSING_UNITS[6].mul_i_mul_24_mul_195_46                      83       3112       978        4090 
  PROCESSING_UNITS[6].mul_i_mul_24_mul_194_38                      83       3112       978        4090 
  PROCESSING_UNITS[5].mul_i_mul_24_mul_197_52                      83       3112       978        4090 
  PROCESSING_UNITS[5].mul_i_mul_24_mul_196_46                      83       3112       978        4090 
  PROCESSING_UNITS[5].mul_i_mul_24_mul_195_46                      83       3112       978        4090 
  PROCESSING_UNITS[5].mul_i_mul_24_mul_194_38                      83       3112       978        4090 
  PROCESSING_UNITS[4].mul_i_mul_24_mul_197_52                      83       3112       978        4090 
  PROCESSING_UNITS[4].mul_i_mul_24_mul_196_46                      83       3112       978        4090 
  PROCESSING_UNITS[4].mul_i_mul_24_mul_195_46                      83       3112       978        4090 
  PROCESSING_UNITS[4].mul_i_mul_24_mul_194_38                      83       3112       978        4090 
  PROCESSING_UNITS[3].mul_i_mul_24_mul_197_52                      83       3112       978        4090 
  PROCESSING_UNITS[3].mul_i_mul_24_mul_196_46                      83       3112       978        4090 
  PROCESSING_UNITS[3].mul_i_mul_24_mul_195_46                      83       3112       978        4090 
  PROCESSING_UNITS[3].mul_i_mul_24_mul_194_38                      83       3112       978        4090 
  PROCESSING_UNITS[2].mul_i_mul_24_mul_197_52                      83       3112       978        4090 
  PROCESSING_UNITS[2].mul_i_mul_24_mul_196_46                      83       3112       978        4090 
  PROCESSING_UNITS[2].mul_i_mul_24_mul_195_46                      83       3112       978        4090 
  PROCESSING_UNITS[2].mul_i_mul_24_mul_194_38                      83       3112       978        4090 
  PROCESSING_UNITS[1].mul_i_mul_24_mul_197_52                      83       3112       978        4090 
  PROCESSING_UNITS[1].mul_i_mul_24_mul_196_46                      83       3112       978        4090 
  PROCESSING_UNITS[1].mul_i_mul_24_mul_195_46                      83       3112       978        4090 
  PROCESSING_UNITS[1].mul_i_mul_24_mul_194_38                      83       3112       978        4090 
  PROCESSING_UNITS[15].mul_i_mul_24_mul_197_52                     83       3112       978        4090 
  PROCESSING_UNITS[15].mul_i_mul_24_mul_196_46                     83       3112       978        4090 
  PROCESSING_UNITS[15].mul_i_mul_24_mul_195_46                     83       3112       978        4090 
  PROCESSING_UNITS[15].mul_i_mul_24_mul_194_38                     83       3112       978        4090 
  PROCESSING_UNITS[14].mul_i_mul_24_mul_197_52                     83       3112       978        4090 
  PROCESSING_UNITS[14].mul_i_mul_24_mul_196_46                     83       3112       978        4090 
  PROCESSING_UNITS[14].mul_i_mul_24_mul_195_46                     83       3112       978        4090 
  PROCESSING_UNITS[14].mul_i_mul_24_mul_194_38                     83       3112       978        4090 
  PROCESSING_UNITS[13].mul_i_mul_24_mul_197_52                     83       3112       978        4090 
  PROCESSING_UNITS[13].mul_i_mul_24_mul_196_46                     83       3112       978        4090 
  PROCESSING_UNITS[13].mul_i_mul_24_mul_195_46                     83       3112       978        4090 
  PROCESSING_UNITS[13].mul_i_mul_24_mul_194_38                     83       3112       978        4090 
  PROCESSING_UNITS[12].mul_i_mul_24_mul_197_52                     83       3112       978        4090 
  PROCESSING_UNITS[12].mul_i_mul_24_mul_196_46                     83       3112       978        4090 
  PROCESSING_UNITS[12].mul_i_mul_24_mul_195_46                     83       3112       978        4090 
  PROCESSING_UNITS[12].mul_i_mul_24_mul_194_38                     83       3112       978        4090 
  PROCESSING_UNITS[11].mul_i_mul_24_mul_197_52                     83       3112       978        4090 
  PROCESSING_UNITS[11].mul_i_mul_24_mul_196_46                     83       3112       978        4090 
  PROCESSING_UNITS[11].mul_i_mul_24_mul_195_46                     83       3112       978        4090 
  PROCESSING_UNITS[11].mul_i_mul_24_mul_194_38                     83       3112       978        4090 
  PROCESSING_UNITS[10].mul_i_mul_24_mul_197_52                     83       3112       978        4090 
  PROCESSING_UNITS[10].mul_i_mul_24_mul_196_46                     83       3112       978        4090 
  PROCESSING_UNITS[10].mul_i_mul_24_mul_195_46                     83       3112       978        4090 
  PROCESSING_UNITS[10].mul_i_mul_24_mul_194_38                     83       3112       978        4090 
  PROCESSING_UNITS[0].mul_i_mul_24_mul_197_52                      83       3112       978        4090 
  PROCESSING_UNITS[0].mul_i_mul_24_mul_196_46                      83       3112       978        4090 
  PROCESSING_UNITS[0].mul_i_mul_24_mul_195_46                      83       3112       978        4090 
  PROCESSING_UNITS[0].mul_i_mul_24_mul_194_38                      83       3112       978        4090 
  PROCESSING_UNITS[9].mul_i_mul_24_csa_tree_add_208_77_groupi      40       2424       467        2891 
  PROCESSING_UNITS[7].mul_i_mul_24_csa_tree_add_208_77_groupi      40       2424       467        2891 
  PROCESSING_UNITS[3].mul_i_mul_24_csa_tree_add_208_77_groupi      40       2424       467        2891 
  PROCESSING_UNITS[1].mul_i_mul_24_csa_tree_add_208_77_groupi      40       2424       467        2891 
  PROCESSING_UNITS[14].mul_i_mul_24_csa_tree_add_208_77_groupi     40       2424       467        2891 
  PROCESSING_UNITS[13].mul_i_mul_24_csa_tree_add_208_77_groupi     40       2424       467        2891 
  PROCESSING_UNITS[12].mul_i_mul_24_csa_tree_add_208_77_groupi     40       2424       467        2891 
  PROCESSING_UNITS[11].mul_i_mul_24_csa_tree_add_208_77_groupi     40       2424       467        2891 
  PROCESSING_UNITS[0].mul_i_mul_24_csa_tree_add_208_77_groupi      40       2424       467        2891 
  PROCESSING_UNITS[8].mul_i_mul_24_csa_tree_add_208_77_groupi      40       2416       467        2883 
  PROCESSING_UNITS[6].mul_i_mul_24_csa_tree_add_208_77_groupi      40       2416       467        2883 
  PROCESSING_UNITS[5].mul_i_mul_24_csa_tree_add_208_77_groupi      40       2416       467        2883 
  PROCESSING_UNITS[4].mul_i_mul_24_csa_tree_add_208_77_groupi      40       2416       467        2883 
  PROCESSING_UNITS[2].mul_i_mul_24_csa_tree_add_208_77_groupi      40       2416       467        2883 
  PROCESSING_UNITS[15].mul_i_mul_24_csa_tree_add_208_77_groupi     40       2416       467        2883 
  PROCESSING_UNITS[10].mul_i_mul_24_csa_tree_add_208_77_groupi     40       2416       467        2883 
