============================================================
  Generated by:           Encounter(R) RTL Compiler RC14.27 - v14.20-s064_1
  Generated on:           May 06 2020  11:43:25 am
  Module:                 shapelet_distance
  Technology libraries:   PwcV162T125_STD_CELL_7RF 
                          physical_cells 
  Operating conditions:   _nominal_ 
  Interconnect mode:      global
  Area mode:              physical library
============================================================

                                    
    Gate     Instances     Area               Library           
----------------------------------------------------------------
ADDF_D              56     5057.741    PwcV162T125_STD_CELL_7RF 
ADDF_E            3309   298858.291    PwcV162T125_STD_CELL_7RF 
ADDF_F               2      188.160    PwcV162T125_STD_CELL_7RF 
AND2_C               1       22.579    PwcV162T125_STD_CELL_7RF 
AND2_D             232     5238.374    PwcV162T125_STD_CELL_7RF 
AND2_E               1       22.579    PwcV162T125_STD_CELL_7RF 
AND2_F              89     2009.549    PwcV162T125_STD_CELL_7RF 
AND2_H             699    15782.861    PwcV162T125_STD_CELL_7RF 
AND2_I            1363    30775.450    PwcV162T125_STD_CELL_7RF 
AND2_K              29      873.062    PwcV162T125_STD_CELL_7RF 
AND3_H             169     4451.866    PwcV162T125_STD_CELL_7RF 
AND3_I             350     9219.840    PwcV162T125_STD_CELL_7RF 
AND3_J               1       37.632    PwcV162T125_STD_CELL_7RF 
AND3_K               1       37.632    PwcV162T125_STD_CELL_7RF 
AND4_E             178     5358.797    PwcV162T125_STD_CELL_7RF 
AND4_H               1       33.869    PwcV162T125_STD_CELL_7RF 
AO21_C              65     1712.256    PwcV162T125_STD_CELL_7RF 
AO21_D             115     3029.376    PwcV162T125_STD_CELL_7RF 
AO21_E             793    20889.523    PwcV162T125_STD_CELL_7RF 
AO21_F             603    15884.467    PwcV162T125_STD_CELL_7RF 
AO21_H             807    21258.317    PwcV162T125_STD_CELL_7RF 
AO21_I            2335    61509.504    PwcV162T125_STD_CELL_7RF 
AO21_K               8      331.162    PwcV162T125_STD_CELL_7RF 
AO2222_C           160     8429.568    PwcV162T125_STD_CELL_7RF 
AO2222_D           338    17807.462    PwcV162T125_STD_CELL_7RF 
AO2222_E          2256   118856.909    PwcV162T125_STD_CELL_7RF 
AO2222_H             8      481.690    PwcV162T125_STD_CELL_7RF 
AO222_C             39     1761.178    PwcV162T125_STD_CELL_7RF 
AO222_D            280    12644.352    PwcV162T125_STD_CELL_7RF 
AO222_E           1252    56538.317    PwcV162T125_STD_CELL_7RF 
AO22_B            2453    73849.037    PwcV162T125_STD_CELL_7RF 
AO22_D              28      842.957    PwcV162T125_STD_CELL_7RF 
AO22_E            1665    50125.824    PwcV162T125_STD_CELL_7RF 
AO22_F             508    15293.645    PwcV162T125_STD_CELL_7RF 
AO22_H             591    17792.410    PwcV162T125_STD_CELL_7RF 
AO22_K               6      338.688    PwcV162T125_STD_CELL_7RF 
AO33_H              16      963.379    PwcV162T125_STD_CELL_7RF 
AOI21_A            104     1956.864    PwcV162T125_STD_CELL_7RF 
AOI21_B              2       37.632    PwcV162T125_STD_CELL_7RF 
AOI21_C           2099    39494.784    PwcV162T125_STD_CELL_7RF 
AOI21_D              1       26.342    PwcV162T125_STD_CELL_7RF 
AOI21_E             57     1501.517    PwcV162T125_STD_CELL_7RF 
AOI21_F              2       82.790    PwcV162T125_STD_CELL_7RF 
AOI21_H              1       60.211    PwcV162T125_STD_CELL_7RF 
AOI2222_H          239    14390.477    PwcV162T125_STD_CELL_7RF 
AOI2222_I           52     3130.982    PwcV162T125_STD_CELL_7RF 
AOI222_H           242    12749.722    PwcV162T125_STD_CELL_7RF 
AOI222_I           511    26921.933    PwcV162T125_STD_CELL_7RF 
AOI22_C           1889    42652.109    PwcV162T125_STD_CELL_7RF 
AOI22_E              6      248.371    PwcV162T125_STD_CELL_7RF 
BUFFER_H            10      188.160    PwcV162T125_STD_CELL_7RF 
BUFFER_I            18      338.688    PwcV162T125_STD_CELL_7RF 
BUFFER_L             6      158.054    PwcV162T125_STD_CELL_7RF 
BUFFER_O             9      440.294    PwcV162T125_STD_CELL_7RF 
CLKI_I              24      903.168    PwcV162T125_STD_CELL_7RF 
CLKI_K              18      812.851    PwcV162T125_STD_CELL_7RF 
CLKI_O               8      752.640    PwcV162T125_STD_CELL_7RF 
CLKI_Q               6      767.693    PwcV162T125_STD_CELL_7RF 
CLK_I                3       79.027    PwcV162T125_STD_CELL_7RF 
CLK_K                3      101.606    PwcV162T125_STD_CELL_7RF 
CLK_M                3      180.634    PwcV162T125_STD_CELL_7RF 
CLK_O                3      270.950    PwcV162T125_STD_CELL_7RF 
CLK_Q               10     1166.592    PwcV162T125_STD_CELL_7RF 
DFFR_E              16     1023.590    PwcV162T125_STD_CELL_7RF 
DFFS_E               1       67.738    PwcV162T125_STD_CELL_7RF 
DFFS_K               1       97.843    PwcV162T125_STD_CELL_7RF 
DFF_E            26159  1378181.683    PwcV162T125_STD_CELL_7RF 
DFF_H              163     9814.426    PwcV162T125_STD_CELL_7RF 
DFF_K              197    16309.709    PwcV162T125_STD_CELL_7RF 
INVERTBAL_E        444     5012.582    PwcV162T125_STD_CELL_7RF 
INVERTBAL_H       1443    16290.893    PwcV162T125_STD_CELL_7RF 
INVERTBAL_L          6      203.213    PwcV162T125_STD_CELL_7RF 
INVERT_B            15      169.344    PwcV162T125_STD_CELL_7RF 
INVERT_C             9      101.606    PwcV162T125_STD_CELL_7RF 
INVERT_D          1621    18300.442    PwcV162T125_STD_CELL_7RF 
INVERT_E          1138    12847.565    PwcV162T125_STD_CELL_7RF 
INVERT_F          3655    41263.488    PwcV162T125_STD_CELL_7RF 
INVERT_H           776     8760.730    PwcV162T125_STD_CELL_7RF 
INVERT_I           825     9313.920    PwcV162T125_STD_CELL_7RF 
INVERT_K             2       37.632    PwcV162T125_STD_CELL_7RF 
INVERT_L            56     1053.696    PwcV162T125_STD_CELL_7RF 
INVERT_M             7      210.739    PwcV162T125_STD_CELL_7RF 
INVERT_N            16      602.112    PwcV162T125_STD_CELL_7RF 
INVERT_O             3      146.765    PwcV162T125_STD_CELL_7RF 
INVERT_U            22     2152.550    PwcV162T125_STD_CELL_7RF 
MUX21BAL_H           1       60.211    PwcV162T125_STD_CELL_7RF 
MUX21I_B            60     1580.544    PwcV162T125_STD_CELL_7RF 
MUX21I_C             1       26.342    PwcV162T125_STD_CELL_7RF 
MUX21I_D          7536   198516.326    PwcV162T125_STD_CELL_7RF 
MUX21I_I            16      722.534    PwcV162T125_STD_CELL_7RF 
MUX21_D           3889   131715.763    PwcV162T125_STD_CELL_7RF 
MUX21_E           2225    75358.080    PwcV162T125_STD_CELL_7RF 
MUX21_F             12      406.426    PwcV162T125_STD_CELL_7RF 
MUX21_H            192     6502.810    PwcV162T125_STD_CELL_7RF 
MUX21_I           3788   128295.014    PwcV162T125_STD_CELL_7RF 
NAND2BAL_H         106     1994.496    PwcV162T125_STD_CELL_7RF 
NAND2_C             65      978.432    PwcV162T125_STD_CELL_7RF 
NAND2_D            235     3537.408    PwcV162T125_STD_CELL_7RF 
NAND2_E            644     9694.003    PwcV162T125_STD_CELL_7RF 
NAND2_F           9809   147652.915    PwcV162T125_STD_CELL_7RF 
NAND2_H             16      481.690    PwcV162T125_STD_CELL_7RF 
NAND2_I             23      692.429    PwcV162T125_STD_CELL_7RF 
NAND2_J            292     8790.835    PwcV162T125_STD_CELL_7RF 
NAND2_K             17      703.718    PwcV162T125_STD_CELL_7RF 
NAND2_L              1       45.158    PwcV162T125_STD_CELL_7RF 
NAND2_M              1       60.211    PwcV162T125_STD_CELL_7RF 
NAND3_C             32      722.534    PwcV162T125_STD_CELL_7RF 
NAND3_E            570    12870.144    PwcV162T125_STD_CELL_7RF 
NAND3_H              1       37.632    PwcV162T125_STD_CELL_7RF 
NAND3_I             17      959.616    PwcV162T125_STD_CELL_7RF 
NAND4_B            551    12441.139    PwcV162T125_STD_CELL_7RF 
NAND4_D             16      602.112    PwcV162T125_STD_CELL_7RF 
NOR2_B             902    13577.626    PwcV162T125_STD_CELL_7RF 
NOR2_C            1373    20667.494    PwcV162T125_STD_CELL_7RF 
NOR2_D             112     1685.914    PwcV162T125_STD_CELL_7RF 
NOR2_E            5855    88134.144    PwcV162T125_STD_CELL_7RF 
NOR2_H              77     2028.365    PwcV162T125_STD_CELL_7RF 
NOR2_I              78     2348.237    PwcV162T125_STD_CELL_7RF 
NOR2_J               9      406.426    PwcV162T125_STD_CELL_7RF 
NOR3_B             880    16558.080    PwcV162T125_STD_CELL_7RF 
NOR3_D             143     4305.101    PwcV162T125_STD_CELL_7RF 
NOR3_E              18      677.376    PwcV162T125_STD_CELL_7RF 
NOR4_B            1072    20170.752    PwcV162T125_STD_CELL_7RF 
NOR4_C               2       75.264    PwcV162T125_STD_CELL_7RF 
NOR4_D               1       63.974    PwcV162T125_STD_CELL_7RF 
OA21_H              24      632.218    PwcV162T125_STD_CELL_7RF 
OA21_I             814    21442.714    PwcV162T125_STD_CELL_7RF 
OA21_K               2      112.896    PwcV162T125_STD_CELL_7RF 
OA2222_F           214    13690.522    PwcV162T125_STD_CELL_7RF 
OA222_C            109     5742.643    PwcV162T125_STD_CELL_7RF 
OA22_H             189     5689.958    PwcV162T125_STD_CELL_7RF 
OA22_I               5      150.528    PwcV162T125_STD_CELL_7RF 
OA22_K               1       67.738    PwcV162T125_STD_CELL_7RF 
OAI21_C           3284    61791.744    PwcV162T125_STD_CELL_7RF 
OAI21_E            150     3951.360    PwcV162T125_STD_CELL_7RF 
OAI21_F             37     1392.384    PwcV162T125_STD_CELL_7RF 
OAI21_H             33     1614.413    PwcV162T125_STD_CELL_7RF 
OAI2222_H          121     8651.597    PwcV162T125_STD_CELL_7RF 
OAI222_H            16      963.379    PwcV162T125_STD_CELL_7RF 
OAI22_B           1533    40382.899    PwcV162T125_STD_CELL_7RF 
OAI22_C              9      304.819    PwcV162T125_STD_CELL_7RF 
OR2_E               34      767.693    PwcV162T125_STD_CELL_7RF 
OR2_F              104     2348.237    PwcV162T125_STD_CELL_7RF 
OR2_H              189     4267.469    PwcV162T125_STD_CELL_7RF 
OR2_I             1753    39581.338    PwcV162T125_STD_CELL_7RF 
OR2_K                4      120.422    PwcV162T125_STD_CELL_7RF 
OR3_F               16      481.690    PwcV162T125_STD_CELL_7RF 
OR3_H              122     3672.883    PwcV162T125_STD_CELL_7RF 
OR4_E              439    13216.358    PwcV162T125_STD_CELL_7RF 
XNOR2_B              3       79.027    PwcV162T125_STD_CELL_7RF 
XNOR2_C           2680    70597.632    PwcV162T125_STD_CELL_7RF 
XNOR2_F             27      914.458    PwcV162T125_STD_CELL_7RF 
XNOR2_H            205     6943.104    PwcV162T125_STD_CELL_7RF 
XNOR3_F              1       63.974    PwcV162T125_STD_CELL_7RF 
XNOR3_H             24     1535.386    PwcV162T125_STD_CELL_7RF 
XOR2_B               1       26.342    PwcV162T125_STD_CELL_7RF 
XOR2_C            2756    72599.654    PwcV162T125_STD_CELL_7RF 
XOR2_I             174     6547.968    PwcV162T125_STD_CELL_7RF 
XOR2_J               1       48.922    PwcV162T125_STD_CELL_7RF 
XOR3_H              34     2175.130    PwcV162T125_STD_CELL_7RF 
XOR3_I              16     1144.013    PwcV162T125_STD_CELL_7RF 
----------------------------------------------------------------
total           118470  3859545.446                             


                                        
   Type    Instances     Area    Area % 
----------------------------------------
sequential     26537 1405494.989   36.4 
inverter       10094  119703.629    3.1 
buffer            65    2924.006    0.1 
logic          81774 2331422.822   60.4 
----------------------------------------
total         118470 3859545.446  100.0 

