============================================================
  Generated by:           Encounter(R) RTL Compiler RC14.27 - v14.20-s064_1
  Generated on:           May 06 2020  11:59:42 am
  Module:                 shapelet_distance
  Technology libraries:   PwcV162T125_STD_CELL_7RF 
                          physical_cells 
  Operating conditions:   _nominal_ 
  Interconnect mode:      global
  Area mode:              physical library
============================================================

                                   
    Gate     Instances     Area              Library           
---------------------------------------------------------------
ADDF_D              17    1535.386    PwcV162T125_STD_CELL_7RF 
ADDF_E             454   41003.827    PwcV162T125_STD_CELL_7RF 
AND2_C               1      22.579    PwcV162T125_STD_CELL_7RF 
AND2_D              50    1128.960    PwcV162T125_STD_CELL_7RF 
AND2_E               3      67.738    PwcV162T125_STD_CELL_7RF 
AND2_F               4      90.317    PwcV162T125_STD_CELL_7RF 
AND2_H             113    2551.450    PwcV162T125_STD_CELL_7RF 
AND2_I             530   11966.976    PwcV162T125_STD_CELL_7RF 
AND2_K               9     270.950    PwcV162T125_STD_CELL_7RF 
AND3_E               6     158.054    PwcV162T125_STD_CELL_7RF 
AND3_H              17     447.821    PwcV162T125_STD_CELL_7RF 
AND3_I              86    2265.446    PwcV162T125_STD_CELL_7RF 
AND3_K               4     150.528    PwcV162T125_STD_CELL_7RF 
AND4_E              23     692.429    PwcV162T125_STD_CELL_7RF 
AND4_H               1      33.869    PwcV162T125_STD_CELL_7RF 
AO21_C               8     210.739    PwcV162T125_STD_CELL_7RF 
AO21_D              15     395.136    PwcV162T125_STD_CELL_7RF 
AO21_E             106    2792.294    PwcV162T125_STD_CELL_7RF 
AO21_F              83    2186.419    PwcV162T125_STD_CELL_7RF 
AO21_H              50    1317.120    PwcV162T125_STD_CELL_7RF 
AO21_I             193    5084.083    PwcV162T125_STD_CELL_7RF 
AO21_K               3     124.186    PwcV162T125_STD_CELL_7RF 
AO2222_C            20    1053.696    PwcV162T125_STD_CELL_7RF 
AO2222_D            46    2423.501    PwcV162T125_STD_CELL_7RF 
AO2222_E          1131   59586.509    PwcV162T125_STD_CELL_7RF 
AO222_C             27    1219.277    PwcV162T125_STD_CELL_7RF 
AO222_D              8     361.267    PwcV162T125_STD_CELL_7RF 
AO222_E            317   14315.213    PwcV162T125_STD_CELL_7RF 
AO222_H             65    3179.904    PwcV162T125_STD_CELL_7RF 
AO22_B            1939   58374.758    PwcV162T125_STD_CELL_7RF 
AO22_C               3      90.317    PwcV162T125_STD_CELL_7RF 
AO22_D              15     451.584    PwcV162T125_STD_CELL_7RF 
AO22_E            2343   70537.421    PwcV162T125_STD_CELL_7RF 
AO22_F             240    7225.344    PwcV162T125_STD_CELL_7RF 
AO22_H             113    3401.933    PwcV162T125_STD_CELL_7RF 
AO22_J               3     169.344    PwcV162T125_STD_CELL_7RF 
AO22_K               8     451.584    PwcV162T125_STD_CELL_7RF 
AO33_H               2     120.422    PwcV162T125_STD_CELL_7RF 
AOI21_A             12     225.792    PwcV162T125_STD_CELL_7RF 
AOI21_B              3      56.448    PwcV162T125_STD_CELL_7RF 
AOI21_C            314    5908.224    PwcV162T125_STD_CELL_7RF 
AOI21_D              2      52.685    PwcV162T125_STD_CELL_7RF 
AOI21_E              4     105.370    PwcV162T125_STD_CELL_7RF 
AOI21_F              4     165.581    PwcV162T125_STD_CELL_7RF 
AOI2222_H           31    1866.547    PwcV162T125_STD_CELL_7RF 
AOI2222_I           11     662.323    PwcV162T125_STD_CELL_7RF 
AOI222_H            44    2318.131    PwcV162T125_STD_CELL_7RF 
AOI222_I            27    1422.490    PwcV162T125_STD_CELL_7RF 
AOI22_C            309    6976.973    PwcV162T125_STD_CELL_7RF 
BUFFER_H             4      75.264    PwcV162T125_STD_CELL_7RF 
BUFFER_I            10     188.160    PwcV162T125_STD_CELL_7RF 
BUFFER_K             5     131.712    PwcV162T125_STD_CELL_7RF 
BUFFER_L            12     316.109    PwcV162T125_STD_CELL_7RF 
BUFFER_M             1      41.395    PwcV162T125_STD_CELL_7RF 
BUFFER_O             2      97.843    PwcV162T125_STD_CELL_7RF 
CLKI_I               2      75.264    PwcV162T125_STD_CELL_7RF 
CLKI_K               2      90.317    PwcV162T125_STD_CELL_7RF 
CLK_I                1      26.342    PwcV162T125_STD_CELL_7RF 
CLK_K                3     101.606    PwcV162T125_STD_CELL_7RF 
DFFS_E               1      67.738    PwcV162T125_STD_CELL_7RF 
DFF_E             7676  404408.525    PwcV162T125_STD_CELL_7RF 
DFF_H               27    1625.702    PwcV162T125_STD_CELL_7RF 
DFF_K               22    1821.389    PwcV162T125_STD_CELL_7RF 
INVERTBAL_E         65     733.824    PwcV162T125_STD_CELL_7RF 
INVERTBAL_H        258    2912.717    PwcV162T125_STD_CELL_7RF 
INVERTBAL_L          1      33.869    PwcV162T125_STD_CELL_7RF 
INVERT_D           261    2946.586    PwcV162T125_STD_CELL_7RF 
INVERT_E           236    2664.346    PwcV162T125_STD_CELL_7RF 
INVERT_F           686    7744.666    PwcV162T125_STD_CELL_7RF 
INVERT_H           152    1716.019    PwcV162T125_STD_CELL_7RF 
INVERT_I           145    1636.992    PwcV162T125_STD_CELL_7RF 
INVERT_L            17     319.872    PwcV162T125_STD_CELL_7RF 
INVERT_M            16     481.690    PwcV162T125_STD_CELL_7RF 
INVERT_N            26     978.432    PwcV162T125_STD_CELL_7RF 
INVERT_O             4     195.686    PwcV162T125_STD_CELL_7RF 
INVERT_U            13    1271.962    PwcV162T125_STD_CELL_7RF 
MUX21I_B             6     158.054    PwcV162T125_STD_CELL_7RF 
MUX21I_C            65    1712.256    PwcV162T125_STD_CELL_7RF 
MUX21I_D          1268   33402.163    PwcV162T125_STD_CELL_7RF 
MUX21_D            546   18492.365    PwcV162T125_STD_CELL_7RF 
MUX21_E            187    6333.466    PwcV162T125_STD_CELL_7RF 
MUX21_F             14     474.163    PwcV162T125_STD_CELL_7RF 
MUX21_H             44    1490.227    PwcV162T125_STD_CELL_7RF 
MUX21_I            571   19339.085    PwcV162T125_STD_CELL_7RF 
NAND2BAL_H           8     150.528    PwcV162T125_STD_CELL_7RF 
NAND2_C             16     240.845    PwcV162T125_STD_CELL_7RF 
NAND2_D             21     316.109    PwcV162T125_STD_CELL_7RF 
NAND2_E            132    1986.970    PwcV162T125_STD_CELL_7RF 
NAND2_F           1525   22955.520    PwcV162T125_STD_CELL_7RF 
NAND2_I              4     120.422    PwcV162T125_STD_CELL_7RF 
NAND2_J             37    1113.907    PwcV162T125_STD_CELL_7RF 
NAND2_K              3     124.186    PwcV162T125_STD_CELL_7RF 
NAND3_C              4      90.317    PwcV162T125_STD_CELL_7RF 
NAND3_D              2      45.158    PwcV162T125_STD_CELL_7RF 
NAND3_E            114    2574.029    PwcV162T125_STD_CELL_7RF 
NAND3_H              1      37.632    PwcV162T125_STD_CELL_7RF 
NAND3_J              1      63.974    PwcV162T125_STD_CELL_7RF 
NAND4_B            141    3183.667    PwcV162T125_STD_CELL_7RF 
NAND4_D             31    1166.592    PwcV162T125_STD_CELL_7RF 
NAND4_F              1      52.685    PwcV162T125_STD_CELL_7RF 
NOR2_B             161    2423.501    PwcV162T125_STD_CELL_7RF 
NOR2_C             269    4049.203    PwcV162T125_STD_CELL_7RF 
NOR2_D              26     391.373    PwcV162T125_STD_CELL_7RF 
NOR2_E             977   14706.586    PwcV162T125_STD_CELL_7RF 
NOR2_H              31     816.614    PwcV162T125_STD_CELL_7RF 
NOR2_I               6     180.634    PwcV162T125_STD_CELL_7RF 
NOR2_J               4     180.634    PwcV162T125_STD_CELL_7RF 
NOR3_B             127    2389.632    PwcV162T125_STD_CELL_7RF 
NOR3_C               2      60.211    PwcV162T125_STD_CELL_7RF 
NOR3_D              20     602.112    PwcV162T125_STD_CELL_7RF 
NOR3_E               4     150.528    PwcV162T125_STD_CELL_7RF 
NOR3_F               1      41.395    PwcV162T125_STD_CELL_7RF 
NOR4_B             437    8222.592    PwcV162T125_STD_CELL_7RF 
NOR4_C               3     112.896    PwcV162T125_STD_CELL_7RF 
OA21_H               1      26.342    PwcV162T125_STD_CELL_7RF 
OA21_I             127    3345.485    PwcV162T125_STD_CELL_7RF 
OA21_K               7     395.136    PwcV162T125_STD_CELL_7RF 
OA2222_F            50    3198.720    PwcV162T125_STD_CELL_7RF 
OA222_C              7     368.794    PwcV162T125_STD_CELL_7RF 
OA22_H              24     722.534    PwcV162T125_STD_CELL_7RF 
OA22_I              11     331.162    PwcV162T125_STD_CELL_7RF 
OA22_K               2     135.475    PwcV162T125_STD_CELL_7RF 
OAI21_C            467    8787.072    PwcV162T125_STD_CELL_7RF 
OAI21_E             13     342.451    PwcV162T125_STD_CELL_7RF 
OAI21_F              2      75.264    PwcV162T125_STD_CELL_7RF 
OAI2222_H           12     858.010    PwcV162T125_STD_CELL_7RF 
OAI22_B            306    8060.774    PwcV162T125_STD_CELL_7RF 
OR2_E                6     135.475    PwcV162T125_STD_CELL_7RF 
OR2_F               10     225.792    PwcV162T125_STD_CELL_7RF 
OR2_H               16     361.267    PwcV162T125_STD_CELL_7RF 
OR2_I              301    6796.339    PwcV162T125_STD_CELL_7RF 
OR2_K               13     391.373    PwcV162T125_STD_CELL_7RF 
OR3_H               20     602.112    PwcV162T125_STD_CELL_7RF 
OR3_K                1      48.922    PwcV162T125_STD_CELL_7RF 
OR4_E               62    1866.547    PwcV162T125_STD_CELL_7RF 
OR4_F                2      75.264    PwcV162T125_STD_CELL_7RF 
XNOR2_B             50    1317.120    PwcV162T125_STD_CELL_7RF 
XNOR2_C            426   11221.862    PwcV162T125_STD_CELL_7RF 
XNOR2_F              1      33.869    PwcV162T125_STD_CELL_7RF 
XNOR2_H              2      67.738    PwcV162T125_STD_CELL_7RF 
XNOR2_I              1      37.632    PwcV162T125_STD_CELL_7RF 
XNOR3_F              6     383.846    PwcV162T125_STD_CELL_7RF 
XNOR3_H              4     255.898    PwcV162T125_STD_CELL_7RF 
XOR2_B              14     368.794    PwcV162T125_STD_CELL_7RF 
XOR2_C             496   13065.830    PwcV162T125_STD_CELL_7RF 
XOR2_I               1      37.632    PwcV162T125_STD_CELL_7RF 
XOR2_J               2      97.843    PwcV162T125_STD_CELL_7RF 
XOR3_E               2     127.949    PwcV162T125_STD_CELL_7RF 
XOR3_F              18    1151.539    PwcV162T125_STD_CELL_7RF 
XOR3_H              10     639.744    PwcV162T125_STD_CELL_7RF 
XOR3_I               1      71.501    PwcV162T125_STD_CELL_7RF 
---------------------------------------------------------------
total            27769  965904.307                             


                                       
   Type    Instances    Area    Area % 
---------------------------------------
sequential      7726 407923.354   42.2 
inverter        1884  23802.240    2.5 
buffer            38    978.432    0.1 
logic          18121 533200.282   55.2 
---------------------------------------
total          27769 965904.307  100.0 

