============================================================
  Generated by:           Encounter(R) RTL Compiler RC14.27 - v14.20-s064_1
  Generated on:           May 06 2020  11:59:42 am
  Module:                 shapelet_distance
  Technology libraries:   PwcV162T125_STD_CELL_7RF 
                          physical_cells 
  Operating conditions:   _nominal_ 
  Interconnect mode:      global
  Area mode:              physical library
============================================================

                                      Leakage     Dynamic        Total     
           Instance           Cells  Power(nW)   Power(nW)     Power(nW)   
---------------------------------------------------------------------------
shapelet_distance             27769 129624.163 151649008.675 151778632.839 
  sqrt_i_sqrt                  1950   8112.537   5202212.985   5210325.522 
    csa_tree_A..OP_563_groupi   428   1661.457    184356.287    186017.744 
    csa_tree_eq_201_32_groupi   220    879.371   1427124.112   1428003.483 
    addinc_ADD_UNS_OP_2_35       66    399.330     36502.142     36901.473 
    gt_163_14                   115    297.409    166384.948    166682.357 
    gt_184_15                    93    245.442    435091.388    435336.830 
  adder_tree..rGen[0].ADDER    1382   5720.147  10659840.760  10665560.907 
    i_postnorm_addsub           530   2056.197   4112488.019   4114544.216 
    i_prenorm_addsub            447   1783.581   3436913.501   3438697.083 
    i_addsub_S.._Y_add_114_27   168    717.652   1326578.691   1327296.343 
  PROCESSING..ITS[0].addsub    1314   5685.410   9482915.119   9488600.529 
    i_postnorm_addsub           518   1979.324   4113253.157   4115232.481 
    i_prenorm_addsub            422   1679.637   2677736.365   2679416.002 
    i_addsub_S.._Y_add_114_27   142    860.000   1099914.775   1100774.775 
  PROCESSING..ITS[1].addsub    1310   5675.253   9773896.147   9779571.400 
    i_postnorm_addsub           518   1979.324   4227505.720   4229485.044 
    i_prenorm_addsub            422   1679.637   2802322.025   2804001.662 
    i_addsub_S.._Y_add_114_27   142    843.570   1048281.571   1049125.141 
  PROCESSING..post_norm_mul    1233   5336.903   8952179.123   8957516.027 
    inc_ADD_UNS_OP2482_59        61    245.281    290093.739    290339.021 
  PROCESSING..post_norm_mul    1233   5327.876   9125040.014   9130367.890 
    inc_ADD_UNS_OP2482_59        61    245.281    263720.968    263966.249 
  PROCESSING..post_norm_div     638   3160.089   2079139.598   2082299.687 
    inc_ADD_UNS_OP698_31         60    241.010     97510.168     97751.178 
  PROCESSING..post_norm_div     638   3160.089   3016506.811   3019666.900 
    inc_ADD_UNS_OP698_31         60    241.010    152855.110    153096.121 
  PROCESSING.._i_serial_div     578   2605.763   1885003.595   1887609.358 
    sub_154_17                  139    520.935    452795.095    453316.030 
  PROCESSING.._i_serial_div     578   2605.763   2493679.463   2496285.226 
    sub_154_17                  139    520.935    757940.739    758461.674 
  PROCESSING.._pre_norm_div     407   1574.902   1096405.276   1097980.179 
    csa_tree_a..118_77_groupi    45    279.861    225133.151    225413.011 
  PROCESSING.._pre_norm_div     409   1539.839   1594286.944   1595826.783 
    csa_tree_a..118_77_groupi    45    280.666    346376.099    346656.765 
  sqrt_i_post_norm_sqrt         227   1226.085    603376.887    604602.973 
    inc_ADD_UNS_OP_26            56    225.237     84340.819     84566.056 
  PROCESSING..223_57_groupi      84    727.996   1235419.592   1236147.588 
  PROCESSING..223_57_groupi      84    727.996   1244054.087   1244782.083 
  sqrt_i_pre_norm_sqrt          223    707.841    680654.849    681362.690 
  PROCESSING..24_mul_194_38      83    487.365    464710.888    465198.253 
  PROCESSING..24_mul_195_46      83    487.365    499556.582    500043.947 
  PROCESSING..24_mul_196_46      83    487.365    502948.878    503436.244 
  PROCESSING..24_mul_197_52      83    487.365    408083.695    408571.060 
  PROCESSING..24_mul_194_38      83    487.365    465889.558    466376.923 
  PROCESSING..24_mul_195_46      83    487.365    509320.734    509808.100 
  PROCESSING..24_mul_196_46      83    487.365    507065.686    507553.051 
  PROCESSING..24_mul_197_52      83    487.365    418483.854    418971.219 
  PROCESSING..208_77_groupi      38    351.609    711316.266    711667.875 
  PROCESSING..208_77_groupi      38    351.609    707718.679    708070.288 

