============================================================
  Generated by:           Encounter(R) RTL Compiler RC14.27 - v14.20-s064_1
  Generated on:           May 06 2020  11:59:41 am
  Module:                 shapelet_distance
  Technology libraries:   PwcV162T125_STD_CELL_7RF 
                          physical_cells 
  Operating conditions:   _nominal_ 
  Interconnect mode:      global
  Area mode:              physical library
============================================================

           Pin                 Type       Fanout  Load Slew Delay Arrival   
                                                  (fF) (ps)  (ps)   (ps)    
----------------------------------------------------------------------------
(clock clk)                  launch                                     0 R 
                             latency                         +350     350 R 
reg_block_sel_s_reg[1]/CLK                                0           350 R 
reg_block_sel_s_reg[1]/Q     DFF_H             8 114.0  393  +522     872 R 
g208372/B                                                      +0     872   
g208372/Z                    AND2_H            6  80.8  289  +275    1148 R 
g208350/A                                                      +0    1148   
g208350/Z                    AND2_I            3  51.7  151  +217    1365 R 
g208260/A                                                      +0    1365   
g208260/Z                    AND2_I           18 282.1  581  +411    1776 R 
g207901/B                                                      +0    1776   
g207901/Z                    NAND2_K           1 179.6  299  +190    1966 F 
g207741/A                                                      +0    1966   
g207741/Z                    INVERT_U         63 799.4  239  +172    2138 R 
g207277/C2                                                     +0    2138   
g207277/Z                    AO2222_E          1  15.2  160  +182    2319 R 
g206214/D                                                      +0    2319   
g206214/Z                    NOR4_B            1  20.0  313  +221    2540 F 
g205922/B                                                      +0    2540   
g205922/Z                    NAND4_D           3  46.0  404  +272    2812 R 
g205756/B1                                                     +0    2812   
g205756/Z                    AO222_H           5  70.8  325  +302    3114 R 
PROCESSING_UNITS[1].addsub/opa_i[31] 
  g2903/A                                                      +0    3114   
  g2903/Z                    XOR3_I            3  63.5  202  +413    3528 R 
  g2976/A                                                      +0    3528   
  g2976/Z                    NAND2BAL_H        5  77.4  264  +176    3704 F 
  g2809/B1                                                     +0    3704   
  g2809/Z                    AO22_F            2  34.7  104  +231    3935 F 
  i_addsub_SUB_UNS_OP_Y_add_114_27/B[0] 
    g7865/B                                                    +0    3935   
    g7865/Z                  XNOR2_F           2  31.1  158  +265    4200 F 
    g7786/A1                                                   +0    4200   
    g7786/Z                  OAI21_C           2  31.4  407  +231    4431 R 
    g7898/A1                                                   +0    4431   
    g7898/Z                  AO22_F            2  35.2  183  +238    4669 R 
    g7773/A1                                                   +0    4669   
    g7773/Z                  AO22_H            2  35.2  140  +199    4868 R 
    g7770/A1                                                   +0    4868   
    g7770/Z                  AO22_H            2  35.2  141  +192    5061 R 
    g7767/A1                                                   +0    5061   
    g7767/Z                  AO22_H            2  33.8  158  +191    5252 R 
    g7892/CIN                                                  +0    5252   
    g7892/COUT               ADDF_E            2  35.2  248  +291    5543 R 
    g7759/A1                                                   +0    5543   
    g7759/Z                  AO22_H            2  43.7  170  +221    5764 R 
    g7756/A1                                                   +0    5764   
    g7756/Z                  AO22_K            2  43.7  115  +186    5950 R 
    g7753/A1                                                   +0    5950   
    g7753/Z                  AO22_K            2  43.7  115  +176    6125 R 
    g7750/A1                                                   +0    6125   
    g7750/Z                  AO22_K            2  34.2  106  +169    6294 R 
    g7897/A1                                                   +0    6294   
    g7897/Z                  AO22_F            2  35.2  180  +197    6491 R 
    g7742/A1                                                   +0    6491   
    g7742/Z                  AO22_H            2  35.1  150  +199    6690 R 
    g7739/A1                                                   +0    6690   
    g7739/Z                  AO22_H            2  35.2  151  +194    6884 R 
    g7737/A1                                                   +0    6884   
    g7737/Z                  AO22_H            2  35.1  150  +194    7078 R 
    g7735/A1                                                   +0    7078   
    g7735/Z                  AO22_H            2  43.6  170  +204    7283 R 
    g7896/A1                                                   +0    7283   
    g7896/Z                  AO22_J            2  43.6  124  +186    7469 R 
    g7730/A1                                                   +0    7469   
    g7730/Z                  AO22_K            2  37.9  110  +174    7642 R 
    g7891/A                                                    +0    7642   
    g7891/COUT               ADDF_E            2  52.0  338  +443    8086 R 
    g7727/A                                                    +0    8086   
    g7727/Z                  NAND2_I           2  47.6  150   +92    8177 F 
    g7723/A2                                                   +0    8177   
    g7723/Z                  OAI21_F           2  49.8  235  +160    8338 R 
    g7717/A1                                                   +0    8338   
    g7717/Z                  AOI21_F           2  39.1  194  +119    8456 F 
    g7713/A1                                                   +0    8456   
    g7713/Z                  OAI21_E           2  35.1  257  +169    8626 R 
    g7710/A1                                                   +0    8626   
    g7710/Z                  AO22_H            2  35.1  150  +212    8837 R 
    g7708/A1                                                   +0    8837   
    g7708/Z                  AO22_H            3  53.5  193  +216    9054 R 
    g7705/C                                                    +0    9054   
    g7705/Z                  XNOR3_F           2  24.8  173  +221    9275 F 
  i_addsub_SUB_UNS_OP_Y_add_114_27/Z[26] 
  g2/A                                                         +0    9275   
  g2/Z                       OR3_H             1  14.6   99  +215    9489 F 
  g1705/A                                                      +0    9489   
  g1705/Z                    NOR4_B            1  16.2  436  +195    9684 R 
  g1704/A1                                                     +0    9684   
  g1704/Z                    AOI21_C           1  13.5  253  +177    9862 F 
  i_addsub_sign_o_reg/D      DFF_E                             +0    9862   
  i_addsub_sign_o_reg/CLK    setup                        0  +238   10100 R 
- - - - - - - - - - - - - - - - - - - - - - - - - - - - - - - - - - - - - - 
(clock clk)                  capture                                10000 R 
                             latency                         +350   10350 R 
                             uncertainty                     -250   10100 R 
----------------------------------------------------------------------------
Cost Group   : 'clk' (path_group 'clk')
Timing slack :       0ps 
Start-point  : reg_block_sel_s_reg[1]/CLK
End-point    : PROCESSING_UNITS[1].addsub/i_addsub_sign_o_reg/D
