============================================================
  Generated by:           Encounter(R) RTL Compiler RC14.27 - v14.20-s064_1
  Generated on:           May 06 2020  10:12:53 am
  Module:                 shapelet_distance
  Technology libraries:   PwcV162T125_STD_CELL_7RF 
                          physical_cells 
  Operating conditions:   _nominal_ 
  Interconnect mode:      global
  Area mode:              physical library
============================================================

                           Instance                            Cells  Cell Area  Net Area  Total Area 
------------------------------------------------------------------------------------------------------
shapelet_distance                                              36486    1198045    609285     1807330 
  adder_tree                                                    3236      96116     53340      149456 
    AdderGen[1].ADDER                                           1352      38832     21420       60252 
      i_postnorm_addsub                                          530      14725      7847       22572 
      i_prenorm_addsub                                           426      13013      6244       19257 
      i_addsub_SUB_UNS_OP_Y_add_114_27                           176       3906      2009        5915 
    AdderGen[0].ADDER                                           1352      38832     21420       60252 
      i_postnorm_addsub                                          530      14725      7847       22572 
      i_prenorm_addsub                                           426      13013      6244       19257 
      i_addsub_SUB_UNS_OP_Y_add_114_27                           176       3906      2009        5915 
    inc_add_184_51_24                                             79       1479       600        2079 
    inc_add_184_54_25                                             78       1471       585        2057 
  sqrt_i_sqrt                                                   1950      52594     29628       82222 
    csa_tree_ADD_UNS_OP_563_groupi                               428      10202      5419       15621 
    csa_tree_eq_201_32_groupi                                    220       4350      2133        6483 
    gt_163_14                                                    115       2134      1317        3450 
    addinc_ADD_UNS_OP_2_38                                        66       2567       687        3253 
    gt_184_15                                                     93       1923      1071        2994 
  PROCESSING_UNITS[3].addsub                                    1375      39397     21820       61217 
    i_postnorm_addsub                                            534      14575      7923       22498 
    i_prenorm_addsub                                             436      13322      6420       19742 
    i_addsub_SUB_UNS_OP_Y_add_114_27                             177       4049      1967        6016 
  PROCESSING_UNITS[2].addsub                                    1375      39397     21820       61217 
    i_postnorm_addsub                                            534      14575      7923       22498 
    i_prenorm_addsub                                             436      13322      6420       19742 
    i_addsub_SUB_UNS_OP_Y_add_114_27                             177       4019      1967        5986 
  PROCESSING_UNITS[1].addsub                                    1375      39397     21820       61217 
    i_postnorm_addsub                                            534      14575      7923       22498 
    i_prenorm_addsub                                             436      13322      6420       19742 
    i_addsub_SUB_UNS_OP_Y_add_114_27                             177       4019      1967        5986 
  PROCESSING_UNITS[0].addsub                                    1375      39337     21820       61157 
    i_postnorm_addsub                                            535      14564      7928       22491 
    i_prenorm_addsub                                             435      13280      6415       19695 
    i_addsub_SUB_UNS_OP_Y_add_114_27                             177       4034      1967        6001 
  PROCESSING_UNITS[0].mul_i_post_norm_mul                       1227      35626     19980       55606 
    inc_ADD_UNS_OP2482_62                                         61       1155       456        1611 
  PROCESSING_UNITS[3].mul_i_post_norm_mul                       1227      35611     19980       55591 
    inc_ADD_UNS_OP2482_62                                         61       1155       456        1611 
  PROCESSING_UNITS[2].mul_i_post_norm_mul                       1227      35611     19980       55591 
    inc_ADD_UNS_OP2482_62                                         61       1155       456        1611 
  PROCESSING_UNITS[1].mul_i_post_norm_mul                       1227      35611     19980       55591 
    inc_ADD_UNS_OP2482_62                                         61       1155       456        1611 
  PROCESSING_UNITS[3].div_i_post_norm_div                        638      22271      9342       31612 
    inc_ADD_UNS_OP698_34                                          60       1136       446        1582 
  PROCESSING_UNITS[2].div_i_post_norm_div                        638      22271      9342       31612 
    inc_ADD_UNS_OP698_34                                          60       1136       446        1582 
  PROCESSING_UNITS[1].div_i_post_norm_div                        638      22271      9342       31612 
    inc_ADD_UNS_OP698_34                                          60       1136       446        1582 
  PROCESSING_UNITS[0].div_i_post_norm_div                        638      22271      9342       31612 
    inc_ADD_UNS_OP698_34                                          60       1136       446        1582 
  PROCESSING_UNITS[3].div_i_serial_div                           578      16938      7975       24913 
    sub_154_17                                                   139       2988      1412        4400 
  PROCESSING_UNITS[2].div_i_serial_div                           578      16938      7975       24913 
    sub_154_17                                                   139       2988      1412        4400 
  PROCESSING_UNITS[1].div_i_serial_div                           578      16938      7975       24913 
    sub_154_17                                                   139       2988      1412        4400 
  PROCESSING_UNITS[0].div_i_serial_div                           578      16938      7975       24913 
    sub_154_17                                                   139       2988      1412        4400 
  PROCESSING_UNITS[0].div_i_pre_norm_div                         420      11515      5788       17304 
    csa_tree_add_118_77_groupi                                    49       2002       569        2571 
  PROCESSING_UNITS[3].div_i_pre_norm_div                         410      11369      5645       17014 
    csa_tree_add_118_77_groupi                                    45       1987       530        2517 
  PROCESSING_UNITS[2].div_i_pre_norm_div                         410      11369      5645       17014 
    csa_tree_add_118_77_groupi                                    45       1987       530        2517 
  PROCESSING_UNITS[1].div_i_pre_norm_div                         410      11369      5645       17014 
    csa_tree_add_118_77_groupi                                    45       1987       530        2517 
  sqrt_i_post_norm_sqrt                                          227       8302      2296       10598 
    inc_ADD_UNS_OP_29                                             56       1061       417        1479 
  sqrt_i_pre_norm_sqrt                                           223       5325      3061        8386 
  PROCESSING_UNITS[3].mul_i_mul_24_csa_tree_add_223_57_groupi     84       4866       996        5862 
  PROCESSING_UNITS[2].mul_i_mul_24_csa_tree_add_223_57_groupi     84       4866       996        5862 
  PROCESSING_UNITS[1].mul_i_mul_24_csa_tree_add_223_57_groupi     84       4866       996        5862 
  PROCESSING_UNITS[0].mul_i_mul_24_csa_tree_add_223_57_groupi     84       4866       996        5862 
  PROCESSING_UNITS[3].mul_i_mul_24_mul_197_52                     83       3112       978        4090 
  PROCESSING_UNITS[3].mul_i_mul_24_mul_196_46                     83       3112       978        4090 
  PROCESSING_UNITS[3].mul_i_mul_24_mul_195_46                     83       3112       978        4090 
  PROCESSING_UNITS[3].mul_i_mul_24_mul_194_38                     83       3112       978        4090 
  PROCESSING_UNITS[2].mul_i_mul_24_mul_197_52                     83       3112       978        4090 
  PROCESSING_UNITS[2].mul_i_mul_24_mul_196_46                     83       3112       978        4090 
  PROCESSING_UNITS[2].mul_i_mul_24_mul_195_46                     83       3112       978        4090 
  PROCESSING_UNITS[2].mul_i_mul_24_mul_194_38                     83       3112       978        4090 
  PROCESSING_UNITS[1].mul_i_mul_24_mul_197_52                     83       3112       978        4090 
  PROCESSING_UNITS[1].mul_i_mul_24_mul_196_46                     83       3112       978        4090 
  PROCESSING_UNITS[1].mul_i_mul_24_mul_195_46                     83       3112       978        4090 
  PROCESSING_UNITS[1].mul_i_mul_24_mul_194_38                     83       3112       978        4090 
  PROCESSING_UNITS[0].mul_i_mul_24_mul_197_52                     83       3112       978        4090 
  PROCESSING_UNITS[0].mul_i_mul_24_mul_196_46                     83       3112       978        4090 
  PROCESSING_UNITS[0].mul_i_mul_24_mul_195_46                     83       3112       978        4090 
  PROCESSING_UNITS[0].mul_i_mul_24_mul_194_38                     83       3112       978        4090 
  PROCESSING_UNITS[3].mul_i_mul_24_csa_tree_add_208_77_groupi     40       2405       467        2872 
  PROCESSING_UNITS[2].mul_i_mul_24_csa_tree_add_208_77_groupi     40       2405       467        2872 
  PROCESSING_UNITS[1].mul_i_mul_24_csa_tree_add_208_77_groupi     40       2405       467        2872 
  PROCESSING_UNITS[0].mul_i_mul_24_csa_tree_add_208_77_groupi     40       2405       467        2872 
