============================================================
  Generated by:           Encounter(R) RTL Compiler RC14.27 - v14.20-s064_1
  Generated on:           May 06 2020  10:12:54 am
  Module:                 shapelet_distance
  Technology libraries:   PwcV162T125_STD_CELL_7RF 
                          physical_cells 
  Operating conditions:   _nominal_ 
  Interconnect mode:      global
  Area mode:              physical library
============================================================

                                        Leakage     Dynamic        Total     
            Instance            Cells  Power(nW)   Power(nW)     Power(nW)   
-----------------------------------------------------------------------------
shapelet_distance               36486 168700.505 217355546.083 217524246.589 
  adder_tree                     3236  13699.074  23789384.584  23803083.658 
    AdderGen[1].ADDER            1352   5620.877  10426966.963  10432587.840 
      i_postnorm_addsub           530   2046.226   4072240.925   4074287.151 
      i_prenorm_addsub            426   1728.882   3299292.752   3301021.634 
      i_addsub_S.._Y_add_114_27   176    715.161   1368801.924   1369517.085 
    AdderGen[0].ADDER            1352   5620.877  11040096.352  11045717.228 
      i_postnorm_addsub           530   2046.226   4245596.072   4247642.298 
      i_prenorm_addsub            426   1728.882   3543925.661   3545654.543 
      i_addsub_S.._Y_add_114_27   176    715.161   1395460.996   1396176.157 
    inc_add_184_54_25              78    309.385    141667.514    141976.899 
    inc_add_184_51_24              79    277.442    139222.118    139499.561 
  sqrt_i_sqrt                    1950   8112.537   5106560.187   5114672.724 
    csa_tree_A..OP_563_groupi     428   1661.457    163358.803    165020.261 
    csa_tree_eq_201_32_groupi     220    879.371   1406699.176   1407578.547 
    addinc_ADD_UNS_OP_2_38         66    399.330     32346.046     32745.376 
    gt_163_14                     115    297.409    156684.135    156981.544 
    gt_184_15                      93    245.442    429766.778    430012.220 
  PROCESSING..ITS[0].addsub      1375   5676.191   9389119.505   9394795.696 
    i_postnorm_addsub             535   1986.724   4259543.229   4261529.953 
    i_prenorm_addsub              435   1755.798   2703838.248   2705594.046 
    i_addsub_S.._Y_add_114_27     177    754.086    909994.694    910748.780 
  PROCESSING..ITS[3].addsub      1375   5675.339   9207092.319   9212767.658 
    i_postnorm_addsub             534   1978.502   4088488.102   4090466.604 
    i_prenorm_addsub              436   1761.271   2751857.611   2753618.883 
    i_addsub_S.._Y_add_114_27     177    758.474    856713.955    857472.429 
  PROCESSING..ITS[1].addsub      1375   5673.308   9437751.420   9443424.728 
    i_postnorm_addsub             534   1978.502   4032098.026   4034076.528 
    i_prenorm_addsub              436   1761.271   2776583.791   2778345.063 
    i_addsub_S.._Y_add_114_27     177    750.731    921336.580    922087.311 
  PROCESSING..ITS[2].addsub      1375   5673.308   9715334.425   9721007.733 
    i_postnorm_addsub             534   1978.502   4371640.886   4373619.388 
    i_prenorm_addsub              436   1761.271   2744262.301   2746023.573 
    i_addsub_S.._Y_add_114_27     177    750.731    889545.703    890296.435 
  PROCESSING..post_norm_mul      1227   5289.119   9030029.697   9035318.816 
    inc_ADD_UNS_OP2482_62          61    245.212    245167.606    245412.818 
  PROCESSING..post_norm_mul      1227   5286.673   8646362.021   8651648.695 
    inc_ADD_UNS_OP2482_62          61    245.212    278854.660    279099.872 
  PROCESSING..post_norm_mul      1227   5286.673   8689348.275   8694634.948 
    inc_ADD_UNS_OP2482_62          61    245.212    262830.835    263076.048 
  PROCESSING..post_norm_mul      1227   5286.673   9008447.980   9013734.653 
    inc_ADD_UNS_OP2482_62          61    245.212    314984.495    315229.707 
  PROCESSING..post_norm_div       638   3160.089   2918463.443   2921623.532 
    inc_ADD_UNS_OP698_34           60    241.010    146567.443    146808.454 
  PROCESSING..post_norm_div       638   3160.089   2109874.775   2113034.864 
    inc_ADD_UNS_OP698_34           60    241.010    101000.280    101241.290 
  PROCESSING..post_norm_div       638   3158.895   2932119.124   2935278.019 
    inc_ADD_UNS_OP698_34           60    241.010    146638.951    146879.961 
  PROCESSING..post_norm_div       638   3158.895   2453239.446   2456398.341 
    inc_ADD_UNS_OP698_34           60    241.010     92566.852     92807.862 
  PROCESSING.._i_serial_div       578   2605.763   1770272.275   1772878.037 
    sub_154_17                    139    520.935    422428.569    422949.505 
  PROCESSING.._i_serial_div       578   2605.763   2270859.777   2273465.539 
    sub_154_17                    139    520.935    705028.295    705549.230 
  PROCESSING.._i_serial_div       578   2605.763   2325197.626   2327803.389 
    sub_154_17                    139    520.935    726321.701    726842.636 
  PROCESSING.._i_serial_div       578   2605.763   2332397.201   2335002.964 
    sub_154_17                    139    520.935    729831.471    730352.407 
  PROCESSING.._pre_norm_div       420   1581.051   1058521.081   1060102.132 
    csa_tree_a..118_77_groupi      49    290.228    219458.024    219748.252 
  PROCESSING.._pre_norm_div       410   1535.375   1481600.595   1483135.970 
    csa_tree_a..118_77_groupi      45    281.014    308684.261    308965.275 
  PROCESSING.._pre_norm_div       410   1535.375   1498495.641   1500031.016 
    csa_tree_a..118_77_groupi      45    281.014    320223.943    320504.957 
  PROCESSING.._pre_norm_div       410   1535.375   1485102.180   1486637.555 
    csa_tree_a..118_77_groupi      45    281.014    304667.797    304948.811 
  sqrt_i_post_norm_sqrt           227   1226.085    594655.925    595882.010 
    inc_ADD_UNS_OP_29              56    225.237     87988.641     88213.878 
  PROCESSING..223_57_groupi        84    727.996   1273830.145   1274558.141 
  PROCESSING..223_57_groupi        84    727.996   1256377.885   1257105.881 
  PROCESSING..223_57_groupi        84    727.996   1266256.911   1266984.906 
  PROCESSING..223_57_groupi        84    727.996   1237299.905   1238027.900 
  sqrt_i_pre_norm_sqrt            223    707.841    637248.531    637956.372 
  PROCESSING..24_mul_197_52        83    492.685    367170.999    367663.684 
  PROCESSING..24_mul_196_46        83    492.685    436314.333    436807.019 
  PROCESSING..24_mul_194_38        83    492.685    397711.875    398204.560 
  PROCESSING..24_mul_195_46        83    492.685    445599.983    446092.669 
  PROCESSING..24_mul_196_46        83    492.685    437645.863    438138.549 
  PROCESSING..24_mul_197_52        83    492.685    362310.244    362802.929 
  PROCESSING..24_mul_194_38        83    492.685    393408.270    393900.955 
  PROCESSING..24_mul_195_46        83    492.685    426207.218    426699.903 
  PROCESSING..24_mul_196_46        83    492.685    424120.993    424613.678 
  PROCESSING..24_mul_194_38        83    492.685    431107.886    431600.571 
  PROCESSING..24_mul_195_46        83    492.685    437980.231    438472.916 
  PROCESSING..24_mul_197_52        83    492.685    334243.812    334736.497 
  PROCESSING..24_mul_194_38        83    492.685    401369.241    401861.927 
  PROCESSING..24_mul_195_46        83    492.685    449726.518    450219.203 
  PROCESSING..24_mul_196_46        83    492.685    436676.722    437169.407 
  PROCESSING..24_mul_197_52        83    492.685    371859.540    372352.225 
  PROCESSING..208_77_groupi        40    352.814    696699.784    697052.599 
  PROCESSING..208_77_groupi        40    352.814    688937.696    689290.510 
  PROCESSING..208_77_groupi        40    352.814    681563.527    681916.341 
  PROCESSING..208_77_groupi        40    352.814    661731.948    662084.762 

