============================================================
  Generated by:           Encounter(R) RTL Compiler RC14.27 - v14.20-s064_1
  Generated on:           May 06 2020  10:54:31 am
  Module:                 shapelet_distance
  Technology libraries:   PwcV162T125_STD_CELL_7RF 
                          physical_cells 
  Operating conditions:   _nominal_ 
  Interconnect mode:      global
  Area mode:              physical library
============================================================

                                      Leakage     Dynamic       Total    
           Instance           Cells  Power(nW)   Power(nW)    Power(nW)  
-------------------------------------------------------------------------
shapelet_distance             35164 164311.645 40557546.844 40721858.489 
  adder_tree                   3071  13386.633 11386941.150 11400327.783 
    AdderGen[0..stnorm_addsub   522   2013.752  2105883.107  2107896.859 
    AdderGen[1..stnorm_addsub   522   2013.752  2116060.169  2118073.922 
    AdderGen[0..renorm_addsub   419   1714.082  1791001.888  1792715.970 
    AdderGen[1..renorm_addsub   419   1714.082  1816593.046  1818307.128 
    AdderGen[0..DDER_i_addsub   300   1470.518  1280536.259  1282006.777 
      SUB_UNS_OP_Y_add_114_27   108    601.577   510032.629   510634.206 
    AdderGen[1..DDER_i_addsub   300   1470.518  1248406.391  1249876.909 
      SUB_UNS_OP_Y_add_114_27   108    601.577   466120.928   466722.505 
    inc_add_184_54_25            77    308.804    92355.931    92664.734 
    inc_add_184_51_24            77    279.299    93569.132    93848.431 
  sqrt_i_sqrt                  1708   7733.480  2567953.518  2575686.998 
    csa_tree_A..OP_563_groupi   309   1540.747   246412.149   247952.895 
    csa_tree_eq_201_32_groupi   219    862.152   608401.331   609263.483 
    addinc_ADD_UNS_OP_2_38       27    328.046    31800.951    32128.997 
    gt_163_14                    95    253.167    45167.003    45420.169 
    gt_184_15                    63    164.785   156683.167   156847.952 
  PROCESSING..post_norm_mul    1225   5292.510   689532.799   694825.308 
    inc_ADD_UNS_OP2482_62        61    245.281    62986.719    63232.000 
  PROCESSING..post_norm_mul    1225   5292.510   658093.293   663385.803 
    inc_ADD_UNS_OP2482_62        61    245.281    50416.180    50661.461 
  PROCESSING..post_norm_mul    1225   5292.510   716886.831   722179.341 
    inc_ADD_UNS_OP2482_62        61    245.281    55001.639    55246.920 
  PROCESSING..post_norm_mul    1225   5290.506   726322.536   731613.043 
    inc_ADD_UNS_OP2482_62        61    245.281    49710.515    49955.797 
  PROCESSING..post_norm_div     628   3213.321   360785.633   363998.954 
    inc_ADD_UNS_OP698_34         60    240.493    12953.731    13194.224 
  PROCESSING..post_norm_div     628   3213.321   362800.239   366013.560 
    inc_ADD_UNS_OP698_34         60    240.493    11024.049    11264.543 
  PROCESSING..post_norm_div     628   3213.321   355001.693   358215.014 
    inc_ADD_UNS_OP698_34         60    240.493    15298.720    15539.213 
  PROCESSING..post_norm_div     628   3213.321   365716.819   368930.140 
    inc_ADD_UNS_OP698_34         60    240.493    19009.774    19250.267 
  PROCESSING.._i_serial_div     520   2505.046   561892.096   564397.142 
    sub_154_17                   78    413.430    85876.693    86290.123 
  PROCESSING.._i_serial_div     520   2505.046   600616.588   603121.634 
    sub_154_17                   78    413.430   106342.651   106756.081 
  PROCESSING.._i_serial_div     520   2505.046   531074.076   533579.122 
    sub_154_17                   78    413.430    90084.136    90497.566 
  PROCESSING.._i_serial_div     520   2505.046   661596.464   664101.510 
    sub_154_17                   78    413.430   116133.256   116546.686 
  PROCESSING..stnorm_addsub     519   1976.767    68121.311    70098.077 
  PROCESSING..stnorm_addsub     519   1976.767    61763.940    63740.707 
  PROCESSING..stnorm_addsub     519   1976.767    81602.369    83579.136 
  PROCESSING..stnorm_addsub     519   1976.767    75260.193    77236.960 
  PROCESSING..renorm_addsub     420   1719.736   122743.350   124463.086 
  PROCESSING..renorm_addsub     420   1714.851   151746.006   153460.857 
  PROCESSING..renorm_addsub     420   1714.851   121757.436   123472.287 
  PROCESSING..renorm_addsub     420   1714.851   179144.908   180859.759 
  PROCESSING.._pre_norm_div     405   1525.847    33571.124    35096.970 
    csa_tree_a..118_77_groupi    45    281.475     5141.601     5423.076 
  PROCESSING.._pre_norm_div     404   1521.815    34351.918    35873.733 
    csa_tree_a..118_77_groupi    45    280.598     6964.684     7245.281 
  PROCESSING.._pre_norm_div     404   1521.815    34805.692    36327.508 
    csa_tree_a..118_77_groupi    45    280.598     5638.347     5918.944 
  PROCESSING.._pre_norm_div     404   1521.815    34413.692    35935.507 
    csa_tree_a..118_77_groupi    45    280.598     7422.949     7703.547 
  PROCESSING..dsub_i_addsub     297   1485.834    60744.167    62230.001 
    SUB_UNS_OP_Y_add_114_27     108    601.577    25693.752    26295.329 
  PROCESSING..dsub_i_addsub     297   1485.834    60022.812    61508.645 
    SUB_UNS_OP_Y_add_114_27     108    601.577    26788.757    27390.333 
  PROCESSING..dsub_i_addsub     297   1485.834    60299.502    61785.335 
    SUB_UNS_OP_Y_add_114_27     108    601.577    24253.660    24855.237 
  PROCESSING..dsub_i_addsub     297   1485.834    60061.079    61546.912 
    SUB_UNS_OP_Y_add_114_27     108    601.577    21792.587    22394.164 
  sqrt_i_post_norm_sqrt         227   1231.286   111825.968   113057.254 
    inc_ADD_UNS_OP_29            56    225.237      964.343     1189.579 
  sqrt_i_pre_norm_sqrt          219    732.596     6409.933     7142.529 
  PROCESSING..223_57_groupi      77    718.867     6074.662     6793.529 
  PROCESSING..223_57_groupi      77    718.867     7444.796     8163.663 
  PROCESSING..223_57_groupi      77    718.867     5858.260     6577.128 
  PROCESSING..223_57_groupi      77    718.867     4829.225     5548.092 
  PROCESSING..24_mul_196_46      83    492.268    29476.760    29969.029 
  PROCESSING..24_mul_194_38      83    492.268    25738.595    26230.864 
  PROCESSING..24_mul_195_46      83    492.268    31853.423    32345.691 
  PROCESSING..24_mul_197_52      83    492.268    36099.931    36592.200 
  PROCESSING..24_mul_194_38      83    492.268    16582.516    17074.784 
  PROCESSING..24_mul_195_46      83    492.268    30228.475    30720.744 
  PROCESSING..24_mul_196_46      83    492.268    25869.872    26362.140 
  PROCESSING..24_mul_197_52      83    492.268    34364.597    34856.865 
  PROCESSING..24_mul_194_38      83    492.268    21298.297    21790.565 
  PROCESSING..24_mul_195_46      83    492.268    24111.310    24603.578 
  PROCESSING..24_mul_196_46      83    492.268    28322.320    28814.588 
  PROCESSING..24_mul_197_52      83    492.268    29997.427    30489.695 
  PROCESSING..24_mul_194_38      83    492.268    19566.728    20058.996 
  PROCESSING..24_mul_196_46      83    492.268    22458.475    22950.743 
  PROCESSING..24_mul_197_52      83    492.268    29586.637    30078.905 
  PROCESSING..24_mul_195_46      83    492.268    27591.689    28083.957 
  PROCESSING..208_77_groupi      38    356.398     5136.314     5492.712 
  PROCESSING..208_77_groupi      38    356.398     4465.322     4821.720 
  PROCESSING..208_77_groupi      38    356.398     5342.398     5698.796 
  PROCESSING..208_77_groupi      38    356.398     4535.011     4891.410 

