============================================================
  Generated by:           Encounter(R) RTL Compiler RC14.27 - v14.20-s064_1
  Generated on:           May 06 2020  10:48:02 am
  Module:                 shapelet_distance
  Technology libraries:   PwcV162T125_STD_CELL_7RF 
                          physical_cells 
  Operating conditions:   _nominal_ 
  Interconnect mode:      global
  Area mode:              physical library
============================================================

         Pin               Type       Fanout  Load  Slew Delay Arrival   
                                              (fF)  (ps)  (ps)   (ps)    
-------------------------------------------------------------------------
(clock clk)              launch                                      0 R 
                         latency                          +350     350 R 
reg_state_s_reg[0]/CLK                                 0           350 R 
reg_state_s_reg[0]/Q     DFF_H            14  248.6  801  +716    1066 R 
g133319/B                                                   +0    1066   
g133319/Z                NAND2_F           4   55.8  304  +170    1235 F 
g133140/B                                                   +0    1235   
g133140/Z                NOR3_B            1   21.8  563  +331    1567 R 
g133062/A                                                   +0    1567   
g133062/Z                INVERT_F          4  120.1  316  +210    1776 F 
g132759/A                                                   +0    1776   
g132759/Z                NAND2_F           9  123.7  546  +331    2108 R 
g132679/A                                                   +0    2108   
g132679/Z                INVERT_H          8  113.4  300  +203    2311 F 
g132670/A                                                   +0    2311   
g132670/Z                NAND2_F           1   77.4  347  +249    2560 R 
g132587/A                                                   +0    2560   
g132587/Z                INVERT_N        128 1643.4  717  +454    3014 F 
g131544/A2                                                  +0    3014   
g131544/Z                AOI222_I          1   21.8   90  +350    3364 R 
g131300/A                                                   +0    3364   
g131300/Z                NAND2_F           1   14.6  120   +62    3426 F 
g131187/A                                                   +0    3426   
g131187/Z                NOR4_B            3   41.0  828  +391    3817 R 
g130848/A1                                                  +0    3817   
g130848/Z                OAI21_C           4   56.2  566  +379    4196 F 
PROCESSING_UNITS[0].addsub_i_addsub/signb_i 
  g2947/B                                                   +0    4196   
  g2947/Z                XOR2_C            2   33.5  425  +363    4559 R 
  g2924/B                                                   +0    4559   
  g2924/Z                XOR2_I           30  388.5  811  +645    5204 R 
  g2923/A                                                   +0    5204   
  g2923/Z                INVERT_I          1   21.1  189   +78    5282 F 
  g2901/B                                                   +0    5282   
  g2901/Z                OR2_K            48  769.1  548  +491    5773 F 
  g2900/A                                                   +0    5773   
  g2900/Z                INVERT_I          7  113.2  364  +268    6042 R 
  g2850/SD                                                  +0    6042   
  g2850/Z                MUX21_I           1   18.5   97  +318    6360 F 
  SUB_UNS_OP_Y_add_114_27/B[0] 
    g1684/B                                                 +0    6360   
    g1684/Z              XOR2_C            1   19.8  371  +201    6561 F 
    g2/CIN                                                  +0    6561   
    g2/COUT              ADDF_E            1   10.8  198  +249    6810 F 
    g3/A                                                    +0    6810   
    g3/Z                 INVERT_A          1   20.2  678  +396    7206 R 
    g1677/CIN                                               +0    7206   
    g1677/COUT           ADDF_E            1   20.2  176  +302    7508 R 
    g1675/CIN                                               +0    7508   
    g1675/COUT           ADDF_E            1   20.2  169  +251    7760 R 
    g1673/CIN                                               +0    7760   
    g1673/COUT           ADDF_E            1   20.2  169  +250    8010 R 
    g1671/CIN                                               +0    8010   
    g1671/COUT           ADDF_E            1   20.2  169  +250    8260 R 
    g1669/CIN                                               +0    8260   
    g1669/COUT           ADDF_E            1   20.2  169  +250    8510 R 
    g1667/CIN                                               +0    8510   
    g1667/COUT           ADDF_E            1   20.2  169  +250    8761 R 
    g1665/CIN                                               +0    8761   
    g1665/COUT           ADDF_E            1   20.2  169  +250    9011 R 
    g1663/CIN                                               +0    9011   
    g1663/COUT           ADDF_E            1   20.2  169  +250    9261 R 
    g1661/CIN                                               +0    9261   
    g1661/COUT           ADDF_E            1   20.2  169  +250    9512 R 
    g1659/CIN                                               +0    9512   
    g1659/COUT           ADDF_E            1   20.2  169  +250    9762 R 
    g1657/CIN                                               +0    9762   
    g1657/COUT           ADDF_E            1   20.2  169  +250   10012 R 
    g1655/CIN                                               +0   10012   
    g1655/COUT           ADDF_E            1   20.2  169  +250   10263 R 
    g1653/CIN                                               +0   10263   
    g1653/COUT           ADDF_E            1   20.2  169  +250   10513 R 
    g1651/CIN                                               +0   10513   
    g1651/COUT           ADDF_E            1   20.2  169  +250   10763 R 
    g1649/CIN                                               +0   10763   
    g1649/COUT           ADDF_E            1   20.2  169  +250   11014 R 
    g1647/CIN                                               +0   11014   
    g1647/COUT           ADDF_E            1   20.2  169  +250   11264 R 
    g1645/CIN                                               +0   11264   
    g1645/COUT           ADDF_E            1   20.2  169  +250   11514 R 
    g1643/CIN                                               +0   11514   
    g1643/COUT           ADDF_E            1   20.2  169  +250   11764 R 
    g1641/CIN                                               +0   11764   
    g1641/COUT           ADDF_E            1   20.2  169  +250   12015 R 
    g1639/CIN                                               +0   12015   
    g1639/COUT           ADDF_E            1   20.2  169  +250   12265 R 
    g1637/CIN                                               +0   12265   
    g1637/COUT           ADDF_E            1   20.2  169  +250   12515 R 
    g1635/CIN                                               +0   12515   
    g1635/COUT           ADDF_E            1   20.2  169  +250   12766 R 
    g1633/CIN                                               +0   12766   
    g1633/COUT           ADDF_E            1   20.2  169  +250   13016 R 
    g1631/CIN                                               +0   13016   
    g1631/COUT           ADDF_E            1   20.2  169  +250   13266 R 
    g1629/CIN                                               +0   13266   
    g1629/COUT           ADDF_E            1   20.2  169  +250   13516 R 
    g1627/CIN                                               +0   13516   
    g1627/COUT           ADDF_E            1   21.0  173  +253   13769 R 
    g1625/B                                                 +0   13769   
    g1625/Z              XNOR2_C           2   23.6  410  +205   13974 F 
  SUB_UNS_OP_Y_add_114_27/Z[27] 
  g1340/A                                                   +0   13974   
  g1340/Z                NOR4_B            1   13.6  449  +247   14221 R 
  g1339/A                                                   +0   14221   
  g1339/Z                NAND4_B           1   13.6  340  +203   14424 F 
  g1338/A                                                   +0   14424   
  g1338/Z                NOR3_B            1   16.2  460  +276   14699 R 
  g1335/A1                                                  +0   14699   
  g1335/Z                AOI21_C           1   13.5  258  +180   14880 F 
  sign_o_reg/D           DFF_E                              +0   14880   
  sign_o_reg/CLK         setup                         0  +236   15115 R 
- - - - - - - - - - - - - - - - - - - - - - - - - - - - - - - - - - - - -
(clock clk)              capture                                 20000 R 
                         latency                          +350   20350 R 
                         uncertainty                      -250   20100 R 
-------------------------------------------------------------------------
Cost Group   : 'clk' (path_group 'clk')
Timing slack :    4985ps 
Start-point  : reg_state_s_reg[0]/CLK
End-point    : PROCESSING_UNITS[0].addsub_i_addsub/sign_o_reg/D
