============================================================
  Generated by:           Encounter(R) RTL Compiler RC14.27 - v14.20-s064_1
  Generated on:           May 06 2020  10:48:02 am
  Module:                 shapelet_distance
  Technology libraries:   PwcV162T125_STD_CELL_7RF 
                          physical_cells 
  Operating conditions:   _nominal_ 
  Interconnect mode:      global
  Area mode:              physical library
============================================================

                           Instance                            Cells  Cell Area  Net Area  Total Area 
------------------------------------------------------------------------------------------------------
shapelet_distance                                              35164    1183199    590185     1773384 
  adder_tree                                                    3071      95280     50906      146187 
    AdderGen[1].ADDER_i_postnorm_addsub                          522      14613      7831       22444 
    AdderGen[0].ADDER_i_postnorm_addsub                          522      14613      7831       22444 
    AdderGen[1].ADDER_i_prenorm_addsub                           419      12998      6101       19099 
    AdderGen[0].ADDER_i_prenorm_addsub                           419      12998      6101       19099 
    AdderGen[1].ADDER_i_addsub                                   300       9118      3540       12658 
      SUB_UNS_OP_Y_add_114_27                                    108       3774      1033        4807 
    AdderGen[0].ADDER_i_addsub                                   300       9118      3540       12658 
      SUB_UNS_OP_Y_add_114_27                                    108       3774      1033        4807 
    inc_add_184_54_25                                             77       1460       575        2036 
    inc_add_184_51_24                                             77       1449       580        2029 
  sqrt_i_sqrt                                                   1708      50777     26445       77222 
    csa_tree_ADD_UNS_OP_563_groupi                               309       9464      3875       13340 
    csa_tree_eq_201_32_groupi                                    219       4328      2123        6451 
    gt_163_14                                                     95       1991      1077        3067 
    addinc_ADD_UNS_OP_2_38                                        27       2311       251        2562 
    gt_184_15                                                     63       1445       716        2161 
  PROCESSING_UNITS[3].mul_i_post_norm_mul                       1225      35589     19970       55559 
    inc_ADD_UNS_OP2482_62                                         61       1155       456        1611 
  PROCESSING_UNITS[2].mul_i_post_norm_mul                       1225      35589     19970       55559 
    inc_ADD_UNS_OP2482_62                                         61       1155       456        1611 
  PROCESSING_UNITS[1].mul_i_post_norm_mul                       1225      35589     19970       55559 
    inc_ADD_UNS_OP2482_62                                         61       1155       456        1611 
  PROCESSING_UNITS[0].mul_i_post_norm_mul                       1225      35589     19970       55559 
    inc_ADD_UNS_OP2482_62                                         61       1155       456        1611 
  PROCESSING_UNITS[3].div_i_post_norm_div                        628      22459      9236       31695 
    inc_ADD_UNS_OP698_34                                          60       1136       446        1582 
  PROCESSING_UNITS[2].div_i_post_norm_div                        628      22459      9236       31695 
    inc_ADD_UNS_OP698_34                                          60       1136       446        1582 
  PROCESSING_UNITS[1].div_i_post_norm_div                        628      22459      9236       31695 
    inc_ADD_UNS_OP698_34                                          60       1136       446        1582 
  PROCESSING_UNITS[0].div_i_post_norm_div                        628      22459      9236       31695 
    inc_ADD_UNS_OP698_34                                          60       1136       446        1582 
  PROCESSING_UNITS[3].div_i_serial_div                           520      16735      7150       23884 
    sub_154_17                                                    78       2762       733        3495 
  PROCESSING_UNITS[2].div_i_serial_div                           520      16735      7150       23884 
    sub_154_17                                                    78       2762       733        3495 
  PROCESSING_UNITS[1].div_i_serial_div                           520      16735      7150       23884 
    sub_154_17                                                    78       2762       733        3495 
  PROCESSING_UNITS[0].div_i_serial_div                           520      16735      7150       23884 
    sub_154_17                                                    78       2762       733        3495 
  PROCESSING_UNITS[3].addsub_i_postnorm_addsub                   519      14526      7760       22286 
  PROCESSING_UNITS[2].addsub_i_postnorm_addsub                   519      14526      7760       22286 
  PROCESSING_UNITS[1].addsub_i_postnorm_addsub                   519      14526      7760       22286 
  PROCESSING_UNITS[0].addsub_i_postnorm_addsub                   519      14526      7760       22286 
  PROCESSING_UNITS[3].addsub_i_prenorm_addsub                    420      13017      6110       19127 
  PROCESSING_UNITS[2].addsub_i_prenorm_addsub                    420      13017      6110       19127 
  PROCESSING_UNITS[1].addsub_i_prenorm_addsub                    420      13017      6110       19127 
  PROCESSING_UNITS[0].addsub_i_prenorm_addsub                    420      12979      6115       19095 
  PROCESSING_UNITS[0].div_i_pre_norm_div                         405      11211      5588       16798 
    csa_tree_add_118_77_groupi                                    45       1987       530        2517 
  PROCESSING_UNITS[3].div_i_pre_norm_div                         404      11173      5583       16756 
    csa_tree_add_118_77_groupi                                    45       1987       530        2517 
  PROCESSING_UNITS[2].div_i_pre_norm_div                         404      11173      5583       16756 
    csa_tree_add_118_77_groupi                                    45       1987       530        2517 
  PROCESSING_UNITS[1].div_i_pre_norm_div                         404      11173      5583       16756 
    csa_tree_add_118_77_groupi                                    45       1987       530        2517 
  PROCESSING_UNITS[3].addsub_i_addsub                            297       9137      3511       12648 
    SUB_UNS_OP_Y_add_114_27                                      108       3774      1033        4807 
  PROCESSING_UNITS[2].addsub_i_addsub                            297       9137      3511       12648 
    SUB_UNS_OP_Y_add_114_27                                      108       3774      1033        4807 
  PROCESSING_UNITS[1].addsub_i_addsub                            297       9137      3511       12648 
    SUB_UNS_OP_Y_add_114_27                                      108       3774      1033        4807 
  PROCESSING_UNITS[0].addsub_i_addsub                            297       9137      3511       12648 
    SUB_UNS_OP_Y_add_114_27                                      108       3774      1033        4807 
  sqrt_i_post_norm_sqrt                                          227       8332      2296       10628 
    inc_ADD_UNS_OP_29                                             56       1061       417        1479 
  sqrt_i_pre_norm_sqrt                                           219       5201      3013        8214 
  PROCESSING_UNITS[3].mul_i_mul_24_csa_tree_add_223_57_groupi     77       4839       901        5741 
  PROCESSING_UNITS[2].mul_i_mul_24_csa_tree_add_223_57_groupi     77       4839       901        5741 
  PROCESSING_UNITS[1].mul_i_mul_24_csa_tree_add_223_57_groupi     77       4839       901        5741 
  PROCESSING_UNITS[0].mul_i_mul_24_csa_tree_add_223_57_groupi     77       4839       901        5741 
  PROCESSING_UNITS[3].mul_i_mul_24_mul_197_52                     83       3112       978        4090 
  PROCESSING_UNITS[3].mul_i_mul_24_mul_196_46                     83       3112       978        4090 
  PROCESSING_UNITS[3].mul_i_mul_24_mul_195_46                     83       3112       978        4090 
  PROCESSING_UNITS[3].mul_i_mul_24_mul_194_38                     83       3112       978        4090 
  PROCESSING_UNITS[2].mul_i_mul_24_mul_197_52                     83       3112       978        4090 
  PROCESSING_UNITS[2].mul_i_mul_24_mul_196_46                     83       3112       978        4090 
  PROCESSING_UNITS[2].mul_i_mul_24_mul_195_46                     83       3112       978        4090 
  PROCESSING_UNITS[2].mul_i_mul_24_mul_194_38                     83       3112       978        4090 
  PROCESSING_UNITS[1].mul_i_mul_24_mul_197_52                     83       3112       978        4090 
  PROCESSING_UNITS[1].mul_i_mul_24_mul_196_46                     83       3112       978        4090 
  PROCESSING_UNITS[1].mul_i_mul_24_mul_195_46                     83       3112       978        4090 
  PROCESSING_UNITS[1].mul_i_mul_24_mul_194_38                     83       3112       978        4090 
  PROCESSING_UNITS[0].mul_i_mul_24_mul_197_52                     83       3112       978        4090 
  PROCESSING_UNITS[0].mul_i_mul_24_mul_196_46                     83       3112       978        4090 
  PROCESSING_UNITS[0].mul_i_mul_24_mul_195_46                     83       3112       978        4090 
  PROCESSING_UNITS[0].mul_i_mul_24_mul_194_38                     83       3112       978        4090 
  PROCESSING_UNITS[3].mul_i_mul_24_csa_tree_add_208_77_groupi     38       2390       439        2828 
  PROCESSING_UNITS[2].mul_i_mul_24_csa_tree_add_208_77_groupi     38       2390       439        2828 
  PROCESSING_UNITS[1].mul_i_mul_24_csa_tree_add_208_77_groupi     38       2390       439        2828 
  PROCESSING_UNITS[0].mul_i_mul_24_csa_tree_add_208_77_groupi     38       2390       439        2828 
