============================================================
  Generated by:           Encounter(R) RTL Compiler RC14.27 - v14.20-s064_1
  Generated on:           May 06 2020  10:48:03 am
  Module:                 shapelet_distance
  Technology libraries:   PwcV162T125_STD_CELL_7RF 
                          physical_cells 
  Operating conditions:   _nominal_ 
  Interconnect mode:      global
  Area mode:              physical library
============================================================

                                    
    Gate     Instances     Area               Library           
----------------------------------------------------------------
ADDF_D               1       90.317    PwcV162T125_STD_CELL_7RF 
ADDF_E            1118   100974.182    PwcV162T125_STD_CELL_7RF 
AND2_D              48     1083.802    PwcV162T125_STD_CELL_7RF 
AND2_E              32      722.534    PwcV162T125_STD_CELL_7RF 
AND2_F              16      361.267    PwcV162T125_STD_CELL_7RF 
AND2_H             165     3725.568    PwcV162T125_STD_CELL_7RF 
AND2_I             370     8354.304    PwcV162T125_STD_CELL_7RF 
AND2_K              12      361.267    PwcV162T125_STD_CELL_7RF 
AND3_H              22      579.533    PwcV162T125_STD_CELL_7RF 
AND3_I              88     2318.131    PwcV162T125_STD_CELL_7RF 
AND3_K               4      150.528    PwcV162T125_STD_CELL_7RF 
AND4_E              52     1565.491    PwcV162T125_STD_CELL_7RF 
AO21_C              13      342.451    PwcV162T125_STD_CELL_7RF 
AO21_D              20      526.848    PwcV162T125_STD_CELL_7RF 
AO21_E             277     7296.845    PwcV162T125_STD_CELL_7RF 
AO21_F              19      500.506    PwcV162T125_STD_CELL_7RF 
AO21_H             206     5426.534    PwcV162T125_STD_CELL_7RF 
AO21_I             182     4794.317    PwcV162T125_STD_CELL_7RF 
AO21_K               6      248.371    PwcV162T125_STD_CELL_7RF 
AO2222_C             8      421.478    PwcV162T125_STD_CELL_7RF 
AO2222_D           100     5268.480    PwcV162T125_STD_CELL_7RF 
AO2222_E           837    44097.178    PwcV162T125_STD_CELL_7RF 
AO222_C              4      180.634    PwcV162T125_STD_CELL_7RF 
AO222_D             44     1986.970    PwcV162T125_STD_CELL_7RF 
AO222_E            428    19327.795    PwcV162T125_STD_CELL_7RF 
AO22_B            2195    66081.792    PwcV162T125_STD_CELL_7RF 
AO22_D              13      391.373    PwcV162T125_STD_CELL_7RF 
AO22_E             354    10657.382    PwcV162T125_STD_CELL_7RF 
AO22_F             105     3161.088    PwcV162T125_STD_CELL_7RF 
AO22_H             146     4395.418    PwcV162T125_STD_CELL_7RF 
AO22_K               3      169.344    PwcV162T125_STD_CELL_7RF 
AO33_H               1       60.211    PwcV162T125_STD_CELL_7RF 
AOI21_A             12      225.792    PwcV162T125_STD_CELL_7RF 
AOI21_C            532    10010.112    PwcV162T125_STD_CELL_7RF 
AOI21_E              1       26.342    PwcV162T125_STD_CELL_7RF 
AOI21_F              1       41.395    PwcV162T125_STD_CELL_7RF 
AOI2222_H           89     5358.797    PwcV162T125_STD_CELL_7RF 
AOI2222_I           24     1445.069    PwcV162T125_STD_CELL_7RF 
AOI222_H           108     5689.958    PwcV162T125_STD_CELL_7RF 
AOI222_I            59     3108.403    PwcV162T125_STD_CELL_7RF 
AOI22_C            958    21630.874    PwcV162T125_STD_CELL_7RF 
BUFFER_I             2       37.632    PwcV162T125_STD_CELL_7RF 
BUFFER_L             6      158.054    PwcV162T125_STD_CELL_7RF 
BUFFER_O             8      391.373    PwcV162T125_STD_CELL_7RF 
CLKI_I               9      338.688    PwcV162T125_STD_CELL_7RF 
CLKI_K               2       90.317    PwcV162T125_STD_CELL_7RF 
CLKI_M               7      474.163    PwcV162T125_STD_CELL_7RF 
CLK_K                5      169.344    PwcV162T125_STD_CELL_7RF 
CLK_M                1       60.211    PwcV162T125_STD_CELL_7RF 
COMP2_E              1       67.738    PwcV162T125_STD_CELL_7RF 
DFF_E             8547   450296.986    PwcV162T125_STD_CELL_7RF 
DFF_H               59     3552.461    PwcV162T125_STD_CELL_7RF 
DFF_K               48     3973.939    PwcV162T125_STD_CELL_7RF 
INVERTBAL_E         96     1083.802    PwcV162T125_STD_CELL_7RF 
INVERTBAL_H        685     7733.376    PwcV162T125_STD_CELL_7RF 
INVERTBAL_L          1       33.869    PwcV162T125_STD_CELL_7RF 
INVERT_A             7       79.027    PwcV162T125_STD_CELL_7RF 
INVERT_D           430     4854.528    PwcV162T125_STD_CELL_7RF 
INVERT_E           240     2709.504    PwcV162T125_STD_CELL_7RF 
INVERT_F          1103    12452.429    PwcV162T125_STD_CELL_7RF 
INVERT_H           148     1670.861    PwcV162T125_STD_CELL_7RF 
INVERT_I           231     2607.898    PwcV162T125_STD_CELL_7RF 
INVERT_L             8      150.528    PwcV162T125_STD_CELL_7RF 
INVERT_M             4      120.422    PwcV162T125_STD_CELL_7RF 
INVERT_N             4      150.528    PwcV162T125_STD_CELL_7RF 
INVERT_O             1       48.922    PwcV162T125_STD_CELL_7RF 
INVERT_U             2      195.686    PwcV162T125_STD_CELL_7RF 
MUX21I_B             6      158.054    PwcV162T125_STD_CELL_7RF 
MUX21I_D          2279    60034.330    PwcV162T125_STD_CELL_7RF 
MUX21_D           1131    38305.613    PwcV162T125_STD_CELL_7RF 
MUX21_E            418    14157.158    PwcV162T125_STD_CELL_7RF 
MUX21_F              6      203.213    PwcV162T125_STD_CELL_7RF 
MUX21_H             61     2065.997    PwcV162T125_STD_CELL_7RF 
MUX21_I           1047    35460.634    PwcV162T125_STD_CELL_7RF 
NAND2BAL_H           6      112.896    PwcV162T125_STD_CELL_7RF 
NAND2_C             21      316.109    PwcV162T125_STD_CELL_7RF 
NAND2_D              9      135.475    PwcV162T125_STD_CELL_7RF 
NAND2_E            149     2242.867    PwcV162T125_STD_CELL_7RF 
NAND2_F           2647    39844.762    PwcV162T125_STD_CELL_7RF 
NAND2_J              3       90.317    PwcV162T125_STD_CELL_7RF 
NAND2_L              1       45.158    PwcV162T125_STD_CELL_7RF 
NAND3_C              4       90.317    PwcV162T125_STD_CELL_7RF 
NAND3_D              6      135.475    PwcV162T125_STD_CELL_7RF 
NAND3_E            140     3161.088    PwcV162T125_STD_CELL_7RF 
NAND4_B            213     4809.370    PwcV162T125_STD_CELL_7RF 
NAND4_D              6      225.792    PwcV162T125_STD_CELL_7RF 
NOR2_B             242     3642.778    PwcV162T125_STD_CELL_7RF 
NOR2_C             176     2649.293    PwcV162T125_STD_CELL_7RF 
NOR2_D              61      918.221    PwcV162T125_STD_CELL_7RF 
NOR2_E            1715    25815.552    PwcV162T125_STD_CELL_7RF 
NOR2_F              14      368.794    PwcV162T125_STD_CELL_7RF 
NOR2_H              65     1712.256    PwcV162T125_STD_CELL_7RF 
NOR2_I              11      331.162    PwcV162T125_STD_CELL_7RF 
NOR3_B             164     3085.824    PwcV162T125_STD_CELL_7RF 
NOR3_C               9      270.950    PwcV162T125_STD_CELL_7RF 
NOR3_D              40     1204.224    PwcV162T125_STD_CELL_7RF 
NOR3_E               9      338.688    PwcV162T125_STD_CELL_7RF 
NOR4_B             375     7056.000    PwcV162T125_STD_CELL_7RF 
NOR4_C              12      451.584    PwcV162T125_STD_CELL_7RF 
OA21_I             120     3161.088    PwcV162T125_STD_CELL_7RF 
OA21_K               4      225.792    PwcV162T125_STD_CELL_7RF 
OA2222_F            57     3646.541    PwcV162T125_STD_CELL_7RF 
OA222_C             35     1843.968    PwcV162T125_STD_CELL_7RF 
OA22_H              79     2378.342    PwcV162T125_STD_CELL_7RF 
OA22_I               1       30.106    PwcV162T125_STD_CELL_7RF 
OAI21_C            799    15033.984    PwcV162T125_STD_CELL_7RF 
OAI21_E              8      210.739    PwcV162T125_STD_CELL_7RF 
OAI21_F              1       37.632    PwcV162T125_STD_CELL_7RF 
OAI2222_H           17     1215.514    PwcV162T125_STD_CELL_7RF 
OAI222_H             6      361.267    PwcV162T125_STD_CELL_7RF 
OAI22_B            433    11406.259    PwcV162T125_STD_CELL_7RF 
OAI22_C              5      169.344    PwcV162T125_STD_CELL_7RF 
OR2_E               10      225.792    PwcV162T125_STD_CELL_7RF 
OR2_F               17      383.846    PwcV162T125_STD_CELL_7RF 
OR2_H                7      158.054    PwcV162T125_STD_CELL_7RF 
OR2_I              529    11944.397    PwcV162T125_STD_CELL_7RF 
OR2_K               10      301.056    PwcV162T125_STD_CELL_7RF 
OR3_H               46     1384.858    PwcV162T125_STD_CELL_7RF 
OR4_E              140     4214.784    PwcV162T125_STD_CELL_7RF 
XNOR2_B              3       79.027    PwcV162T125_STD_CELL_7RF 
XNOR2_C            754    19862.170    PwcV162T125_STD_CELL_7RF 
XNOR2_J              1       45.158    PwcV162T125_STD_CELL_7RF 
XOR2_B              17      447.821    PwcV162T125_STD_CELL_7RF 
XOR2_C             684    18018.202    PwcV162T125_STD_CELL_7RF 
XOR2_I               4      150.528    PwcV162T125_STD_CELL_7RF 
XOR2_J               2       97.843    PwcV162T125_STD_CELL_7RF 
XOR3_F               1       63.974    PwcV162T125_STD_CELL_7RF 
----------------------------------------------------------------
total            35164  1183199.002                             


                                        
   Type    Instances     Area    Area % 
----------------------------------------
sequential      8654  457823.386   38.7 
inverter        2978   34794.547    2.9 
buffer            22     816.614    0.1 
logic          23510  689764.454   58.3 
----------------------------------------
total          35164 1183199.002  100.0 

