============================================================
  Generated by:           Encounter(R) RTL Compiler RC14.27 - v14.20-s064_1
  Generated on:           May 06 2020  11:05:38 am
  Module:                 shapelet_distance
  Technology libraries:   PwcV162T125_STD_CELL_7RF 
                          physical_cells 
  Operating conditions:   _nominal_ 
  Interconnect mode:      global
  Area mode:              physical library
============================================================

                                   
    Gate     Instances     Area              Library           
---------------------------------------------------------------
ADDF_D              16    1445.069    PwcV162T125_STD_CELL_7RF 
ADDF_E             455   41094.144    PwcV162T125_STD_CELL_7RF 
AND2_C               1      22.579    PwcV162T125_STD_CELL_7RF 
AND2_D              50    1128.960    PwcV162T125_STD_CELL_7RF 
AND2_E               4      90.317    PwcV162T125_STD_CELL_7RF 
AND2_F               4      90.317    PwcV162T125_STD_CELL_7RF 
AND2_H             114    2574.029    PwcV162T125_STD_CELL_7RF 
AND2_I             402    9076.838    PwcV162T125_STD_CELL_7RF 
AND2_K              12     361.267    PwcV162T125_STD_CELL_7RF 
AND3_E               4     105.370    PwcV162T125_STD_CELL_7RF 
AND3_H              12     316.109    PwcV162T125_STD_CELL_7RF 
AND3_I              62    1633.229    PwcV162T125_STD_CELL_7RF 
AND3_K               5     188.160    PwcV162T125_STD_CELL_7RF 
AND4_E              23     692.429    PwcV162T125_STD_CELL_7RF 
AND4_H               1      33.869    PwcV162T125_STD_CELL_7RF 
AND4_K               1      60.211    PwcV162T125_STD_CELL_7RF 
AO21_C               8     210.739    PwcV162T125_STD_CELL_7RF 
AO21_D              22     579.533    PwcV162T125_STD_CELL_7RF 
AO21_E             100    2634.240    PwcV162T125_STD_CELL_7RF 
AO21_F              86    2265.446    PwcV162T125_STD_CELL_7RF 
AO21_H              50    1317.120    PwcV162T125_STD_CELL_7RF 
AO21_I             308    8113.459    PwcV162T125_STD_CELL_7RF 
AO21_K               2      82.790    PwcV162T125_STD_CELL_7RF 
AO2222_C            20    1053.696    PwcV162T125_STD_CELL_7RF 
AO2222_D            47    2476.186    PwcV162T125_STD_CELL_7RF 
AO2222_E           633   33349.478    PwcV162T125_STD_CELL_7RF 
AO222_C             15     677.376    PwcV162T125_STD_CELL_7RF 
AO222_D             10     451.584    PwcV162T125_STD_CELL_7RF 
AO222_E            274   12373.402    PwcV162T125_STD_CELL_7RF 
AO22_B            1273   38324.429    PwcV162T125_STD_CELL_7RF 
AO22_D              13     391.373    PwcV162T125_STD_CELL_7RF 
AO22_E            1051   31640.986    PwcV162T125_STD_CELL_7RF 
AO22_F             114    3432.038    PwcV162T125_STD_CELL_7RF 
AO22_H             108    3251.405    PwcV162T125_STD_CELL_7RF 
AO22_K               6     338.688    PwcV162T125_STD_CELL_7RF 
AO33_H               2     120.422    PwcV162T125_STD_CELL_7RF 
AOI21_A             11     206.976    PwcV162T125_STD_CELL_7RF 
AOI21_B              3      56.448    PwcV162T125_STD_CELL_7RF 
AOI21_C            311    5851.776    PwcV162T125_STD_CELL_7RF 
AOI21_D              2      52.685    PwcV162T125_STD_CELL_7RF 
AOI21_E              7     184.397    PwcV162T125_STD_CELL_7RF 
AOI21_F              3     124.186    PwcV162T125_STD_CELL_7RF 
AOI2222_H           31    1866.547    PwcV162T125_STD_CELL_7RF 
AOI2222_I            8     481.690    PwcV162T125_STD_CELL_7RF 
AOI222_H            42    2212.762    PwcV162T125_STD_CELL_7RF 
AOI222_I            27    1422.490    PwcV162T125_STD_CELL_7RF 
AOI22_C            348    7857.562    PwcV162T125_STD_CELL_7RF 
BUFFER_I             2      37.632    PwcV162T125_STD_CELL_7RF 
BUFFER_K             3      79.027    PwcV162T125_STD_CELL_7RF 
BUFFER_L             5     131.712    PwcV162T125_STD_CELL_7RF 
BUFFER_O             1      48.922    PwcV162T125_STD_CELL_7RF 
CLKI_I               1      37.632    PwcV162T125_STD_CELL_7RF 
CLKI_K               1      45.158    PwcV162T125_STD_CELL_7RF 
CLK_I                1      26.342    PwcV162T125_STD_CELL_7RF 
CLK_K                2      67.738    PwcV162T125_STD_CELL_7RF 
DFFS_E               1      67.738    PwcV162T125_STD_CELL_7RF 
DFF_E             5597  294876.826    PwcV162T125_STD_CELL_7RF 
DFF_H               22    1324.646    PwcV162T125_STD_CELL_7RF 
DFF_K               22    1821.389    PwcV162T125_STD_CELL_7RF 
INVERTBAL_E         67     756.403    PwcV162T125_STD_CELL_7RF 
INVERTBAL_H        253    2856.269    PwcV162T125_STD_CELL_7RF 
INVERT_D           261    2946.586    PwcV162T125_STD_CELL_7RF 
INVERT_E           162    1828.915    PwcV162T125_STD_CELL_7RF 
INVERT_F           576    6502.810    PwcV162T125_STD_CELL_7RF 
INVERT_H           125    1411.200    PwcV162T125_STD_CELL_7RF 
INVERT_I           137    1546.675    PwcV162T125_STD_CELL_7RF 
INVERT_K             2      37.632    PwcV162T125_STD_CELL_7RF 
INVERT_L            17     319.872    PwcV162T125_STD_CELL_7RF 
INVERT_M            13     391.373    PwcV162T125_STD_CELL_7RF 
INVERT_N             9     338.688    PwcV162T125_STD_CELL_7RF 
INVERT_U             7     684.902    PwcV162T125_STD_CELL_7RF 
MUX21I_B             8     210.739    PwcV162T125_STD_CELL_7RF 
MUX21I_C            67    1764.941    PwcV162T125_STD_CELL_7RF 
MUX21I_D          1248   32875.315    PwcV162T125_STD_CELL_7RF 
MUX21_D            438   14834.534    PwcV162T125_STD_CELL_7RF 
MUX21_E            294    9957.427    PwcV162T125_STD_CELL_7RF 
MUX21_F             53    1795.046    PwcV162T125_STD_CELL_7RF 
MUX21_H             44    1490.227    PwcV162T125_STD_CELL_7RF 
MUX21_I            489   16561.843    PwcV162T125_STD_CELL_7RF 
NAND2BAL_H           7     131.712    PwcV162T125_STD_CELL_7RF 
NAND2_C             16     240.845    PwcV162T125_STD_CELL_7RF 
NAND2_D             35     526.848    PwcV162T125_STD_CELL_7RF 
NAND2_E            148    2227.814    PwcV162T125_STD_CELL_7RF 
NAND2_F           1579   23768.371    PwcV162T125_STD_CELL_7RF 
NAND2_H              4     120.422    PwcV162T125_STD_CELL_7RF 
NAND2_I              1      30.106    PwcV162T125_STD_CELL_7RF 
NAND2_J             29     873.062    PwcV162T125_STD_CELL_7RF 
NAND2_K              2      82.790    PwcV162T125_STD_CELL_7RF 
NAND2_M              1      60.211    PwcV162T125_STD_CELL_7RF 
NAND3_C              4      90.317    PwcV162T125_STD_CELL_7RF 
NAND3_D              2      45.158    PwcV162T125_STD_CELL_7RF 
NAND3_E            122    2754.662    PwcV162T125_STD_CELL_7RF 
NAND3_H              1      37.632    PwcV162T125_STD_CELL_7RF 
NAND3_J              1      63.974    PwcV162T125_STD_CELL_7RF 
NAND4_B            119    2686.925    PwcV162T125_STD_CELL_7RF 
NAND4_D              4     150.528    PwcV162T125_STD_CELL_7RF 
NOR2_B             177    2664.346    PwcV162T125_STD_CELL_7RF 
NOR2_C             250    3763.200    PwcV162T125_STD_CELL_7RF 
NOR2_D              25     376.320    PwcV162T125_STD_CELL_7RF 
NOR2_E            1008   15173.222    PwcV162T125_STD_CELL_7RF 
NOR2_H              18     474.163    PwcV162T125_STD_CELL_7RF 
NOR2_I               9     270.950    PwcV162T125_STD_CELL_7RF 
NOR2_J               1      45.158    PwcV162T125_STD_CELL_7RF 
NOR3_B             134    2521.344    PwcV162T125_STD_CELL_7RF 
NOR3_C               3      90.317    PwcV162T125_STD_CELL_7RF 
NOR3_D              15     451.584    PwcV162T125_STD_CELL_7RF 
NOR3_E               3     112.896    PwcV162T125_STD_CELL_7RF 
NOR3_F               1      41.395    PwcV162T125_STD_CELL_7RF 
NOR4_B             303    5701.248    PwcV162T125_STD_CELL_7RF 
NOR4_C               1      37.632    PwcV162T125_STD_CELL_7RF 
OA21_H               1      26.342    PwcV162T125_STD_CELL_7RF 
OA21_I             139    3661.594    PwcV162T125_STD_CELL_7RF 
OA21_K               1      56.448    PwcV162T125_STD_CELL_7RF 
OA2222_F            51    3262.694    PwcV162T125_STD_CELL_7RF 
OA222_C              9     474.163    PwcV162T125_STD_CELL_7RF 
OA22_H              24     722.534    PwcV162T125_STD_CELL_7RF 
OA22_I               5     150.528    PwcV162T125_STD_CELL_7RF 
OAI21_C            498    9370.368    PwcV162T125_STD_CELL_7RF 
OAI21_E             16     421.478    PwcV162T125_STD_CELL_7RF 
OAI2222_H           12     858.010    PwcV162T125_STD_CELL_7RF 
OAI22_B            255    6717.312    PwcV162T125_STD_CELL_7RF 
OR2_E                6     135.475    PwcV162T125_STD_CELL_7RF 
OR2_F               11     248.371    PwcV162T125_STD_CELL_7RF 
OR2_H               19     429.005    PwcV162T125_STD_CELL_7RF 
OR2_I              279    6299.597    PwcV162T125_STD_CELL_7RF 
OR2_K                7     210.739    PwcV162T125_STD_CELL_7RF 
OR3_H               19     572.006    PwcV162T125_STD_CELL_7RF 
OR4_E               72    2167.603    PwcV162T125_STD_CELL_7RF 
OR4_F                1      37.632    PwcV162T125_STD_CELL_7RF 
OR4_H                1      37.632    PwcV162T125_STD_CELL_7RF 
XNOR2_B             65    1712.256    PwcV162T125_STD_CELL_7RF 
XNOR2_C            395   10405.248    PwcV162T125_STD_CELL_7RF 
XNOR3_F              2     127.949    PwcV162T125_STD_CELL_7RF 
XNOR3_H              3     191.923    PwcV162T125_STD_CELL_7RF 
XOR2_B              28     737.587    PwcV162T125_STD_CELL_7RF 
XOR2_C             513   13513.651    PwcV162T125_STD_CELL_7RF 
XOR2_J               2      97.843    PwcV162T125_STD_CELL_7RF 
XOR3_H               7     447.821    PwcV162T125_STD_CELL_7RF 
---------------------------------------------------------------
total            22493  748699.930                             


                                       
   Type    Instances    Area    Area % 
---------------------------------------
sequential      5642 298090.598   39.8 
inverter        1631  19704.115    2.6 
buffer            14    391.373    0.1 
logic          15206 430513.843   57.5 
---------------------------------------
total          22493 748699.930  100.0 

