============================================================
  Generated by:           Encounter(R) RTL Compiler RC14.27 - v14.20-s064_1
  Generated on:           May 06 2020  11:05:38 am
  Module:                 shapelet_distance
  Technology libraries:   PwcV162T125_STD_CELL_7RF 
                          physical_cells 
  Operating conditions:   _nominal_ 
  Interconnect mode:      global
  Area mode:              physical library
============================================================

                                      Leakage     Dynamic        Total     
           Instance           Cells  Power(nW)   Power(nW)     Power(nW)   
---------------------------------------------------------------------------
shapelet_distance             22493 103138.342 126026773.348 126129911.689 
  sqrt_i_sqrt                  1950   8113.672   5317000.761   5325114.433 
    csa_tree_A..OP_563_groupi   428   1661.457    216893.568    218555.025 
    csa_tree_eq_201_32_groupi   220    879.371   1406635.542   1407514.913 
    addinc_ADD_UNS_OP_2_35       66    399.330     43937.149     44336.480 
    gt_163_14                   115    298.543    172910.910    173209.453 
    gt_184_15                    93    245.442    434026.872    434272.314 
  adder_tree..rGen[0].ADDER    1382   5720.147  10570819.073  10576539.219 
    i_postnorm_addsub           530   2056.197   4211836.837   4213893.034 
    i_prenorm_addsub            447   1783.581   3393107.602   3394891.183 
    i_addsub_S.._Y_add_114_27   168    717.652   1219502.268   1220219.919 
  PROCESSING..ITS[1].addsub    1354   5598.382   9604037.967   9609636.349 
    i_postnorm_addsub           519   1963.974   4111022.260   4112986.234 
    i_prenorm_addsub            422   1681.671   2743415.217   2745096.888 
    i_addsub_S.._Y_add_114_27   189    804.327   1128670.124   1129474.451 
  PROCESSING..ITS[0].addsub    1352   5575.217   9297470.637   9303045.854 
    i_postnorm_addsub           513   1955.691   3936086.024   3938041.715 
    i_prenorm_addsub            422   1682.187   2773229.834   2774912.021 
    i_addsub_S.._Y_add_114_27   189    788.323   1044474.264   1045262.588 
  PROCESSING..post_norm_mul    1227   5289.119   9363499.128   9368788.247 
    inc_ADD_UNS_OP2482_59        61    245.212    261653.802    261899.015 
  PROCESSING..post_norm_mul    1227   5286.673   8869159.635   8874446.309 
    inc_ADD_UNS_OP2482_59        61    245.212    300835.208    301080.420 
  PROCESSING..post_norm_div     638   3160.089   2905151.046   2908311.135 
    inc_ADD_UNS_OP698_31         60    241.010    125003.406    125244.416 
  PROCESSING..post_norm_div     638   3160.089   2171664.805   2174824.894 
    inc_ADD_UNS_OP698_31         60    241.010     89333.370     89574.380 
  PROCESSING.._i_serial_div     578   2605.763   1912334.102   1914939.865 
    sub_154_17                  139    520.935    454003.930    454524.866 
  PROCESSING.._i_serial_div     578   2605.763   2332213.111   2334818.874 
    sub_154_17                  139    520.935    720588.417    721109.353 
  PROCESSING.._pre_norm_div     416   1553.379   1064345.802   1065899.181 
    csa_tree_a..118_77_groupi    50    290.369    225667.681    225958.050 
  PROCESSING.._pre_norm_div     409   1531.614   1493831.029   1495362.642 
    csa_tree_a..118_77_groupi    45    280.666    317612.266    317892.933 
  sqrt_i_post_norm_sqrt         227   1226.085    590475.718    591701.803 
    inc_ADD_UNS_OP_26            56    225.237     83612.121     83837.358 
  PROCESSING..223_57_groupi      84    727.996   1226256.336   1226984.332 
  PROCESSING..223_57_groupi      84    727.996   1206365.935   1207093.931 
  sqrt_i_pre_norm_sqrt          223    707.841    651570.371    652278.212 
  PROCESSING..24_mul_194_38      83    487.365    387159.990    387647.355 
  PROCESSING..24_mul_195_46      83    487.365    438124.611    438611.976 
  PROCESSING..24_mul_196_46      83    487.365    442672.353    443159.718 
  PROCESSING..24_mul_197_52      83    487.365    377889.235    378376.600 
  PROCESSING..24_mul_194_38      83    487.365    401513.371    402000.736 
  PROCESSING..24_mul_195_46      83    487.365    444321.573    444808.938 
  PROCESSING..24_mul_196_46      83    487.365    451440.072    451927.437 
  PROCESSING..24_mul_197_52      83    487.365    374695.289    375182.654 
  PROCESSING..208_77_groupi      38    351.609    687181.524    687533.133 
  PROCESSING..208_77_groupi      38    351.609    725187.308    725538.917 

