============================================================
  Generated by:           Encounter(R) RTL Compiler RC14.27 - v14.20-s064_1
  Generated on:           May 06 2020  11:05:37 am
  Module:                 shapelet_distance
  Technology libraries:   PwcV162T125_STD_CELL_7RF 
                          physical_cells 
  Operating conditions:   _nominal_ 
  Interconnect mode:      global
  Area mode:              physical library
============================================================

                           Instance                            Cells  Cell Area  Net Area  Total Area 
------------------------------------------------------------------------------------------------------
shapelet_distance                                              22493     748700    379910     1128610 
  sqrt_i_sqrt                                                   1950      52602     29628       82230 
    csa_tree_ADD_UNS_OP_563_groupi                               428      10202      5419       15621 
    csa_tree_eq_201_32_groupi                                    220       4350      2133        6483 
    gt_163_14                                                    115       2141      1317        3458 
    addinc_ADD_UNS_OP_2_35                                        66       2567       687        3253 
    gt_184_15                                                     93       1923      1071        2994 
  adder_tree_AdderGen[0].ADDER                                  1382      39171     21779       60951 
    i_postnorm_addsub                                            530      14639      7898       22537 
    i_prenorm_addsub                                             447      13303      6493       19796 
    i_addsub_SUB_UNS_OP_Y_add_114_27                             168       3872      1875        5747 
  PROCESSING_UNITS[1].addsub                                    1354      38825     21462       60287 
    i_postnorm_addsub                                            519      14357      7704       22060 
    i_prenorm_addsub                                             422      13047      6276       19323 
    i_addsub_SUB_UNS_OP_Y_add_114_27                             189       4162      2110        6272 
  PROCESSING_UNITS[0].addsub                                    1352      38757     21448       60205 
    i_postnorm_addsub                                            513      14311      7646       21957 
    i_prenorm_addsub                                             422      13047      6276       19323 
    i_addsub_SUB_UNS_OP_Y_add_114_27                             189       4117      2110        6227 
  PROCESSING_UNITS[0].mul_i_post_norm_mul                       1227      35626     19980       55606 
    inc_ADD_UNS_OP2482_59                                         61       1155       456        1611 
  PROCESSING_UNITS[1].mul_i_post_norm_mul                       1227      35611     19980       55591 
    inc_ADD_UNS_OP2482_59                                         61       1155       456        1611 
  PROCESSING_UNITS[1].div_i_post_norm_div                        638      22271      9342       31612 
    inc_ADD_UNS_OP698_31                                          60       1136       446        1582 
  PROCESSING_UNITS[0].div_i_post_norm_div                        638      22271      9342       31612 
    inc_ADD_UNS_OP698_31                                          60       1136       446        1582 
  PROCESSING_UNITS[1].div_i_serial_div                           578      16938      7975       24913 
    sub_154_17                                                   139       2988      1412        4400 
  PROCESSING_UNITS[0].div_i_serial_div                           578      16938      7975       24913 
    sub_154_17                                                   139       2988      1412        4400 
  PROCESSING_UNITS[0].div_i_pre_norm_div                         416      11440      5755       17195 
    csa_tree_add_118_77_groupi                                    50       2006       583        2589 
  PROCESSING_UNITS[1].div_i_pre_norm_div                         409      11346      5631       16977 
    csa_tree_add_118_77_groupi                                    45       1987       530        2517 
  sqrt_i_post_norm_sqrt                                          227       8302      2296       10598 
    inc_ADD_UNS_OP_26                                             56       1061       417        1479 
  sqrt_i_pre_norm_sqrt                                           223       5325      3061        8386 
  PROCESSING_UNITS[1].mul_i_mul_24_csa_tree_add_223_57_groupi     84       4866       996        5862 
  PROCESSING_UNITS[0].mul_i_mul_24_csa_tree_add_223_57_groupi     84       4866       996        5862 
  PROCESSING_UNITS[1].mul_i_mul_24_mul_197_52                     83       3112       978        4090 
  PROCESSING_UNITS[1].mul_i_mul_24_mul_196_46                     83       3112       978        4090 
  PROCESSING_UNITS[1].mul_i_mul_24_mul_195_46                     83       3112       978        4090 
  PROCESSING_UNITS[1].mul_i_mul_24_mul_194_38                     83       3112       978        4090 
  PROCESSING_UNITS[0].mul_i_mul_24_mul_197_52                     83       3112       978        4090 
  PROCESSING_UNITS[0].mul_i_mul_24_mul_196_46                     83       3112       978        4090 
  PROCESSING_UNITS[0].mul_i_mul_24_mul_195_46                     83       3112       978        4090 
  PROCESSING_UNITS[0].mul_i_mul_24_mul_194_38                     83       3112       978        4090 
  PROCESSING_UNITS[1].mul_i_mul_24_csa_tree_add_208_77_groupi     38       2390       439        2828 
  PROCESSING_UNITS[0].mul_i_mul_24_csa_tree_add_208_77_groupi     38       2390       439        2828 
