============================================================
  Generated by:           Encounter(R) RTL Compiler RC14.27 - v14.20-s064_1
  Generated on:           May 06 2020  11:05:37 am
  Module:                 shapelet_distance
  Technology libraries:   PwcV162T125_STD_CELL_7RF 
                          physical_cells 
  Operating conditions:   _nominal_ 
  Interconnect mode:      global
  Area mode:              physical library
============================================================

         Pin                Type       Fanout  Load Slew Delay Arrival   
                                               (fF) (ps)  (ps)   (ps)    
-------------------------------------------------------------------------
(clock clk)               launch                                     0 R 
                          latency                         +350     350 R 
reg_state_s_reg[4]/CLK                                 0           350 R 
reg_state_s_reg[4]/Q      DFF_K            14 244.5  361  +521     871 R 
g117174/B                                                   +0     871   
g117174/Z                 NOR2_I            2  61.7  203  +159    1030 F 
g117139/A                                                   +0    1030   
g117139/Z                 NAND3_J           6 131.9  268  +167    1198 R 
g117004/A                                                   +0    1198   
g117004/Z                 NAND2_J           3  91.3  212  +123    1321 F 
g116947/A                                                   +0    1321   
g116947/Z                 INVERT_M          8 211.5  197  +146    1466 R 
g116946/A                                                   +0    1466   
g116946/Z                 INVERT_L          3  80.6  107   +79    1545 F 
g116875/A                                                   +0    1545   
g116875/Z                 NOR2_H           18 256.0  746  +381    1927 R 
g116508/B1                                                  +0    1927   
g116508/Z                 AO22_F            1  20.5  137  +300    2227 R 
g116099/A                                                   +0    2227   
g116099/Z                 NOR2_E            1  21.6  138  +104    2331 F 
g115891/B                                                   +0    2331   
g115891/Z                 NAND2_F           1  14.1  124  +107    2438 R 
g115749/B                                                   +0    2438   
g115749/Z                 NOR3_B            1  19.2  290  +178    2616 F 
g115636/A                                                   +0    2616   
g115636/Z                 NAND3_E           6  67.7  386  +267    2883 R 
PROCESSING_UNITS[1].div_i_pre_norm_div/opa_i[25] 
  g12433/A                                                  +0    2883   
  g12433/Z                NOR3_B            1  16.8  348  +201    3084 F 
  g12432/A                                                  +0    3084   
  g12432/Z                AND2_I            2  36.4  106  +221    3304 F 
  g12429/A                                                  +0    3304   
  g12429/Z                NAND3_E           5  69.4  449  +211    3516 R 
  g12413/A                                                  +0    3516   
  g12413/Z                OR3_H             9 124.8  406  +378    3893 R 
  g12411/A                                                  +0    3893   
  g12411/Z                NOR3_E            3  47.2  325  +197    4090 F 
  g12405/A                                                  +0    4090   
  g12405/Z                NAND2_F           8 119.3  484  +327    4417 R 
  g12367/A                                                  +0    4417   
  g12367/Z                OR4_E             5  68.7  447  +397    4814 R 
  g12360/A                                                  +0    4814   
  g12360/Z                NOR3_D            3  48.7  355  +241    5055 F 
  g12354/A                                                  +0    5055   
  g12354/Z                NAND2_F           2  31.6  222  +175    5230 R 
  g12349/A                                                  +0    5230   
  g12349/Z                NOR2_E            4  70.7  371  +215    5445 F 
  g12348/A                                                  +0    5445   
  g12348/Z                INVERT_I          8 114.2  317  +231    5676 R 
  g12345/A                                                  +0    5676   
  g12345/Z                NOR3_D            2  42.0  334  +201    5877 F 
  g12344/A                                                  +0    5877   
  g12344/Z                INVERT_I          3  62.4  215  +162    6039 R 
  g12335/A                                                  +0    6039   
  g12335/Z                NOR3_F            4  68.0  312  +147    6186 F 
  g12325/A                                                  +0    6186   
  g12325/Z                NAND2_F           2  31.6  210  +166    6352 R 
  g12321/A                                                  +0    6352   
  g12321/Z                NOR2_E            2  33.1  254  +140    6492 F 
  g12320/A                                                  +0    6492   
  g12320/Z                INVERT_F          2  33.3  192  +151    6643 R 
  g12315/A                                                  +0    6643   
  g12315/Z                NOR2_E            2  33.5  255  +137    6780 F 
  g12314/A                                                  +0    6780   
  g12314/Z                NAND2_F           5  70.7  314  +224    7004 R 
  g12298/B                                                  +0    7004   
  g12298/Z                OA21_I           24 395.4  811  +569    7574 R 
  csa_tree_add_118_77_groupi/in_1[0] 
    g1139/CIN                                               +0    7574   
    g1139/COUT            ADDF_E            1  20.2  179  +312    7886 R 
    g1129/CIN                                               +0    7886   
    g1129/COUT            ADDF_E            1  20.2  169  +252    8137 R 
    g1125/CIN                                               +0    8137   
    g1125/COUT            ADDF_E            1  20.2  169  +250    8388 R 
    g1123/CIN                                               +0    8388   
    g1123/COUT            ADDF_E            1  20.2  169  +250    8638 R 
    g1121/CIN                                               +0    8638   
    g1121/COUT            ADDF_E            1  20.2  169  +250    8888 R 
    g1119/CIN                                               +0    8888   
    g1119/COUT            ADDF_E            1  20.2  169  +250    9138 R 
    g1117/CIN                                               +0    9138   
    g1117/COUT            ADDF_E            1  20.2  169  +250    9389 R 
    g1115/CIN                                               +0    9389   
    g1115/COUT            ADDF_E            2  29.9  220  +278    9666 R 
    g1112/B                                                 +0    9666   
    g1112/Z               XNOR2_C           1  13.5  215  +178    9844 F 
  csa_tree_add_118_77_groupi/out_0[8] 
  s_exp_10_o_reg[8]/D     DFF_E                             +0    9844   
  s_exp_10_o_reg[8]/CLK   setup                        0  +255   10099 R 
- - - - - - - - - - - - - - - - - - - - - - - - - - - - - - - - - - - - -
(clock clk)               capture                                10000 R 
                          latency                         +350   10350 R 
                          uncertainty                     -250   10100 R 
-------------------------------------------------------------------------
Cost Group   : 'clk' (path_group 'clk')
Timing slack :       1ps 
Start-point  : reg_state_s_reg[4]/CLK
End-point    : PROCESSING_UNITS[1].div_i_pre_norm_div/s_exp_10_o_reg[8]/D
