============================================================
  Generated by:           Encounter(R) RTL Compiler RC14.27 - v14.20-s064_1
  Generated on:           May 06 2020  10:19:19 am
  Module:                 shapelet_distance
  Technology libraries:   PwcV162T125_STD_CELL_7RF 
                          physical_cells 
  Operating conditions:   _nominal_ 
  Interconnect mode:      global
  Area mode:              physical library
============================================================

                                        Leakage     Dynamic       Total    
            Instance            Cells  Power(nW)   Power(nW)    Power(nW)  
---------------------------------------------------------------------------
shapelet_distance               36486 168700.505 86787519.390 86956219.895 

# ADDER TREE                           13699.074 22179275.650
  adder_tree                     3236  13699.074 22179275.650 22192974.724 
  
# SQRT                                 10046.463  4645123.022 
  sqrt_i_sqrt                    1950   8112.537  4415841.950  4423954.487 
  sqrt_i_post_norm_sqrt           227   1226.085   219945.861   221171.946 
  sqrt_i_pre_norm_sqrt            223    707.841     9335.211    10043.052 
  
# ADDSUB                               22698.146  9713228.957
  PROCESSING..ITS[0].addsub      1375   5676.191  2339662.887  2345339.077 
  PROCESSING..ITS[3].addsub      1375   5675.339  2344941.929  2350617.268 
  PROCESSING..ITS[2].addsub      1375   5673.308  2491460.532  2497133.840 
  PROCESSING..ITS[1].addsub      1375   5673.308  2537163.609  2542836.917 
  
  
# MUL                                  33355.338  6314236.431
  PROCESSING..post_norm_mul      1227   5289.119  1393273.969  1398563.088 
  PROCESSING..post_norm_mul      1227   5286.673  1282245.160  1287531.833 
  PROCESSING..post_norm_mul      1227   5286.673  1352437.410  1357724.084 
  PROCESSING..post_norm_mul      1227   5286.673  1359899.821  1365186.494 
  PROCESSING..24_mul_194_38        83    492.685    54970.175    55462.860 
  PROCESSING..24_mul_195_46        83    492.685    61672.457    62165.142 
  PROCESSING..24_mul_196_46        83    492.685    57394.682    57887.367 
  PROCESSING..24_mul_197_52        83    492.685    65795.356    66288.041 
  PROCESSING..24_mul_194_38        83    492.685    36464.456    36957.141 
  PROCESSING..24_mul_195_46        83    492.685    58119.649    58612.335 
  PROCESSING..24_mul_196_46        83    492.685    56948.593    57441.278 
  PROCESSING..24_mul_197_52        83    492.685    69609.901    70102.586 
  PROCESSING..24_mul_194_38        83    492.685    44289.783    44782.468 
  PROCESSING..24_mul_195_46        83    492.685    53469.024    53961.709 
  PROCESSING..24_mul_196_46        83    492.685    55146.190    55638.875 
  PROCESSING..24_mul_197_52        83    492.685    63359.577    63852.262 
  PROCESSING..24_mul_194_38        83    492.685    43986.194    44478.879 
  PROCESSING..24_mul_195_46        83    492.685    58536.846    59029.531 
  PROCESSING..24_mul_196_46        83    492.685    59018.596    59511.281 
  PROCESSING..24_mul_197_52        83    492.685    67662.044    68154.729 
  PROCESSING..223_57_groupi        84    727.996     7186.674     7914.669 
  PROCESSING..223_57_groupi        84    727.996     8087.057     8815.053 
  PROCESSING..223_57_groupi        84    727.996     7399.421     8127.417 
  PROCESSING..223_57_groupi        84    727.996     6377.099     7105.095 
  PROCESSING..208_77_groupi        40    352.814    12439.095    12791.909 
  PROCESSING..208_77_groupi        40    352.814    12541.075    12893.889 
  PROCESSING..208_77_groupi        40    352.814    12867.516    13220.330 
  PROCESSING..208_77_groupi        40    352.814    11201.901    11554.716 

  
# DIV                                  26642.433  7561059.847
  PROCESSING..post_norm_div       638   3160.089   702661.370   705821.459 
  PROCESSING..post_norm_div       638   3160.089   692619.278   695779.367 
  PROCESSING..post_norm_div       638   3158.895   713197.958   716356.852 
  PROCESSING..post_norm_div       638   3158.895   706045.834   709204.729 
  PROCESSING.._i_serial_div       578   2605.763  1076197.413  1078803.176 
  PROCESSING.._i_serial_div       578   2605.763  1221838.348  1224444.110 
  PROCESSING.._i_serial_div       578   2605.763  1129673.349  1132279.112 
  PROCESSING.._i_serial_div       578   2605.763  1042466.878  1045072.641 
  PROCESSING.._pre_norm_div       420   1581.051    52697.396    54278.447 
  PROCESSING.._pre_norm_div       410   1535.375    75946.358    77481.733 
  PROCESSING.._pre_norm_div       410   1535.375    73622.403    75157.778 
  PROCESSING.._pre_norm_div       410   1535.375    74093.265    75628.640 