============================================================
  Generated by:           Encounter(R) RTL Compiler RC14.27 - v14.20-s064_1
  Generated on:           May 06 2020  10:12:53 am
  Module:                 shapelet_distance
  Technology libraries:   PwcV162T125_STD_CELL_7RF 
                          physical_cells 
  Operating conditions:   _nominal_ 
  Interconnect mode:      global
  Area mode:              physical library
============================================================

                           Instance                            Cells  Cell Area  Net Area  Total Area 
------------------------------------------------------------------------------------------------------
shapelet_distance                                              36486    1198045    609285     1807330 

# ADDER TREE                                                              96116     53340      
  adder_tree                                                    3236      96116     53340      149456 
  
# SQRT                                                                    66221     34985
  sqrt_i_sqrt                                                   1950      52594     29628       82222 
  sqrt_i_post_norm_sqrt                                          227       8302      2296       10598 
  sqrt_i_pre_norm_sqrt                                           223       5325      3061        8386 
  
# ADDSUB                                                                 157588     87280
  PROCESSING_UNITS[3].addsub                                    1375      39397     21820       61217 
  PROCESSING_UNITS[2].addsub                                    1375      39397     21820       61217 
  PROCESSING_UNITS[1].addsub                                    1375      39397     21820       61217 
  PROCESSING_UNITS[0].addsub                                    1375      39337     21820       61157 
  
# MUL                                                                    221335    101420
  PROCESSING_UNITS[0].mul_i_post_norm_mul                       1227      35626     19980       55606 
  PROCESSING_UNITS[3].mul_i_post_norm_mul                       1227      35611     19980       55591 
  PROCESSING_UNITS[2].mul_i_post_norm_mul                       1227      35611     19980       55591 
  PROCESSING_UNITS[1].mul_i_post_norm_mul                       1227      35611     19980       55591 
  PROCESSING_UNITS[3].mul_i_mul_24_csa_tree_add_223_57_groupi     84       4866       996        5862 
  PROCESSING_UNITS[2].mul_i_mul_24_csa_tree_add_223_57_groupi     84       4866       996        5862 
  PROCESSING_UNITS[1].mul_i_mul_24_csa_tree_add_223_57_groupi     84       4866       996        5862 
  PROCESSING_UNITS[0].mul_i_mul_24_csa_tree_add_223_57_groupi     84       4866       996        5862 
  PROCESSING_UNITS[3].mul_i_mul_24_mul_197_52                     83       3112       978        4090 
  PROCESSING_UNITS[3].mul_i_mul_24_mul_196_46                     83       3112       978        4090 
  PROCESSING_UNITS[3].mul_i_mul_24_mul_195_46                     83       3112       978        4090 
  PROCESSING_UNITS[3].mul_i_mul_24_mul_194_38                     83       3112       978        4090 
  PROCESSING_UNITS[2].mul_i_mul_24_mul_197_52                     83       3112       978        4090 
  PROCESSING_UNITS[2].mul_i_mul_24_mul_196_46                     83       3112       978        4090 
  PROCESSING_UNITS[2].mul_i_mul_24_mul_195_46                     83       3112       978        4090 
  PROCESSING_UNITS[2].mul_i_mul_24_mul_194_38                     83       3112       978        4090 
  PROCESSING_UNITS[1].mul_i_mul_24_mul_197_52                     83       3112       978        4090 
  PROCESSING_UNITS[1].mul_i_mul_24_mul_196_46                     83       3112       978        4090 
  PROCESSING_UNITS[1].mul_i_mul_24_mul_195_46                     83       3112       978        4090 
  PROCESSING_UNITS[1].mul_i_mul_24_mul_194_38                     83       3112       978        4090 
  PROCESSING_UNITS[0].mul_i_mul_24_mul_197_52                     83       3112       978        4090 
  PROCESSING_UNITS[0].mul_i_mul_24_mul_196_46                     83       3112       978        4090 
  PROCESSING_UNITS[0].mul_i_mul_24_mul_195_46                     83       3112       978        4090 
  PROCESSING_UNITS[0].mul_i_mul_24_mul_194_38                     83       3112       978        4090 
  PROCESSING_UNITS[3].mul_i_mul_24_csa_tree_add_208_77_groupi     40       2405       467        2872 
  PROCESSING_UNITS[2].mul_i_mul_24_csa_tree_add_208_77_groupi     40       2405       467        2872 
  PROCESSING_UNITS[1].mul_i_mul_24_csa_tree_add_208_77_groupi     40       2405       467        2872 
  PROCESSING_UNITS[0].mul_i_mul_24_csa_tree_add_208_77_groupi     40       2405       467        2872 

# DIV                                                                    202458     91991
  PROCESSING_UNITS[3].div_i_post_norm_div                        638      22271      9342       31612 
  PROCESSING_UNITS[2].div_i_post_norm_div                        638      22271      9342       31612 
  PROCESSING_UNITS[1].div_i_post_norm_div                        638      22271      9342       31612 
  PROCESSING_UNITS[0].div_i_post_norm_div                        638      22271      9342       31612 
  PROCESSING_UNITS[3].div_i_serial_div                           578      16938      7975       24913 
  PROCESSING_UNITS[2].div_i_serial_div                           578      16938      7975       24913 
  PROCESSING_UNITS[1].div_i_serial_div                           578      16938      7975       24913 
  PROCESSING_UNITS[0].div_i_serial_div                           578      16938      7975       24913 
  PROCESSING_UNITS[0].div_i_pre_norm_div                         420      11515      5788       17304 
  PROCESSING_UNITS[3].div_i_pre_norm_div                         410      11369      5645       17014 
  PROCESSING_UNITS[2].div_i_pre_norm_div                         410      11369      5645       17014 
  PROCESSING_UNITS[1].div_i_pre_norm_div                         410      11369      5645       17014 
  
  