============================================================
  Generated by:           Encounter(R) RTL Compiler RC14.27 - v14.20-s064_1
  Generated on:           May 06 2020  10:12:53 am
  Module:                 shapelet_distance
  Technology libraries:   PwcV162T125_STD_CELL_7RF 
                          physical_cells 
  Operating conditions:   _nominal_ 
  Interconnect mode:      global
  Area mode:              physical library
============================================================

           Pin                 Type       Fanout  Load Slew Delay Arrival   
                                                  (fF) (ps)  (ps)   (ps)    
----------------------------------------------------------------------------
(clock clk)                  launch                                     0 R 
                             latency                         +350     350 R 
reg_state_s_reg[0]/CLK                                    0           350 R 
reg_state_s_reg[0]/Q         DFF_H             5  85.5  308  +482     832 R 
g133225/B                                                      +0     832   
g133225/Z                    AND2_K            4  85.6  156  +233    1065 R 
g133070/B                                                      +0    1065   
g133070/Z                    NAND3_J           4  91.0  193  +116    1181 F 
g132741/A                                                      +0    1181   
g132741/Z                    NAND2_K           2  85.3  176  +124    1305 R 
g132724/A                                                      +0    1305   
g132724/Z                    BUFFER_L         13 275.4  289  +241    1547 R 
g132722/A                                                      +0    1547   
g132722/Z                    INVERT_M         21 321.7  231  +167    1714 F 
g132613/A                                                      +0    1714   
g132613/Z                    NAND2_K           5 157.2  232  +173    1887 R 
g132449/A                                                      +0    1887   
g132449/Z                    INVERT_N         65 865.1  391  +260    2147 F 
g131686/A1                                                     +0    2147   
g131686/Z                    AOI22_C           1  22.2  311  +202    2349 R 
g131102/B                                                      +0    2349   
g131102/Z                    NAND2_F           1  20.1  128   +84    2433 F 
g130942/B                                                      +0    2433   
g130942/Z                    NOR2_E            1  41.7  288  +175    2608 R 
g130920/B                                                      +0    2608   
g130920/Z                    NAND3_I           5  61.8  215  +119    2727 F 
g130909/A                                                      +0    2727   
g130909/Z                    INVERT_F          2  35.9  189  +146    2873 R 
g130667/A2                                                     +0    2873   
g130667/Z                    OAI21_C           6  71.9  617  +316    3189 F 
PROCESSING_UNITS[3].addsub/opa_i[25] 
  i_prenorm_addsub/opa_i[25] 
    g13608/B2                                                  +0    3189   
    g13608/Z                 AOI22_C           1  18.3  321  +248    3438 R 
    g13595/B2                                                  +0    3438   
    g13595/Z                 AO222_E           1  18.4  188  +210    3648 R 
    g13593/B1                                                  +0    3648   
    g13593/Z                 AO222_E           1  21.8  191  +209    3857 R 
    g13592/A                                                   +0    3857   
    g13592/Z                 NAND2_F           2  30.5  142   +97    3955 F 
    g13590/A1                                                  +0    3955   
    g13590/Z                 AOI21_C           1  21.5  292  +171    4126 R 
    g13589/B                                                   +0    4126   
    g13589/Z                 AO21_I           17 341.8  698  +569    4695 R 
    g13581/A                                                   +0    4695   
    g13581/Z                 INVERT_N         42 605.1  414  +291    4985 F 
    g13517/A1                                                  +0    4985   
    g13517/Z                 AOI22_C           5  61.0  524  +337    5322 R 
    g13484/A                                                   +0    5322   
    g13484/Z                 AND3_I            2  28.2  128  +260    5582 R 
    g13476/A                                                   +0    5582   
    g13476/Z                 NAND3_E           5  66.0  504  +196    5778 F 
    g13473/A                                                   +0    5778   
    g13473/Z                 OR3_H             2  33.0  148  +311    6089 F 
    g13469/A                                                   +0    6089   
    g13469/Z                 OR3_H             4  46.6  164  +258    6347 F 
    g13466/A                                                   +0    6347   
    g13466/Z                 NOR3_B            3  40.9  864  +446    6793 R 
    g13459/A                                                   +0    6793   
    g13459/Z                 NAND3_E           5  65.0  505  +307    7100 F 
    g13446/A                                                   +0    7100   
    g13446/Z                 NOR2_E            2  34.5  332  +223    7322 R 
    g13438/A                                                   +0    7322   
    g13438/Z                 AND3_I            2  33.9  139  +243    7565 R 
    g13411/A                                                   +0    7565   
    g13411/Z                 NAND2_F           3  50.3  265  +118    7683 F 
    g13408/A                                                   +0    7683   
    g13408/Z                 INVERT_F          2  30.6  187  +148    7832 R 
    g13407/A                                                   +0    7832   
    g13407/Z                 NAND3_E           3  43.8  366  +164    7996 F 
    g13388/A                                                   +0    7996   
    g13388/Z                 NOR2_E            3  47.3  358  +238    8234 R 
    g13372/A                                                   +0    8234   
    g13372/Z                 OR2_I             2  28.1  106  +186    8420 R 
    g13370/A                                                   +0    8420   
    g13370/Z                 NAND4_B           1  17.1  350  +166    8586 F 
    g13365/A1                                                  +0    8586   
    g13365/Z                 AOI22_C           1  20.0  277  +186    8772 R 
    g13362/B                                                   +0    8772   
    g13362/Z                 AOI21_C           1  17.0  334  +228    9000 F 
    g13359/A1                                                  +0    9000   
    g13359/Z                 OA22_H            1  20.3  106  +231    9231 F 
    g13356/B                                                   +0    9231   
    g13356/Z                 AOI21_C           1  17.3  296  +105    9336 R 
    g13346/B                                                   +0    9336   
    g13346/Z                 OAI21_C           1  21.7  408  +149    9485 F 
    g13300/A                                                   +0    9485   
    g13300/Z                 NAND2_F           1  16.2  191  +144    9629 R 
    g13255/A1                                                  +0    9629   
    g13255/Z                 AOI21_C           2  23.9  316  +181    9810 F 
    g13241/A                                                   +0    9810   
    g13241/Z                 NOR2_C            1  13.6  276  +181    9990 R 
    fractb_28_o_reg[0]/D     DFF_E                             +0    9990   
    fractb_28_o_reg[0]/CLK   setup                        0  +110   10100 R 
- - - - - - - - - - - - - - - - - - - - - - - - - - - - - - - - - - - - - - 
(clock clk)                  capture                                10000 R 
                             latency                         +350   10350 R 
                             uncertainty                     -250   10100 R 
----------------------------------------------------------------------------
Cost Group   : 'clk' (path_group 'clk')
Timing slack :       0ps 
Start-point  : reg_state_s_reg[0]/CLK
End-point    : PROCESSING_UNITS[3].addsub/i_prenorm_addsub/fractb_28_o_reg[0]/D
