============================================================
  Generated by:           Encounter(R) RTL Compiler RC14.27 - v14.20-s064_1
  Generated on:           May 06 2020  10:12:54 am
  Module:                 shapelet_distance
  Technology libraries:   PwcV162T125_STD_CELL_7RF 
                          physical_cells 
  Operating conditions:   _nominal_ 
  Interconnect mode:      global
  Area mode:              physical library
============================================================

                                    
    Gate     Instances     Area               Library           
----------------------------------------------------------------
ADDF_D              26     2348.237    PwcV162T125_STD_CELL_7RF 
ADDF_E             867    78304.666    PwcV162T125_STD_CELL_7RF 
ADDF_F               8      752.640    PwcV162T125_STD_CELL_7RF 
AND2_C               1       22.579    PwcV162T125_STD_CELL_7RF 
AND2_D              75     1693.440    PwcV162T125_STD_CELL_7RF 
AND2_E               1       22.579    PwcV162T125_STD_CELL_7RF 
AND2_F              25      564.480    PwcV162T125_STD_CELL_7RF 
AND2_H             198     4470.682    PwcV162T125_STD_CELL_7RF 
AND2_I             511    11537.971    PwcV162T125_STD_CELL_7RF 
AND2_K              15      451.584    PwcV162T125_STD_CELL_7RF 
AND3_H              33      869.299    PwcV162T125_STD_CELL_7RF 
AND3_I              86     2265.446    PwcV162T125_STD_CELL_7RF 
AND3_K               5      188.160    PwcV162T125_STD_CELL_7RF 
AND4_E              80     2408.448    PwcV162T125_STD_CELL_7RF 
AO21_C              17      447.821    PwcV162T125_STD_CELL_7RF 
AO21_D              28      737.587    PwcV162T125_STD_CELL_7RF 
AO21_E             209     5505.562    PwcV162T125_STD_CELL_7RF 
AO21_F             143     3766.963    PwcV162T125_STD_CELL_7RF 
AO21_H             128     3371.827    PwcV162T125_STD_CELL_7RF 
AO21_I             533    14040.499    PwcV162T125_STD_CELL_7RF 
AO21_K               2       82.790    PwcV162T125_STD_CELL_7RF 
AO2222_C            40     2107.392    PwcV162T125_STD_CELL_7RF 
AO2222_D           105     5531.904    PwcV162T125_STD_CELL_7RF 
AO2222_E           778    40988.774    PwcV162T125_STD_CELL_7RF 
AO222_C             10      451.584    PwcV162T125_STD_CELL_7RF 
AO222_D              7      316.109    PwcV162T125_STD_CELL_7RF 
AO222_E            447    20185.805    PwcV162T125_STD_CELL_7RF 
AO22_B             785    23632.896    PwcV162T125_STD_CELL_7RF 
AO22_C               3       90.317    PwcV162T125_STD_CELL_7RF 
AO22_D              17      511.795    PwcV162T125_STD_CELL_7RF 
AO22_E            1810    54491.136    PwcV162T125_STD_CELL_7RF 
AO22_F             186     5599.642    PwcV162T125_STD_CELL_7RF 
AO22_H             186     5599.642    PwcV162T125_STD_CELL_7RF 
AO22_K              14      790.272    PwcV162T125_STD_CELL_7RF 
AO33_H               4      240.845    PwcV162T125_STD_CELL_7RF 
AOI21_A             22      413.952    PwcV162T125_STD_CELL_7RF 
AOI21_B              2       37.632    PwcV162T125_STD_CELL_7RF 
AOI21_C            682    12832.512    PwcV162T125_STD_CELL_7RF 
AOI21_D              1       26.342    PwcV162T125_STD_CELL_7RF 
AOI21_E             10      263.424    PwcV162T125_STD_CELL_7RF 
AOI21_F              5      206.976    PwcV162T125_STD_CELL_7RF 
AOI2222_H          103     6201.754    PwcV162T125_STD_CELL_7RF 
AOI2222_I           54     3251.405    PwcV162T125_STD_CELL_7RF 
AOI222_H            64     3371.827    PwcV162T125_STD_CELL_7RF 
AOI222_I            70     3687.936    PwcV162T125_STD_CELL_7RF 
AOI22_C            646    14586.163    PwcV162T125_STD_CELL_7RF 
AOI22_E              1       41.395    PwcV162T125_STD_CELL_7RF 
BUFFER_I             2       37.632    PwcV162T125_STD_CELL_7RF 
BUFFER_L            10      263.424    PwcV162T125_STD_CELL_7RF 
BUFFER_O             8      391.373    PwcV162T125_STD_CELL_7RF 
CLKI_I               6      225.792    PwcV162T125_STD_CELL_7RF 
CLKI_K               3      135.475    PwcV162T125_STD_CELL_7RF 
CLKI_M               3      203.213    PwcV162T125_STD_CELL_7RF 
CLK_K                2       67.738    PwcV162T125_STD_CELL_7RF 
CLK_M                1       60.211    PwcV162T125_STD_CELL_7RF 
CLK_O                1       90.317    PwcV162T125_STD_CELL_7RF 
DFFR_E               4      255.898    PwcV162T125_STD_CELL_7RF 
DFFS_E               1       67.738    PwcV162T125_STD_CELL_7RF 
DFF_E             8541   449980.877    PwcV162T125_STD_CELL_7RF 
DFF_H               66     3973.939    PwcV162T125_STD_CELL_7RF 
DFF_K               42     3477.197    PwcV162T125_STD_CELL_7RF 
INVERTBAL_E        136     1535.386    PwcV162T125_STD_CELL_7RF 
INVERTBAL_H        458     5170.637    PwcV162T125_STD_CELL_7RF 
INVERTBAL_L          1       33.869    PwcV162T125_STD_CELL_7RF 
INVERT_D           511     5768.986    PwcV162T125_STD_CELL_7RF 
INVERT_E           322     3635.251    PwcV162T125_STD_CELL_7RF 
INVERT_F          1034    11673.446    PwcV162T125_STD_CELL_7RF 
INVERT_H           261     2946.586    PwcV162T125_STD_CELL_7RF 
INVERT_I           234     2641.766    PwcV162T125_STD_CELL_7RF 
INVERT_L            27      508.032    PwcV162T125_STD_CELL_7RF 
INVERT_M             5      150.528    PwcV162T125_STD_CELL_7RF 
INVERT_N            10      376.320    PwcV162T125_STD_CELL_7RF 
INVERT_O             5      244.608    PwcV162T125_STD_CELL_7RF 
INVERT_U             2      195.686    PwcV162T125_STD_CELL_7RF 
MUX21I_B            18      474.163    PwcV162T125_STD_CELL_7RF 
MUX21I_C           129     3398.170    PwcV162T125_STD_CELL_7RF 
MUX21I_D          2033    53554.099    PwcV162T125_STD_CELL_7RF 
MUX21_D            928    31430.246    PwcV162T125_STD_CELL_7RF 
MUX21_E            556    18831.053    PwcV162T125_STD_CELL_7RF 
MUX21_F             62     2099.866    PwcV162T125_STD_CELL_7RF 
MUX21_H             73     2472.422    PwcV162T125_STD_CELL_7RF 
MUX21_I            936    31701.197    PwcV162T125_STD_CELL_7RF 
NAND2BAL_H          22      413.952    PwcV162T125_STD_CELL_7RF 
NAND2BAL_J           1       37.632    PwcV162T125_STD_CELL_7RF 
NAND2_C             26      391.373    PwcV162T125_STD_CELL_7RF 
NAND2_D             60      903.168    PwcV162T125_STD_CELL_7RF 
NAND2_E            151     2272.973    PwcV162T125_STD_CELL_7RF 
NAND2_F           2740    41244.672    PwcV162T125_STD_CELL_7RF 
NAND2_H              3       90.317    PwcV162T125_STD_CELL_7RF 
NAND2_I              4      120.422    PwcV162T125_STD_CELL_7RF 
NAND2_J             10      301.056    PwcV162T125_STD_CELL_7RF 
NAND2_K              3      124.186    PwcV162T125_STD_CELL_7RF 
NAND2_L              1       45.158    PwcV162T125_STD_CELL_7RF 
NAND2_M              1       60.211    PwcV162T125_STD_CELL_7RF 
NAND3_C              8      180.634    PwcV162T125_STD_CELL_7RF 
NAND3_E            167     3770.726    PwcV162T125_STD_CELL_7RF 
NAND3_H             19      715.008    PwcV162T125_STD_CELL_7RF 
NAND3_I              3      169.344    PwcV162T125_STD_CELL_7RF 
NAND3_J              1       63.974    PwcV162T125_STD_CELL_7RF 
NAND4_B            177     3996.518    PwcV162T125_STD_CELL_7RF 
NAND4_D             20      752.640    PwcV162T125_STD_CELL_7RF 
NAND4_F              1       52.685    PwcV162T125_STD_CELL_7RF 
NOR2_B             234     3522.355    PwcV162T125_STD_CELL_7RF 
NOR2_C             401     6036.173    PwcV162T125_STD_CELL_7RF 
NOR2_D              28      421.478    PwcV162T125_STD_CELL_7RF 
NOR2_E            1790    26944.512    PwcV162T125_STD_CELL_7RF 
NOR2_H              23      605.875    PwcV162T125_STD_CELL_7RF 
NOR2_I              43     1294.541    PwcV162T125_STD_CELL_7RF 
NOR2_J               8      361.267    PwcV162T125_STD_CELL_7RF 
NOR3_B             242     4553.472    PwcV162T125_STD_CELL_7RF 
NOR3_C               4      120.422    PwcV162T125_STD_CELL_7RF 
NOR3_D              35     1053.696    PwcV162T125_STD_CELL_7RF 
NOR3_E               8      301.056    PwcV162T125_STD_CELL_7RF 
NOR3_F               3      124.186    PwcV162T125_STD_CELL_7RF 
NOR4_B             342     6435.072    PwcV162T125_STD_CELL_7RF 
NOR4_C              11      413.952    PwcV162T125_STD_CELL_7RF 
OA21_H               2       52.685    PwcV162T125_STD_CELL_7RF 
OA21_I             232     6111.437    PwcV162T125_STD_CELL_7RF 
OA21_K               4      225.792    PwcV162T125_STD_CELL_7RF 
OA2222_F            62     3966.413    PwcV162T125_STD_CELL_7RF 
OA222_C             27     1422.490    PwcV162T125_STD_CELL_7RF 
OA22_H              64     1926.758    PwcV162T125_STD_CELL_7RF 
OA22_I               9      270.950    PwcV162T125_STD_CELL_7RF 
OAI21_C            985    18533.760    PwcV162T125_STD_CELL_7RF 
OAI21_E             62     1633.229    PwcV162T125_STD_CELL_7RF 
OAI2222_H           24     1716.019    PwcV162T125_STD_CELL_7RF 
OAI22_B            456    12012.134    PwcV162T125_STD_CELL_7RF 
OAI22_C              2       67.738    PwcV162T125_STD_CELL_7RF 
OR2_E                9      203.213    PwcV162T125_STD_CELL_7RF 
OR2_F               24      541.901    PwcV162T125_STD_CELL_7RF 
OR2_H               24      541.901    PwcV162T125_STD_CELL_7RF 
OR2_I              495    11176.704    PwcV162T125_STD_CELL_7RF 
OR2_K                5      150.528    PwcV162T125_STD_CELL_7RF 
OR3_F                4      120.422    PwcV162T125_STD_CELL_7RF 
OR3_H               40     1204.224    PwcV162T125_STD_CELL_7RF 
OR4_E              137     4124.467    PwcV162T125_STD_CELL_7RF 
OR4_F                6      225.792    PwcV162T125_STD_CELL_7RF 
OR4_H                6      225.792    PwcV162T125_STD_CELL_7RF 
XNOR2_B             89     2344.474    PwcV162T125_STD_CELL_7RF 
XNOR2_C            699    18413.338    PwcV162T125_STD_CELL_7RF 
XNOR2_F              3      101.606    PwcV162T125_STD_CELL_7RF 
XNOR3_F              1       63.974    PwcV162T125_STD_CELL_7RF 
XNOR3_H              6      383.846    PwcV162T125_STD_CELL_7RF 
XOR2_B              59     1554.202    PwcV162T125_STD_CELL_7RF 
XOR2_C             882    23233.997    PwcV162T125_STD_CELL_7RF 
XOR2_I               1       37.632    PwcV162T125_STD_CELL_7RF 
XOR2_J               1       48.922    PwcV162T125_STD_CELL_7RF 
XOR3_H               2      127.949    PwcV162T125_STD_CELL_7RF 
----------------------------------------------------------------
total            36486  1198044.826                             


                                        
   Type    Instances     Area    Area % 
----------------------------------------
sequential      8654  457755.648   38.2 
inverter        3018   35445.581    3.0 
buffer            24     910.694    0.1 
logic          24790  703932.902   58.8 
----------------------------------------
total          36486 1198044.826  100.0 

