============================================================
  Generated by:           Encounter(R) RTL Compiler RC14.27 - v14.20-s064_1
  Generated on:           May 06 2020  10:19:19 am
  Module:                 shapelet_distance
  Technology libraries:   PwcV162T125_STD_CELL_7RF 
                          physical_cells 
  Operating conditions:   _nominal_ 
  Interconnect mode:      global
  Area mode:              physical library
============================================================

                                        Leakage     Dynamic       Total    
            Instance            Cells  Power(nW)   Power(nW)    Power(nW)  
---------------------------------------------------------------------------
shapelet_distance               36486 168700.505 86787519.390 86956219.895 
  adder_tree                     3236  13699.074 22179275.650 22192974.724 
    AdderGen[0].ADDER            1352   5620.877 10150239.506 10155860.383 
      i_postnorm_addsub           530   2046.226  4074916.737  4076962.962 
      i_prenorm_addsub            426   1728.882  3360981.537  3362710.418 
      i_addsub_S.._Y_add_114_27   176    715.161  1304986.133  1305701.294 
    AdderGen[1].ADDER            1352   5620.877 10075951.226 10081572.103 
      i_postnorm_addsub           530   2046.226  4047750.456  4049796.682 
      i_prenorm_addsub            426   1728.882  3164030.035  3165758.917 
      i_addsub_S.._Y_add_114_27   176    715.161  1276602.161  1277317.322 
    inc_add_184_54_25              78    309.385   180318.006   180627.390 
    inc_add_184_51_24              79    277.442   172089.752   172367.194 
  sqrt_i_sqrt                    1950   8112.537  4415841.950  4423954.487 
    csa_tree_A..OP_563_groupi     428   1661.457   397413.340   399074.797 
    csa_tree_eq_201_32_groupi     220    879.371  1061756.579  1062635.950 
    addinc_ADD_UNS_OP_2_38         66    399.330    69119.576    69518.906 
    gt_163_14                     115    297.409    27435.759    27733.168 
    gt_184_15                      93    245.442   308001.870   308247.312 
  PROCESSING..ITS[0].addsub      1375   5676.191  2339662.887  2345339.077 
    i_postnorm_addsub             535   1986.724  1944799.161  1946785.885 
    i_prenorm_addsub              435   1755.798   229546.224   231302.023 
    i_addsub_S.._Y_add_114_27     177    754.086    36874.258    37628.344 
  PROCESSING..ITS[3].addsub      1375   5675.339  2344941.929  2350617.268 
    i_postnorm_addsub             534   1978.502  1950111.329  1952089.831 
    i_prenorm_addsub              436   1761.271   231778.954   233540.226 
    i_addsub_S.._Y_add_114_27     177    758.474    42819.783    43578.257 
  PROCESSING..ITS[2].addsub      1375   5673.308  2491460.532  2497133.840 
    i_postnorm_addsub             534   1978.502  2086227.565  2088206.067 
    i_prenorm_addsub              436   1761.271   229090.814   230852.086 
    i_addsub_S.._Y_add_114_27     177    750.731    40125.244    40875.975 
  PROCESSING..ITS[1].addsub      1375   5673.308  2537163.609  2542836.917 
    i_postnorm_addsub             534   1978.502  2093715.774  2095694.276 
    i_prenorm_addsub              436   1761.271   243121.158   244882.429 
    i_addsub_S.._Y_add_114_27     177    750.731    48323.377    49074.108 
  PROCESSING..post_norm_mul      1227   5289.119  1393273.969  1398563.088 
    inc_ADD_UNS_OP2482_62          61    245.212   109521.117   109766.330 
  PROCESSING..post_norm_mul      1227   5286.673  1282245.160  1287531.833 
    inc_ADD_UNS_OP2482_62          61    245.212   103186.904   103432.117 
  PROCESSING..post_norm_mul      1227   5286.673  1352437.410  1357724.084 
    inc_ADD_UNS_OP2482_62          61    245.212   117683.282   117928.494 
  PROCESSING..post_norm_mul      1227   5286.673  1359899.821  1365186.494 
    inc_ADD_UNS_OP2482_62          61    245.212    87604.789    87850.001 
  PROCESSING..post_norm_div       638   3160.089   702661.370   705821.459 
    inc_ADD_UNS_OP698_34           60    241.010    21717.193    21958.204 
  PROCESSING..post_norm_div       638   3160.089   692619.278   695779.367 
    inc_ADD_UNS_OP698_34           60    241.010    22867.758    23108.768 
  PROCESSING..post_norm_div       638   3158.895   713197.958   716356.852 
    inc_ADD_UNS_OP698_34           60    241.010    25337.945    25578.956 
  PROCESSING..post_norm_div       638   3158.895   706045.834   709204.729 
    inc_ADD_UNS_OP698_34           60    241.010    24426.076    24667.086 
  PROCESSING.._i_serial_div       578   2605.763  1076197.413  1078803.176 
    sub_154_17                    139    520.935   170541.997   171062.932 
  PROCESSING.._i_serial_div       578   2605.763  1221838.348  1224444.110 
    sub_154_17                    139    520.935   239759.892   240280.827 
  PROCESSING.._i_serial_div       578   2605.763  1129673.349  1132279.112 
    sub_154_17                    139    520.935   212953.615   213474.550 
  PROCESSING.._i_serial_div       578   2605.763  1042466.878  1045072.641 
    sub_154_17                    139    520.935   187170.401   187691.337 
  PROCESSING.._pre_norm_div       420   1581.051    52697.396    54278.447 
    csa_tree_a..118_77_groupi      49    290.228     6952.434     7242.662 
  PROCESSING.._pre_norm_div       410   1535.375    75946.358    77481.733 
    csa_tree_a..118_77_groupi      45    281.014    19013.261    19294.275 
  PROCESSING.._pre_norm_div       410   1535.375    73622.403    75157.778 
    csa_tree_a..118_77_groupi      45    281.014    18704.499    18985.513 
  PROCESSING.._pre_norm_div       410   1535.375    74093.265    75628.640 
    csa_tree_a..118_77_groupi      45    281.014    18210.026    18491.041 
  sqrt_i_post_norm_sqrt           227   1226.085   219945.861   221171.946 
    inc_ADD_UNS_OP_29              56    225.237      993.894     1219.131 
  PROCESSING..223_57_groupi        84    727.996     7186.674     7914.669 
  PROCESSING..223_57_groupi        84    727.996     8087.057     8815.053 
  PROCESSING..223_57_groupi        84    727.996     7399.421     8127.417 
  PROCESSING..223_57_groupi        84    727.996     6377.099     7105.095 
  sqrt_i_pre_norm_sqrt            223    707.841     9335.211    10043.052 
  PROCESSING..24_mul_194_38        83    492.685    54970.175    55462.860 
  PROCESSING..24_mul_195_46        83    492.685    61672.457    62165.142 
  PROCESSING..24_mul_196_46        83    492.685    57394.682    57887.367 
  PROCESSING..24_mul_197_52        83    492.685    65795.356    66288.041 
  PROCESSING..24_mul_194_38        83    492.685    36464.456    36957.141 
  PROCESSING..24_mul_195_46        83    492.685    58119.649    58612.335 
  PROCESSING..24_mul_196_46        83    492.685    56948.593    57441.278 
  PROCESSING..24_mul_197_52        83    492.685    69609.901    70102.586 
  PROCESSING..24_mul_194_38        83    492.685    44289.783    44782.468 
  PROCESSING..24_mul_195_46        83    492.685    53469.024    53961.709 
  PROCESSING..24_mul_196_46        83    492.685    55146.190    55638.875 
  PROCESSING..24_mul_197_52        83    492.685    63359.577    63852.262 
  PROCESSING..24_mul_194_38        83    492.685    43986.194    44478.879 
  PROCESSING..24_mul_195_46        83    492.685    58536.846    59029.531 
  PROCESSING..24_mul_196_46        83    492.685    59018.596    59511.281 
  PROCESSING..24_mul_197_52        83    492.685    67662.044    68154.729 
  PROCESSING..208_77_groupi        40    352.814    12439.095    12791.909 
  PROCESSING..208_77_groupi        40    352.814    12541.075    12893.889 
  PROCESSING..208_77_groupi        40    352.814    12867.516    13220.330 
  PROCESSING..208_77_groupi        40    352.814    11201.901    11554.716 

