============================================================
  Generated by:           Encounter(R) RTL Compiler RC14.27 - v14.20-s064_1
  Generated on:           May 06 2020  10:31:00 am
  Module:                 shapelet_distance
  Technology libraries:   PwcV162T125_STD_CELL_7RF 
                          physical_cells 
  Operating conditions:   _nominal_ 
  Interconnect mode:      global
  Area mode:              physical library
============================================================

                           Instance                            Cells  Cell Area  Net Area  Total Area 
------------------------------------------------------------------------------------------------------
shapelet_distance                                              39079    1242639    647516     1890154 
  adder_tree                                                    3545     101366     58259      159624 
    AdderGen[0].ADDER                                           1488      41113     23602       64715 
      i_postnorm_addsub                                          534      14707      8004       22711 
      i_prenorm_addsub                                           451      13834      6588       20422 
      i_addsub_SUB_UNS_OP_Y_add_114_27                           276       5212      3461        8673 
    AdderGen[1].ADDER                                           1488      41064     23602       64666 
      i_postnorm_addsub                                          534      14707      8004       22711 
      i_prenorm_addsub                                           451      13785      6588       20373 
      i_addsub_SUB_UNS_OP_Y_add_114_27                           276       5212      3461        8673 
    inc_add_184_51_24                                             81       1731       685        2416 
    inc_add_184_54_25                                             79       1603       614        2217 
  sqrt_i_sqrt                                                   2198      56655     33199       89854 
    csa_tree_ADD_UNS_OP_563_groupi                               509      11316      6501       17817 
    csa_tree_eq_201_32_groupi                                    218       4328      2095        6422 
    addinc_ADD_UNS_OP_2_38                                       171       3492      1927        5419 
    gt_163_14                                                    102       2243      1149        3392 
    gt_184_15                                                     98       1991      1120        3110 
  PROCESSING_UNITS[3].addsub                                    1529      42773     24059       66832 
    i_prenorm_addsub                                             508      15538      7261       22799 
    i_postnorm_addsub                                            520      14752      7912       22664 
  PROCESSING_UNITS[0].addsub                                    1532      42524     24088       66613 
    i_postnorm_addsub                                            520      14752      7912       22664 
    i_prenorm_addsub                                             511      15335      7290       22625 
  PROCESSING_UNITS[2].addsub                                    1528      42520     24036       66556 
    i_postnorm_addsub                                            520      14752      7912       22664 
    i_prenorm_addsub                                             508      15320      7256       22576 
  PROCESSING_UNITS[1].addsub                                    1529      42502     24045       66547 
    i_postnorm_addsub                                            520      14752      7912       22664 
    i_prenorm_addsub                                             509      15301      7266       22567 
  PROCESSING_UNITS[0].mul_i_post_norm_mul                       1245      36563     20376       56939 
    inc_ADD_UNS_OP2482_62                                         62       1298       489        1787 
  PROCESSING_UNITS[3].mul_i_post_norm_mul                       1243      36559     20361       56920 
    inc_ADD_UNS_OP2482_62                                         62       1298       489        1787 
  PROCESSING_UNITS[2].mul_i_post_norm_mul                       1243      36559     20361       56920 
    inc_ADD_UNS_OP2482_62                                         62       1298       489        1787 
  PROCESSING_UNITS[1].mul_i_post_norm_mul                       1243      36559     20361       56920 
    inc_ADD_UNS_OP2482_62                                         62       1298       489        1787 
  PROCESSING_UNITS[3].div_i_post_norm_div                        605      21405      8916       30321 
  PROCESSING_UNITS[2].div_i_post_norm_div                        605      21405      8916       30321 
  PROCESSING_UNITS[1].div_i_post_norm_div                        605      21405      8916       30321 
  PROCESSING_UNITS[0].div_i_post_norm_div                        605      21405      8916       30321 
  PROCESSING_UNITS[0].div_i_serial_div                           697      17570      9239       26809 
    sub_154_17                                                   191       3383      2072        5455 
  PROCESSING_UNITS[3].div_i_serial_div                           686      17442      9091       26533 
    sub_154_17                                                   179       3293      1952        5245 
  PROCESSING_UNITS[1].div_i_serial_div                           686      17363      9091       26454 
    sub_154_17                                                   179       3293      1952        5245 
  PROCESSING_UNITS[2].div_i_serial_div                           686      17341      9091       26432 
    sub_154_17                                                   179       3270      1952        5222 
  PROCESSING_UNITS[0].div_i_pre_norm_div                         477      13687      6569       20255 
  PROCESSING_UNITS[1].div_i_pre_norm_div                         433      13006      6172       19178 
  PROCESSING_UNITS[3].div_i_pre_norm_div                         434      12983      6182       19165 
  PROCESSING_UNITS[2].div_i_pre_norm_div                         434      12915      6182       19097 
  sqrt_i_post_norm_sqrt                                          227       8302      2296       10598 
    inc_ADD_UNS_OP_29                                             56       1061       417        1479 
  PROCESSING_UNITS[3].mul_i_mul_24_csa_tree_add_223_57_groupi    206       5799      2621        8420 
  PROCESSING_UNITS[2].mul_i_mul_24_csa_tree_add_223_57_groupi    206       5799      2621        8420 
  PROCESSING_UNITS[0].mul_i_mul_24_csa_tree_add_223_57_groupi    206       5799      2621        8420 
  PROCESSING_UNITS[1].mul_i_mul_24_csa_tree_add_223_57_groupi    206       5788      2621        8409 
  sqrt_i_pre_norm_sqrt                                           195       5212      2975        8187 
  PROCESSING_UNITS[3].mul_i_mul_24_mul_197_52                     83       3120       973        4093 
  PROCESSING_UNITS[2].mul_i_mul_24_mul_197_52                     83       3120       973        4093 
  PROCESSING_UNITS[1].mul_i_mul_24_mul_197_52                     83       3120       973        4093 
  PROCESSING_UNITS[0].mul_i_mul_24_mul_197_52                     83       3120       973        4093 
  PROCESSING_UNITS[3].mul_i_mul_24_mul_196_46                     83       3112       978        4090 
  PROCESSING_UNITS[3].mul_i_mul_24_mul_195_46                     83       3112       978        4090 
  PROCESSING_UNITS[3].mul_i_mul_24_mul_194_38                     83       3112       978        4090 
  PROCESSING_UNITS[2].mul_i_mul_24_mul_196_46                     83       3112       978        4090 
  PROCESSING_UNITS[2].mul_i_mul_24_mul_195_46                     83       3112       978        4090 
  PROCESSING_UNITS[2].mul_i_mul_24_mul_194_38                     83       3112       978        4090 
  PROCESSING_UNITS[1].mul_i_mul_24_mul_196_46                     83       3112       978        4090 
  PROCESSING_UNITS[1].mul_i_mul_24_mul_195_46                     83       3112       978        4090 
  PROCESSING_UNITS[1].mul_i_mul_24_mul_194_38                     83       3112       978        4090 
  PROCESSING_UNITS[0].mul_i_mul_24_mul_196_46                     83       3112       978        4090 
  PROCESSING_UNITS[0].mul_i_mul_24_mul_195_46                     83       3112       978        4090 
  PROCESSING_UNITS[0].mul_i_mul_24_mul_194_38                     83       3112       978        4090 
  PROCESSING_UNITS[2].mul_i_mul_24_csa_tree_add_208_77_groupi     94       2710      1169        3878 
  PROCESSING_UNITS[3].mul_i_mul_24_csa_tree_add_208_77_groupi     94       2698      1169        3867 
  PROCESSING_UNITS[0].mul_i_mul_24_csa_tree_add_208_77_groupi     93       2694      1159        3854 
  PROCESSING_UNITS[1].mul_i_mul_24_csa_tree_add_208_77_groupi     93       2683      1159        3842 
