============================================================
  Generated by:           Encounter(R) RTL Compiler RC14.27 - v14.20-s064_1
  Generated on:           May 06 2020  10:37:52 am
  Module:                 shapelet_distance
  Technology libraries:   PwcV162T125_STD_CELL_7RF 
                          physical_cells 
  Operating conditions:   _nominal_ 
  Interconnect mode:      global
  Area mode:              physical library
============================================================

                                        Leakage     Dynamic        Total     
            Instance            Cells  Power(nW)   Power(nW)     Power(nW)   
-----------------------------------------------------------------------------
shapelet_distance               39079 177935.955 147250686.351 147428622.305 
  adder_tree                     3545  14382.345  39424721.206  39439103.551 
    AdderGen[0].ADDER            1488   5881.625  17791230.678  17797112.303 
      i_postnorm_addsub           534   1972.207   6589260.377   6591232.585 
      i_prenorm_addsub            451   1898.398   5535198.644   5537097.042 
      i_addsub_S.._Y_add_114_27   276    931.648   3176205.811   3177137.459 
    AdderGen[1].ADDER            1488   5873.980  17948724.953  17954598.933 
      i_postnorm_addsub           534   1972.207   6672453.836   6674426.043 
      i_prenorm_addsub            451   1890.753   5402222.173   5404112.926 
      i_addsub_S.._Y_add_114_27   276    931.648   3214221.210   3215152.858 
    inc_add_184_54_25              79    307.339    298341.846    298649.185 
    inc_add_184_51_24              81    304.835    366763.845    367068.681 
  sqrt_i_sqrt                    2198   9032.794   7899368.918   7908401.713 
    csa_tree_A..OP_563_groupi     509   1839.176    676676.413    678515.590 
    csa_tree_eq_201_32_groupi     218    856.462   1696856.929   1697713.390 
    addinc_ADD_UNS_OP_2_38        171    613.029    196981.420    197594.449 
    gt_163_14                     102    339.759     91292.149     91631.908 
    gt_184_15                      98    256.359    558766.015    559022.374 
  PROCESSING..ITS[3].addsub      1529   6222.617   4099539.454   4105762.071 
    i_prenorm_addsub              508   2261.405    436637.490    438898.896 
    i_postnorm_addsub             520   1994.077   3362403.726   3364397.803 
  PROCESSING..ITS[2].addsub      1528   6173.916   4016686.068   4022859.984 
    i_prenorm_addsub              508   2219.916    425152.327    427372.243 
    i_postnorm_addsub             520   1994.077   3280063.499   3282057.576 
  PROCESSING..ITS[1].addsub      1529   6166.875   3868393.358   3874560.233 
    i_prenorm_addsub              509   2212.874    404616.244    406829.118 
    i_postnorm_addsub             520   1994.077   3214515.155   3216509.232 
  PROCESSING..ITS[0].addsub      1532   6150.218   3944237.306   3950387.524 
    i_prenorm_addsub              511   2212.804    470100.464    472313.269 
    i_postnorm_addsub             520   1994.077   3209686.958   3211681.035 
  PROCESSING..post_norm_mul      1243   5376.164   2106594.078   2111970.242 
    inc_ADD_UNS_OP2482_62          62    223.288    186556.809    186780.097 
  PROCESSING..post_norm_mul      1243   5376.164   2228761.866   2234138.030 
    inc_ADD_UNS_OP2482_62          62    223.288    189558.214    189781.503 
  PROCESSING..post_norm_mul      1243   5376.164   2180874.296   2186250.460 
    inc_ADD_UNS_OP2482_62          62    223.288    180693.856    180917.144 
  PROCESSING..post_norm_mul      1245   5370.382   2199735.348   2205105.731 
    inc_ADD_UNS_OP2482_62          62    223.288    175885.901    176109.189 
  PROCESSING..post_norm_div       605   2997.653   1129416.686   1132414.340 
  PROCESSING..post_norm_div       605   2997.653   1146205.009   1149202.662 
  PROCESSING..post_norm_div       605   2997.622   1165586.415   1168584.036 
  PROCESSING..post_norm_div       605   2997.622   1156899.273   1159896.894 
  PROCESSING.._i_serial_div       686   2711.203   1987986.222   1990697.425 
    sub_154_17                    179    590.517    452267.232    452857.749 
  PROCESSING.._i_serial_div       697   2708.679   1826937.664   1829646.342 
    sub_154_17                    191    588.589    319445.212    320033.800 
  PROCESSING.._i_serial_div       686   2688.575   1970230.964   1972919.539 
    sub_154_17                    179    590.517    422503.923    423094.440 
  PROCESSING.._i_serial_div       686   2679.502   2049345.423   2052024.924 
    sub_154_17                    179    581.444    442810.346    443391.790 
  PROCESSING.._pre_norm_div       477   2046.674    112313.087    114359.760 
  PROCESSING.._pre_norm_div       433   1869.366    115149.422    117018.788 
  PROCESSING.._pre_norm_div       434   1864.030    109235.359    111099.389 
  PROCESSING.._pre_norm_div       434   1856.000    111921.932    113777.933 
  sqrt_i_post_norm_sqrt           227   1226.085    362302.288    363528.373 
    inc_ADD_UNS_OP_29              56    225.237      1406.610      1631.847 
  PROCESSING..223_57_groupi       206    914.231     17563.447     18477.678 
  PROCESSING..223_57_groupi       206    914.231     23561.291     24475.523 
  PROCESSING..223_57_groupi       206    914.231     21683.635     22597.867 
  PROCESSING..223_57_groupi       206    912.649     24259.466     25172.115 
  sqrt_i_pre_norm_sqrt            195    677.981     14115.487     14793.468 
  PROCESSING..24_mul_194_38        83    497.144     84235.991     84733.136 
  PROCESSING..24_mul_195_46        83    497.144     95960.450     96457.595 
  PROCESSING..24_mul_196_46        83    497.144     95486.380     95983.524 
  PROCESSING..24_mul_194_38        83    497.144     61932.528     62429.673 
  PROCESSING..24_mul_195_46        83    497.144     88964.648     89461.792 
  PROCESSING..24_mul_196_46        83    497.144     78448.082     78945.226 
  PROCESSING..24_mul_194_38        83    497.144     62227.200     62724.345 
  PROCESSING..24_mul_195_46        83    497.144     84410.929     84908.074 
  PROCESSING..24_mul_196_46        83    497.144     82725.901     83223.045 
  PROCESSING..24_mul_194_38        83    497.144     65394.769     65891.913 
  PROCESSING..24_mul_195_46        83    497.144     87760.352     88257.497 
  PROCESSING..24_mul_196_46        83    497.144     72076.091     72573.235 
  PROCESSING..24_mul_197_52        83    493.890     94963.840     95457.730 
  PROCESSING..24_mul_197_52        83    493.890    105655.584    106149.474 
  PROCESSING..24_mul_197_52        83    493.890    103710.707    104204.597 
  PROCESSING..24_mul_197_52        83    493.890    103504.036    103997.926 
  PROCESSING..208_77_groupi        94    482.053     30494.472     30976.525 
  PROCESSING..208_77_groupi        94    479.477     27764.507     28243.984 
  PROCESSING..208_77_groupi        93    475.545     24188.613     24664.158 
  PROCESSING..208_77_groupi        93    472.968     32204.782     32677.750 

