============================================================
  Generated by:           Encounter(R) RTL Compiler RC14.27 - v14.20-s064_1
  Generated on:           May 06 2020  10:31:00 am
  Module:                 shapelet_distance
  Technology libraries:   PwcV162T125_STD_CELL_7RF 
                          physical_cells 
  Operating conditions:   _nominal_ 
  Interconnect mode:      global
  Area mode:              physical library
============================================================

                                    
    Gate     Instances     Area               Library           
----------------------------------------------------------------
ADDF_D              64     5780.275    PwcV162T125_STD_CELL_7RF 
ADDF_E             607    54822.298    PwcV162T125_STD_CELL_7RF 
ADDF_F               5      470.400    PwcV162T125_STD_CELL_7RF 
AND2_C               9      203.213    PwcV162T125_STD_CELL_7RF 
AND2_D              36      812.851    PwcV162T125_STD_CELL_7RF 
AND2_E              51     1151.539    PwcV162T125_STD_CELL_7RF 
AND2_F              14      316.109    PwcV162T125_STD_CELL_7RF 
AND2_H             183     4131.994    PwcV162T125_STD_CELL_7RF 
AND2_I             588    13276.570    PwcV162T125_STD_CELL_7RF 
AND2_J               1       30.106    PwcV162T125_STD_CELL_7RF 
AND2_K              25      752.640    PwcV162T125_STD_CELL_7RF 
AND3_E               6      158.054    PwcV162T125_STD_CELL_7RF 
AND3_H              37      974.669    PwcV162T125_STD_CELL_7RF 
AND3_I             129     3398.170    PwcV162T125_STD_CELL_7RF 
AND3_J               2       75.264    PwcV162T125_STD_CELL_7RF 
AND3_K              15      564.480    PwcV162T125_STD_CELL_7RF 
AND4_E              49     1475.174    PwcV162T125_STD_CELL_7RF 
AND4_H               9      304.819    PwcV162T125_STD_CELL_7RF 
AND4_J               1       60.211    PwcV162T125_STD_CELL_7RF 
AND4_K               7      421.478    PwcV162T125_STD_CELL_7RF 
AO21_C              37      974.669    PwcV162T125_STD_CELL_7RF 
AO21_D              37      974.669    PwcV162T125_STD_CELL_7RF 
AO21_E              81     2133.734    PwcV162T125_STD_CELL_7RF 
AO21_F              49     1290.778    PwcV162T125_STD_CELL_7RF 
AO21_H             130     3424.512    PwcV162T125_STD_CELL_7RF 
AO21_I             593    15621.043    PwcV162T125_STD_CELL_7RF 
AO21_K               4      165.581    PwcV162T125_STD_CELL_7RF 
AO2222_C            32     1685.914    PwcV162T125_STD_CELL_7RF 
AO2222_D           116     6111.437    PwcV162T125_STD_CELL_7RF 
AO2222_E           884    46573.363    PwcV162T125_STD_CELL_7RF 
AO2222_H            17     1023.590    PwcV162T125_STD_CELL_7RF 
AO222_B              1       45.158    PwcV162T125_STD_CELL_7RF 
AO222_C             41     1851.494    PwcV162T125_STD_CELL_7RF 
AO222_D             32     1445.069    PwcV162T125_STD_CELL_7RF 
AO222_E            393    17747.251    PwcV162T125_STD_CELL_7RF 
AO222_F              4      195.686    PwcV162T125_STD_CELL_7RF 
AO222_H             10      489.216    PwcV162T125_STD_CELL_7RF 
AO22_B             676    20351.386    PwcV162T125_STD_CELL_7RF 
AO22_C               1       30.106    PwcV162T125_STD_CELL_7RF 
AO22_D             177     5328.691    PwcV162T125_STD_CELL_7RF 
AO22_E            1848    55635.149    PwcV162T125_STD_CELL_7RF 
AO22_F             415    12493.824    PwcV162T125_STD_CELL_7RF 
AO22_H             295     8881.152    PwcV162T125_STD_CELL_7RF 
AO22_J               1       56.448    PwcV162T125_STD_CELL_7RF 
AO22_K              19     1072.512    PwcV162T125_STD_CELL_7RF 
AOI21_A             12      225.792    PwcV162T125_STD_CELL_7RF 
AOI21_B              2       37.632    PwcV162T125_STD_CELL_7RF 
AOI21_C            750    14112.000    PwcV162T125_STD_CELL_7RF 
AOI21_D             12      316.109    PwcV162T125_STD_CELL_7RF 
AOI21_E             99     2607.898    PwcV162T125_STD_CELL_7RF 
AOI21_F             33     1366.042    PwcV162T125_STD_CELL_7RF 
AOI21_H             19     1144.013    PwcV162T125_STD_CELL_7RF 
AOI2222_H           49     2950.349    PwcV162T125_STD_CELL_7RF 
AOI2222_I           47     2829.926    PwcV162T125_STD_CELL_7RF 
AOI222_H            75     3951.360    PwcV162T125_STD_CELL_7RF 
AOI222_I            48     2528.870    PwcV162T125_STD_CELL_7RF 
AOI22_B              7      158.054    PwcV162T125_STD_CELL_7RF 
AOI22_C            811    18311.731    PwcV162T125_STD_CELL_7RF 
AOI22_D              4      165.581    PwcV162T125_STD_CELL_7RF 
AOI22_E             24      993.485    PwcV162T125_STD_CELL_7RF 
AOI22_F              1       60.211    PwcV162T125_STD_CELL_7RF 
AOI22_H              4      301.056    PwcV162T125_STD_CELL_7RF 
BUFFER_F             1       18.816    PwcV162T125_STD_CELL_7RF 
BUFFER_H            18      338.688    PwcV162T125_STD_CELL_7RF 
BUFFER_I            29      545.664    PwcV162T125_STD_CELL_7RF 
BUFFER_K            23      605.875    PwcV162T125_STD_CELL_7RF 
BUFFER_L            45     1185.408    PwcV162T125_STD_CELL_7RF 
BUFFER_M             1       41.395    PwcV162T125_STD_CELL_7RF 
BUFFER_N             1       48.922    PwcV162T125_STD_CELL_7RF 
BUFFER_O            34     1663.334    PwcV162T125_STD_CELL_7RF 
CLKI_I               3      112.896    PwcV162T125_STD_CELL_7RF 
CLKI_K               1       45.158    PwcV162T125_STD_CELL_7RF 
CLKI_M               1       67.738    PwcV162T125_STD_CELL_7RF 
CLKI_O               2      188.160    PwcV162T125_STD_CELL_7RF 
CLK_K                2       67.738    PwcV162T125_STD_CELL_7RF 
CLK_M                1       60.211    PwcV162T125_STD_CELL_7RF 
DFFR_E               5      319.872    PwcV162T125_STD_CELL_7RF 
DFFSR_E             19     1573.018    PwcV162T125_STD_CELL_7RF 
DFFS_H               1       75.264    PwcV162T125_STD_CELL_7RF 
DFF_E             8339   439338.547    PwcV162T125_STD_CELL_7RF 
DFF_H              213    12824.986    PwcV162T125_STD_CELL_7RF 
DFF_K               77     6374.861    PwcV162T125_STD_CELL_7RF 
INVERTBAL_E        115     1298.304    PwcV162T125_STD_CELL_7RF 
INVERTBAL_H        384     4335.206    PwcV162T125_STD_CELL_7RF 
INVERTBAL_J          4       90.317    PwcV162T125_STD_CELL_7RF 
INVERTBAL_L          1       33.869    PwcV162T125_STD_CELL_7RF 
INVERT_A             6       67.738    PwcV162T125_STD_CELL_7RF 
INVERT_B             2       22.579    PwcV162T125_STD_CELL_7RF 
INVERT_C             2       22.579    PwcV162T125_STD_CELL_7RF 
INVERT_D           655     7394.688    PwcV162T125_STD_CELL_7RF 
INVERT_E           571     6446.362    PwcV162T125_STD_CELL_7RF 
INVERT_F           975    11007.360    PwcV162T125_STD_CELL_7RF 
INVERT_H           234     2641.766    PwcV162T125_STD_CELL_7RF 
INVERT_I           419     4730.342    PwcV162T125_STD_CELL_7RF 
INVERT_K            20      376.320    PwcV162T125_STD_CELL_7RF 
INVERT_L            74     1392.384    PwcV162T125_STD_CELL_7RF 
INVERT_M            17      511.795    PwcV162T125_STD_CELL_7RF 
INVERT_N            15      564.480    PwcV162T125_STD_CELL_7RF 
INVERT_O            20      978.432    PwcV162T125_STD_CELL_7RF 
INVERT_U             8      782.746    PwcV162T125_STD_CELL_7RF 
MUX21I_B            94     2476.186    PwcV162T125_STD_CELL_7RF 
MUX21I_C            10      263.424    PwcV162T125_STD_CELL_7RF 
MUX21I_D          1783    46968.499    PwcV162T125_STD_CELL_7RF 
MUX21I_E             3      169.344    PwcV162T125_STD_CELL_7RF 
MUX21I_H             5      225.792    PwcV162T125_STD_CELL_7RF 
MUX21I_I             3      135.475    PwcV162T125_STD_CELL_7RF 
MUX21_D            594    20118.067    PwcV162T125_STD_CELL_7RF 
MUX21_E            302    10228.378    PwcV162T125_STD_CELL_7RF 
MUX21_F            219     7417.267    PwcV162T125_STD_CELL_7RF 
MUX21_H            258     8738.150    PwcV162T125_STD_CELL_7RF 
MUX21_I            696    23572.685    PwcV162T125_STD_CELL_7RF 
NAND2BAL_E           2       37.632    PwcV162T125_STD_CELL_7RF 
NAND2BAL_H          81     1524.096    PwcV162T125_STD_CELL_7RF 
NAND2BAL_J           9      338.688    PwcV162T125_STD_CELL_7RF 
NAND2BAL_L           8      451.584    PwcV162T125_STD_CELL_7RF 
NAND2_C            152     2288.026    PwcV162T125_STD_CELL_7RF 
NAND2_D             80     1204.224    PwcV162T125_STD_CELL_7RF 
NAND2_E            360     5419.008    PwcV162T125_STD_CELL_7RF 
NAND2_F           3381    50893.517    PwcV162T125_STD_CELL_7RF 
NAND2_H             35     1053.696    PwcV162T125_STD_CELL_7RF 
NAND2_I             19      572.006    PwcV162T125_STD_CELL_7RF 
NAND2_J             67     2017.075    PwcV162T125_STD_CELL_7RF 
NAND2_K             13      538.138    PwcV162T125_STD_CELL_7RF 
NAND2_L              6      270.950    PwcV162T125_STD_CELL_7RF 
NAND2_M              3      180.634    PwcV162T125_STD_CELL_7RF 
NAND3_C              4       90.317    PwcV162T125_STD_CELL_7RF 
NAND3_D              8      180.634    PwcV162T125_STD_CELL_7RF 
NAND3_E            180     4064.256    PwcV162T125_STD_CELL_7RF 
NAND3_F              7      263.424    PwcV162T125_STD_CELL_7RF 
NAND3_H             35     1317.120    PwcV162T125_STD_CELL_7RF 
NAND3_I              9      508.032    PwcV162T125_STD_CELL_7RF 
NAND3_J              9      575.770    PwcV162T125_STD_CELL_7RF 
NAND4_B            201     4538.419    PwcV162T125_STD_CELL_7RF 
NAND4_D             38     1430.016    PwcV162T125_STD_CELL_7RF 
NAND4_E              1       52.685    PwcV162T125_STD_CELL_7RF 
NAND4_F             24     1264.435    PwcV162T125_STD_CELL_7RF 
NOR2_B             111     1670.861    PwcV162T125_STD_CELL_7RF 
NOR2_C             437     6578.074    PwcV162T125_STD_CELL_7RF 
NOR2_D              47      707.482    PwcV162T125_STD_CELL_7RF 
NOR2_E            2062    31038.874    PwcV162T125_STD_CELL_7RF 
NOR2_F              21      553.190    PwcV162T125_STD_CELL_7RF 
NOR2_H             129     3398.170    PwcV162T125_STD_CELL_7RF 
NOR2_I              60     1806.336    PwcV162T125_STD_CELL_7RF 
NOR2_J              11      496.742    PwcV162T125_STD_CELL_7RF 
NOR3_A               2       37.632    PwcV162T125_STD_CELL_7RF 
NOR3_B             156     2935.296    PwcV162T125_STD_CELL_7RF 
NOR3_C               4      120.422    PwcV162T125_STD_CELL_7RF 
NOR3_D              55     1655.808    PwcV162T125_STD_CELL_7RF 
NOR3_E               5      188.160    PwcV162T125_STD_CELL_7RF 
NOR3_F              25     1034.880    PwcV162T125_STD_CELL_7RF 
NOR4_A               2       37.632    PwcV162T125_STD_CELL_7RF 
NOR4_B             298     5607.168    PwcV162T125_STD_CELL_7RF 
NOR4_C              29     1091.328    PwcV162T125_STD_CELL_7RF 
NOR4_D               7      447.821    PwcV162T125_STD_CELL_7RF 
OA21_B              12      316.109    PwcV162T125_STD_CELL_7RF 
OA21_F               2       52.685    PwcV162T125_STD_CELL_7RF 
OA21_H               5      131.712    PwcV162T125_STD_CELL_7RF 
OA21_I             239     6295.834    PwcV162T125_STD_CELL_7RF 
OA21_K               8      451.584    PwcV162T125_STD_CELL_7RF 
OA2222_D             2      127.949    PwcV162T125_STD_CELL_7RF 
OA2222_E             7      447.821    PwcV162T125_STD_CELL_7RF 
OA2222_F            25     1599.360    PwcV162T125_STD_CELL_7RF 
OA222_C             11      579.533    PwcV162T125_STD_CELL_7RF 
OA222_F              1       56.448    PwcV162T125_STD_CELL_7RF 
OA22_B               1       30.106    PwcV162T125_STD_CELL_7RF 
OA22_D               1       30.106    PwcV162T125_STD_CELL_7RF 
OA22_F               1       30.106    PwcV162T125_STD_CELL_7RF 
OA22_H              64     1926.758    PwcV162T125_STD_CELL_7RF 
OA22_I              40     1204.224    PwcV162T125_STD_CELL_7RF 
OA22_J               1       67.738    PwcV162T125_STD_CELL_7RF 
OA22_K               2      135.475    PwcV162T125_STD_CELL_7RF 
OAI21_A              1       18.816    PwcV162T125_STD_CELL_7RF 
OAI21_B             21      395.136    PwcV162T125_STD_CELL_7RF 
OAI21_C           1108    20848.128    PwcV162T125_STD_CELL_7RF 
OAI21_D              9      237.082    PwcV162T125_STD_CELL_7RF 
OAI21_E            115     3029.376    PwcV162T125_STD_CELL_7RF 
OAI21_F             35     1317.120    PwcV162T125_STD_CELL_7RF 
OAI21_H             23     1125.197    PwcV162T125_STD_CELL_7RF 
OAI2222_E           10      715.008    PwcV162T125_STD_CELL_7RF 
OAI2222_H           21     1501.517    PwcV162T125_STD_CELL_7RF 
OAI22_A              5      131.712    PwcV162T125_STD_CELL_7RF 
OAI22_B            340     8956.416    PwcV162T125_STD_CELL_7RF 
OAI22_C             25      846.720    PwcV162T125_STD_CELL_7RF 
OAI22_E              2       97.843    PwcV162T125_STD_CELL_7RF 
OAI22_F              4      270.950    PwcV162T125_STD_CELL_7RF 
OR2_E                7      158.054    PwcV162T125_STD_CELL_7RF 
OR2_F               11      248.371    PwcV162T125_STD_CELL_7RF 
OR2_H               17      383.846    PwcV162T125_STD_CELL_7RF 
OR2_I              541    12215.347    PwcV162T125_STD_CELL_7RF 
OR2_J               12      361.267    PwcV162T125_STD_CELL_7RF 
OR2_K               22      662.323    PwcV162T125_STD_CELL_7RF 
OR3_F                2       60.211    PwcV162T125_STD_CELL_7RF 
OR3_H               24      722.534    PwcV162T125_STD_CELL_7RF 
OR3_I                1       48.922    PwcV162T125_STD_CELL_7RF 
OR3_J                1       48.922    PwcV162T125_STD_CELL_7RF 
OR3_K                2       97.843    PwcV162T125_STD_CELL_7RF 
OR4_D                3       90.317    PwcV162T125_STD_CELL_7RF 
OR4_E               65     1956.864    PwcV162T125_STD_CELL_7RF 
OR4_F               28     1053.696    PwcV162T125_STD_CELL_7RF 
OR4_H               25      940.800    PwcV162T125_STD_CELL_7RF 
OR4_I               26     1369.805    PwcV162T125_STD_CELL_7RF 
OR4_J                3      225.792    PwcV162T125_STD_CELL_7RF 
OR4_K                4      301.056    PwcV162T125_STD_CELL_7RF 
XNOR2_A              1       26.342    PwcV162T125_STD_CELL_7RF 
XNOR2_B            110     2897.664    PwcV162T125_STD_CELL_7RF 
XNOR2_C            887    23365.709    PwcV162T125_STD_CELL_7RF 
XNOR2_D             10      338.688    PwcV162T125_STD_CELL_7RF 
XNOR2_F             14      474.163    PwcV162T125_STD_CELL_7RF 
XNOR2_H             54     1828.915    PwcV162T125_STD_CELL_7RF 
XNOR2_I             10      376.320    PwcV162T125_STD_CELL_7RF 
XNOR3_C              1       63.974    PwcV162T125_STD_CELL_7RF 
XNOR3_E              3      191.923    PwcV162T125_STD_CELL_7RF 
XNOR3_F              6      383.846    PwcV162T125_STD_CELL_7RF 
XNOR3_H              2      127.949    PwcV162T125_STD_CELL_7RF 
XOR2_B              35      921.984    PwcV162T125_STD_CELL_7RF 
XOR2_C             738    19440.691    PwcV162T125_STD_CELL_7RF 
XOR2_H               5      188.160    PwcV162T125_STD_CELL_7RF 
XOR2_I              17      639.744    PwcV162T125_STD_CELL_7RF 
XOR3_E               2      127.949    PwcV162T125_STD_CELL_7RF 
XOR3_F              10      639.744    PwcV162T125_STD_CELL_7RF 
XOR3_H              10      639.744    PwcV162T125_STD_CELL_7RF 
XOR3_I               3      214.502    PwcV162T125_STD_CELL_7RF 
----------------------------------------------------------------
total            39079  1242638.746                             


                                        
   Type    Instances     Area    Area % 
----------------------------------------
sequential      8654  460506.547   37.1 
inverter        3529   43111.219    3.5 
buffer           155    4576.051    0.4 
logic          26741  734444.928   59.1 
----------------------------------------
total          39079 1242638.746  100.0 

