============================================================
  Generated by:           Encounter(R) RTL Compiler RC14.27 - v14.20-s064_1
  Generated on:           May 06 2020  12:14:55 pm
  Module:                 shapelet_distance
  Technology libraries:   PwcV162T125_STD_CELL_7RF 
                          physical_cells 
  Operating conditions:   _nominal_ 
  Interconnect mode:      global
  Area mode:              physical library
============================================================

                                    
    Gate     Instances     Area               Library           
----------------------------------------------------------------
ADDF_D              18     1625.702    PwcV162T125_STD_CELL_7RF 
ADDF_E             456    41184.461    PwcV162T125_STD_CELL_7RF 
AND2_C               1       22.579    PwcV162T125_STD_CELL_7RF 
AND2_D              48     1083.802    PwcV162T125_STD_CELL_7RF 
AND2_E               4       90.317    PwcV162T125_STD_CELL_7RF 
AND2_F               8      180.634    PwcV162T125_STD_CELL_7RF 
AND2_H             131     2957.875    PwcV162T125_STD_CELL_7RF 
AND2_I             702    15850.598    PwcV162T125_STD_CELL_7RF 
AND2_K              54     1625.702    PwcV162T125_STD_CELL_7RF 
AND3_E               6      158.054    PwcV162T125_STD_CELL_7RF 
AND3_H              14      368.794    PwcV162T125_STD_CELL_7RF 
AND3_I              81     2133.734    PwcV162T125_STD_CELL_7RF 
AND3_K              13      489.216    PwcV162T125_STD_CELL_7RF 
AND4_E              71     2137.498    PwcV162T125_STD_CELL_7RF 
AND4_K               2      120.422    PwcV162T125_STD_CELL_7RF 
AO21_C               8      210.739    PwcV162T125_STD_CELL_7RF 
AO21_D              15      395.136    PwcV162T125_STD_CELL_7RF 
AO21_E             104     2739.610    PwcV162T125_STD_CELL_7RF 
AO21_F              83     2186.419    PwcV162T125_STD_CELL_7RF 
AO21_H              54     1422.490    PwcV162T125_STD_CELL_7RF 
AO21_I             272     7165.133    PwcV162T125_STD_CELL_7RF 
AO21_K              65     2690.688    PwcV162T125_STD_CELL_7RF 
AO2222_C            20     1053.696    PwcV162T125_STD_CELL_7RF 
AO2222_D            57     3003.034    PwcV162T125_STD_CELL_7RF 
AO2222_E          1595    84032.256    PwcV162T125_STD_CELL_7RF 
AO2222_H             3      180.634    PwcV162T125_STD_CELL_7RF 
AO222_C             17      767.693    PwcV162T125_STD_CELL_7RF 
AO222_D              7      316.109    PwcV162T125_STD_CELL_7RF 
AO222_E            365    16482.816    PwcV162T125_STD_CELL_7RF 
AO22_B            4366   131441.050    PwcV162T125_STD_CELL_7RF 
AO22_D              11      331.162    PwcV162T125_STD_CELL_7RF 
AO22_E            1851    55725.466    PwcV162T125_STD_CELL_7RF 
AO22_F             398    11982.029    PwcV162T125_STD_CELL_7RF 
AO22_H             124     3733.094    PwcV162T125_STD_CELL_7RF 
AO22_K              12      677.376    PwcV162T125_STD_CELL_7RF 
AO33_H               2      120.422    PwcV162T125_STD_CELL_7RF 
AOI21_A             10      188.160    PwcV162T125_STD_CELL_7RF 
AOI21_B              3       56.448    PwcV162T125_STD_CELL_7RF 
AOI21_C            321     6039.936    PwcV162T125_STD_CELL_7RF 
AOI21_D              2       52.685    PwcV162T125_STD_CELL_7RF 
AOI21_E              3       79.027    PwcV162T125_STD_CELL_7RF 
AOI21_F              2       82.790    PwcV162T125_STD_CELL_7RF 
AOI2222_H           29     1746.125    PwcV162T125_STD_CELL_7RF 
AOI2222_I           14      842.957    PwcV162T125_STD_CELL_7RF 
AOI222_H            40     2107.392    PwcV162T125_STD_CELL_7RF 
AOI222_I            32     1685.914    PwcV162T125_STD_CELL_7RF 
AOI22_C            366     8263.987    PwcV162T125_STD_CELL_7RF 
AOI22_F              1       60.211    PwcV162T125_STD_CELL_7RF 
BUFFER_H             4       75.264    PwcV162T125_STD_CELL_7RF 
BUFFER_I             5       94.080    PwcV162T125_STD_CELL_7RF 
BUFFER_K             7      184.397    PwcV162T125_STD_CELL_7RF 
BUFFER_L            11      289.766    PwcV162T125_STD_CELL_7RF 
BUFFER_O             1       48.922    PwcV162T125_STD_CELL_7RF 
CLKI_I               1       37.632    PwcV162T125_STD_CELL_7RF 
CLKI_K               1       45.158    PwcV162T125_STD_CELL_7RF 
CLKI_M               3      203.213    PwcV162T125_STD_CELL_7RF 
CLK_K                2       67.738    PwcV162T125_STD_CELL_7RF 
COMP2_E              1       67.738    PwcV162T125_STD_CELL_7RF 
DFFS_E               1       67.738    PwcV162T125_STD_CELL_7RF 
DFF_E             9757   514045.594    PwcV162T125_STD_CELL_7RF 
DFF_H               26     1565.491    PwcV162T125_STD_CELL_7RF 
DFF_K               22     1821.389    PwcV162T125_STD_CELL_7RF 
INVERTBAL_E         64      722.534    PwcV162T125_STD_CELL_7RF 
INVERTBAL_H        243     2743.373    PwcV162T125_STD_CELL_7RF 
INVERT_D           295     3330.432    PwcV162T125_STD_CELL_7RF 
INVERT_E           192     2167.603    PwcV162T125_STD_CELL_7RF 
INVERT_F           545     6152.832    PwcV162T125_STD_CELL_7RF 
INVERT_H           130     1467.648    PwcV162T125_STD_CELL_7RF 
INVERT_I           144     1625.702    PwcV162T125_STD_CELL_7RF 
INVERT_L            42      790.272    PwcV162T125_STD_CELL_7RF 
INVERT_M            14      421.478    PwcV162T125_STD_CELL_7RF 
INVERT_N            16      602.112    PwcV162T125_STD_CELL_7RF 
INVERT_O             4      195.686    PwcV162T125_STD_CELL_7RF 
INVERT_U             5      489.216    PwcV162T125_STD_CELL_7RF 
MUX21I_B            19      500.506    PwcV162T125_STD_CELL_7RF 
MUX21I_C            66     1738.598    PwcV162T125_STD_CELL_7RF 
MUX21I_D          1348    35509.555    PwcV162T125_STD_CELL_7RF 
MUX21_D            550    18627.840    PwcV162T125_STD_CELL_7RF 
MUX21_E            188     6367.334    PwcV162T125_STD_CELL_7RF 
MUX21_F             15      508.032    PwcV162T125_STD_CELL_7RF 
MUX21_H             36     1219.277    PwcV162T125_STD_CELL_7RF 
MUX21_I            581    19677.773    PwcV162T125_STD_CELL_7RF 
NAND2BAL_H           7      131.712    PwcV162T125_STD_CELL_7RF 
NAND2BAL_L           1       56.448    PwcV162T125_STD_CELL_7RF 
NAND2_C             15      225.792    PwcV162T125_STD_CELL_7RF 
NAND2_D             27      406.426    PwcV162T125_STD_CELL_7RF 
NAND2_E            123     1851.494    PwcV162T125_STD_CELL_7RF 
NAND2_F           1495    22503.936    PwcV162T125_STD_CELL_7RF 
NAND2_I              2       60.211    PwcV162T125_STD_CELL_7RF 
NAND2_J             21      632.218    PwcV162T125_STD_CELL_7RF 
NAND2_K              1       41.395    PwcV162T125_STD_CELL_7RF 
NAND2_M              1       60.211    PwcV162T125_STD_CELL_7RF 
NAND3_C              4       90.317    PwcV162T125_STD_CELL_7RF 
NAND3_D              2       45.158    PwcV162T125_STD_CELL_7RF 
NAND3_E            144     3251.405    PwcV162T125_STD_CELL_7RF 
NAND3_H              5      188.160    PwcV162T125_STD_CELL_7RF 
NAND3_I              1       56.448    PwcV162T125_STD_CELL_7RF 
NAND4_B            119     2686.925    PwcV162T125_STD_CELL_7RF 
NAND4_D             11      413.952    PwcV162T125_STD_CELL_7RF 
NAND4_F              3      158.054    PwcV162T125_STD_CELL_7RF 
NOR2_B             163     2453.606    PwcV162T125_STD_CELL_7RF 
NOR2_C             221     3326.669    PwcV162T125_STD_CELL_7RF 
NOR2_D              20      301.056    PwcV162T125_STD_CELL_7RF 
NOR2_E            1079    16241.971    PwcV162T125_STD_CELL_7RF 
NOR2_F               1       26.342    PwcV162T125_STD_CELL_7RF 
NOR2_H             151     3977.702    PwcV162T125_STD_CELL_7RF 
NOR2_I              53     1595.597    PwcV162T125_STD_CELL_7RF 
NOR2_J               5      225.792    PwcV162T125_STD_CELL_7RF 
NOR3_B             142     2671.872    PwcV162T125_STD_CELL_7RF 
NOR3_C               2       60.211    PwcV162T125_STD_CELL_7RF 
NOR3_D              19      572.006    PwcV162T125_STD_CELL_7RF 
NOR3_E               5      188.160    PwcV162T125_STD_CELL_7RF 
NOR3_F               3      124.186    PwcV162T125_STD_CELL_7RF 
NOR4_B             524     9859.584    PwcV162T125_STD_CELL_7RF 
NOR4_C               4      150.528    PwcV162T125_STD_CELL_7RF 
OA21_H               1       26.342    PwcV162T125_STD_CELL_7RF 
OA21_I             126     3319.142    PwcV162T125_STD_CELL_7RF 
OA21_K               5      282.240    PwcV162T125_STD_CELL_7RF 
OA2222_F            58     3710.515    PwcV162T125_STD_CELL_7RF 
OA222_C              7      368.794    PwcV162T125_STD_CELL_7RF 
OA22_H              28      842.957    PwcV162T125_STD_CELL_7RF 
OA22_I               5      150.528    PwcV162T125_STD_CELL_7RF 
OAI21_C            491     9238.656    PwcV162T125_STD_CELL_7RF 
OAI21_E             17      447.821    PwcV162T125_STD_CELL_7RF 
OAI21_F              2       75.264    PwcV162T125_STD_CELL_7RF 
OAI2222_H           12      858.010    PwcV162T125_STD_CELL_7RF 
OAI22_B            268     7059.763    PwcV162T125_STD_CELL_7RF 
OAI22_C              1       33.869    PwcV162T125_STD_CELL_7RF 
OR2_E                8      180.634    PwcV162T125_STD_CELL_7RF 
OR2_F               10      225.792    PwcV162T125_STD_CELL_7RF 
OR2_H               17      383.846    PwcV162T125_STD_CELL_7RF 
OR2_I              312     7044.710    PwcV162T125_STD_CELL_7RF 
OR2_K               12      361.267    PwcV162T125_STD_CELL_7RF 
OR3_H               20      602.112    PwcV162T125_STD_CELL_7RF 
OR4_E               61     1836.442    PwcV162T125_STD_CELL_7RF 
OR4_F                2       75.264    PwcV162T125_STD_CELL_7RF 
OR4_H                2       75.264    PwcV162T125_STD_CELL_7RF 
XNOR2_B             48     1264.435    PwcV162T125_STD_CELL_7RF 
XNOR2_C            415    10932.096    PwcV162T125_STD_CELL_7RF 
XNOR2_F              5      169.344    PwcV162T125_STD_CELL_7RF 
XNOR2_H              3      101.606    PwcV162T125_STD_CELL_7RF 
XNOR3_F              4      255.898    PwcV162T125_STD_CELL_7RF 
XNOR3_H              1       63.974    PwcV162T125_STD_CELL_7RF 
XNOR3_I              1       71.501    PwcV162T125_STD_CELL_7RF 
XOR2_B              15      395.136    PwcV162T125_STD_CELL_7RF 
XOR2_C             498    13118.515    PwcV162T125_STD_CELL_7RF 
XOR2_I               1       37.632    PwcV162T125_STD_CELL_7RF 
XOR2_J               2       97.843    PwcV162T125_STD_CELL_7RF 
XOR3_F              22     1407.437    PwcV162T125_STD_CELL_7RF 
XOR3_H               9      575.770    PwcV162T125_STD_CELL_7RF 
----------------------------------------------------------------
total            33063  1181689.958                             


                                        
   Type    Instances     Area    Area % 
----------------------------------------
sequential      9806  517500.211   43.8 
inverter        1699   20994.893    1.8 
buffer            30     760.166    0.1 
logic          21528  642434.688   54.4 
----------------------------------------
total          33063 1181689.958  100.0 

