============================================================
  Generated by:           Encounter(R) RTL Compiler RC14.27 - v14.20-s064_1
  Generated on:           May 06 2020  12:14:54 pm
  Module:                 shapelet_distance
  Technology libraries:   PwcV162T125_STD_CELL_7RF 
                          physical_cells 
  Operating conditions:   _nominal_ 
  Interconnect mode:      global
  Area mode:              physical library
============================================================

           Pin                 Type       Fanout  Load Slew Delay Arrival   
                                                  (fF) (ps)  (ps)   (ps)    
----------------------------------------------------------------------------
(clock clk)                  launch                                     0 R 
                             latency                         +350     350 R 
reg_block_sel_s_reg[5]/CLK                                0           350 R 
reg_block_sel_s_reg[5]/Q     DFF_H             9 132.2  447  +548     898 R 
g314602/B                                                      +0     898   
g314602/Z                    AND2_K           16 239.6  325  +338    1236 R 
g314425/B                                                      +0    1236   
g314425/Z                    AND3_I           17 234.4  503  +437    1673 R 
g313917/A                                                      +0    1673   
g313917/Z                    AND2_K           26 352.1  452  +422    2095 R 
g312511/B2                                                     +0    2095   
g312511/Z                    AO2222_H          1  24.1  153  +274    2369 R 
g311528/A                                                      +0    2369   
g311528/Z                    NOR4_C            1  21.6  231  +129    2498 F 
g311260/B                                                      +0    2498   
g311260/Z                    NAND2_F           1  37.6  220  +173    2671 R 
g311100/C                                                      +0    2671   
g311100/Z                    NOR3_F            2  45.6  204  +163    2834 F 
g311095/A                                                      +0    2834   
g311095/Z                    INVERT_I          2  54.9  168  +126    2959 R 
g314825/A                                                      +0    2959   
g314825/Z                    NAND2_J           1  35.5  228   +74    3034 F 
g310882/A                                                      +0    3034   
g310882/Z                    NAND2_I           2  31.6  154  +114    3148 R 
PROCESSING_UNITS[1].addsub/opb_i[31] 
  g2936/C                                                      +0    3148   
  g2936/Z                    XNOR3_I           2  65.2  222  +260    3408 F 
  g2915/A                                                      +0    3408   
  g2915/Z                    NOR2_J            7 123.9  268  +160    3568 R 
  g2914/A                                                      +0    3568   
  g2914/Z                    BUFFER_K         10 183.1  257  +263    3832 R 
  g2913/A                                                      +0    3832   
  g2913/Z                    INVERT_L          4  71.6  116   +80    3912 F 
  g2834/A2                                                     +0    3912   
  g2834/Z                    OAI21_C           3  61.0  672  +370    4282 R 
  i_addsub_SUB_UNS_OP_Y_add_114_27/A[2] 
    g12967/A                                                   +0    4282   
    g12967/Z                 INVERT_I          1  21.7  169   +78    4360 F 
    g12980/A                                                   +0    4360   
    g12980/Z                 NAND2_F           1  27.3  231  +125    4485 R 
    g12876/A2                                                  +0    4485   
    g12876/Z                 AO22_K            2  35.2  107  +183    4668 R 
    g12873/A1                                                  +0    4668   
    g12873/Z                 AO22_H            2  35.2  151  +187    4855 R 
    g12870/A1                                                  +0    4855   
    g12870/Z                 AO22_H            2  36.6  144  +196    5051 R 
    g12986/CIN                                                 +0    5051   
    g12986/COUT              ADDF_E            2  35.2  248  +289    5340 R 
    g12862/A1                                                  +0    5340   
    g12862/Z                 AO22_H            2  43.7  180  +221    5561 R 
    g12859/A1                                                  +0    5561   
    g12859/Z                 AO22_K            2  43.7  115  +188    5749 R 
    g12856/A1                                                  +0    5749   
    g12856/Z                 AO22_K            2  35.2   94  +170    5919 R 
    g12853/A1                                                  +0    5919   
    g12853/Z                 AO22_H            2  35.2  150  +185    6104 R 
    g12850/A1                                                  +0    6104   
    g12850/Z                 AO22_H            1  20.2  115  +172    6276 R 
    g12990/CIN                                                 +0    6276   
    g12990/COUT              ADDF_E            2  35.1  247  +285    6561 R 
    g12844/A1                                                  +0    6561   
    g12844/Z                 AO22_H            2  35.1  150  +210    6771 R 
    g12842/A1                                                  +0    6771   
    g12842/Z                 AO22_H            2  35.1  150  +194    6965 R 
    g12840/A1                                                  +0    6965   
    g12840/Z                 AO22_H            2  35.1  150  +194    7159 R 
    g12838/A1                                                  +0    7159   
    g12838/Z                 AO22_H            2  43.6  170  +204    7363 R 
    g12836/A1                                                  +0    7363   
    g12836/Z                 AO22_K            2  43.6  115  +186    7549 R 
    g12834/A1                                                  +0    7549   
    g12834/Z                 AO22_K            2  43.6  115  +176    7724 R 
    g12832/A1                                                  +0    7724   
    g12832/Z                 AO22_K            3  54.8  126  +183    7907 R 
    g12831/A                                                   +0    7907   
    g12831/Z                 NAND2_F           1  26.1  119   +84    7992 F 
    g12827/A                                                   +0    7992   
    g12827/Z                 NAND2BAL_H        2  35.1  169  +100    8092 R 
    g12824/A1                                                  +0    8092   
    g12824/Z                 AO22_H            2  35.1  150  +197    8289 R 
    g12820/A1                                                  +0    8289   
    g12820/Z                 AO22_H            2  37.9  156  +197    8486 R 
    g12985/A                                                   +0    8486   
    g12985/COUT              ADDF_E            2  35.1  248  +405    8891 R 
    g12816/A1                                                  +0    8891   
    g12816/Z                 AO22_H            1  20.2  115  +188    9080 R 
    g12815/CIN                                                 +0    9080   
    g12815/SUM               ADDF_E            2  24.8  176  +262    9342 F 
  i_addsub_SUB_UNS_OP_Y_add_114_27/Z[26] 
  g3/B                                                         +0    9342   
  g3/Z                       OR3_H             1  21.6  113  +252    9594 F 
  g2/A                                                         +0    9594   
  g2/Z                       NOR3_D            1  16.2  222  +120    9714 R 
  g1704/A1                                                     +0    9714   
  g1704/Z                    AOI21_C           1  13.5  249  +145    9860 F 
  i_addsub_sign_o_reg/D      DFF_E                             +0    9860   
  i_addsub_sign_o_reg/CLK    setup                        0  +240   10099 R 
- - - - - - - - - - - - - - - - - - - - - - - - - - - - - - - - - - - - - - 
(clock clk)                  capture                                10000 R 
                             latency                         +350   10350 R 
                             uncertainty                     -250   10100 R 
----------------------------------------------------------------------------
Cost Group   : 'clk' (path_group 'clk')
Timing slack :       1ps 
Start-point  : reg_block_sel_s_reg[5]/CLK
End-point    : PROCESSING_UNITS[1].addsub/i_addsub_sign_o_reg/D
