============================================================
  Generated by:           Encounter(R) RTL Compiler RC14.27 - v14.20-s064_1
  Generated on:           May 06 2020  12:14:56 pm
  Module:                 shapelet_distance
  Technology libraries:   PwcV162T125_STD_CELL_7RF 
                          physical_cells 
  Operating conditions:   _nominal_ 
  Interconnect mode:      global
  Area mode:              physical library
============================================================

                                      Leakage     Dynamic        Total     
           Instance           Cells  Power(nW)   Power(nW)     Power(nW)   
---------------------------------------------------------------------------
shapelet_distance             33063 154045.448 177377510.959 177531556.407 
  sqrt_i_sqrt                  1950   8114.851   5667233.836   5675348.687 
    csa_tree_A..OP_563_groupi   428   1661.053    314704.780    316365.833 
    csa_tree_eq_201_32_groupi   220    879.371   1441291.900   1442171.271 
    addinc_ADD_UNS_OP_2_35       66    399.330     57222.139     57621.469 
    gt_163_14                   115    300.126    185417.516    185717.642 
    gt_184_15                    93    245.442    431388.158    431633.600 
  adder_tree..rGen[0].ADDER    1382   5720.147  10713347.752  10719067.898 
    i_postnorm_addsub           530   2056.197   4216369.344   4218425.541 
    i_prenorm_addsub            447   1783.581   3379788.385   3381571.966 
    i_addsub_S.._Y_add_114_27   168    717.652   1320513.613   1321231.264 
  PROCESSING..ITS[0].addsub    1311   5660.270   9644315.296   9649975.566 
    i_postnorm_addsub           518   1970.692   4256852.957   4258823.649 
    i_prenorm_addsub            422   1669.603   2794504.562   2796174.165 
    i_addsub_S.._Y_add_114_27   132    835.694   1003901.091   1004736.785 
  PROCESSING..ITS[1].addsub    1311   5660.029  10117880.244  10123540.273 
    i_postnorm_addsub           518   1970.692   4310482.752   4312453.444 
    i_prenorm_addsub            422   1669.603   2976117.502   2977787.105 
    i_addsub_S.._Y_add_114_27   132    833.920   1021469.644   1022303.564 
  PROCESSING..post_norm_mul    1233   5336.903   9281199.020   9286535.923 
    inc_ADD_UNS_OP2482_59        61    245.281    317814.713    318059.994 
  PROCESSING..post_norm_mul    1233   5327.876  10434408.453  10439736.330 
    inc_ADD_UNS_OP2482_59        61    245.281    261996.376    262241.658 
  PROCESSING..post_norm_div     638   3160.089   3242395.818   3245555.907 
    inc_ADD_UNS_OP698_31         60    241.010    138913.263    139154.274 
  PROCESSING..post_norm_div     638   3160.089   2162631.633   2165791.722 
    inc_ADD_UNS_OP698_31         60    241.010     95844.995     96086.006 
  PROCESSING.._i_serial_div     578   2605.763   1819093.612   1821699.375 
    sub_154_17                  139    520.935    433202.570    433723.505 
  PROCESSING.._i_serial_div     578   2605.763   2699245.840   2701851.603 
    sub_154_17                  139    520.935    871694.457    872215.392 
  PROCESSING.._pre_norm_div     414   1590.378   1074149.106   1075739.483 
    csa_tree_a..118_77_groupi    48    289.272    231624.905    231914.176 
  PROCESSING.._pre_norm_div     417   1548.391   1756454.705   1758003.095 
    csa_tree_a..118_77_groupi    45    280.333    393795.201    394075.534 
  sqrt_i_post_norm_sqrt         227   1226.085    588585.373    589811.458 
    inc_ADD_UNS_OP_26            56    225.237     84428.317     84653.553 
  PROCESSING..223_57_groupi      84    727.996   1226251.919   1226979.915 
  PROCESSING..223_57_groupi      84    727.996   1206361.553   1207089.548 
  sqrt_i_pre_norm_sqrt          223    707.841    647353.702    648061.544 
  PROCESSING..24_mul_194_38      83    487.365    569545.741    570033.107 
  PROCESSING..24_mul_195_46      83    487.365    628193.615    628680.980 
  PROCESSING..24_mul_196_46      83    487.365    622819.505    623306.870 
  PROCESSING..24_mul_197_52      83    487.365    519444.902    519932.268 
  PROCESSING..24_mul_194_38      83    487.365    586488.603    586975.968 
  PROCESSING..24_mul_195_46      83    487.365    641235.163    641722.529 
  PROCESSING..24_mul_196_46      83    487.365    628260.704    628748.069 
  PROCESSING..24_mul_197_52      83    487.365    546457.406    546944.772 
  PROCESSING..208_77_groupi      40    352.466    701101.175    701453.641 
  PROCESSING..208_77_groupi      40    352.466    742795.661    743148.128 

