============================================================
  Generated by:           Encounter(R) RTL Compiler RC14.27 - v14.20-s064_1
  Generated on:           May 06 2020  12:39:38 pm
  Module:                 shapelet_distance
  Technology libraries:   PwcV162T125_STD_CELL_7RF 
                          physical_cells 
  Operating conditions:   _nominal_ 
  Interconnect mode:      global
  Area mode:              physical library
============================================================

                                    
    Gate     Instances     Area               Library           
----------------------------------------------------------------
ADDF_D              18     1625.702    PwcV162T125_STD_CELL_7RF 
ADDF_E             453    40913.510    PwcV162T125_STD_CELL_7RF 
AND2_C               1       22.579    PwcV162T125_STD_CELL_7RF 
AND2_D              48     1083.802    PwcV162T125_STD_CELL_7RF 
AND2_E               7      158.054    PwcV162T125_STD_CELL_7RF 
AND2_F              38      858.010    PwcV162T125_STD_CELL_7RF 
AND2_H             107     2415.974    PwcV162T125_STD_CELL_7RF 
AND2_I             977    22059.878    PwcV162T125_STD_CELL_7RF 
AND2_K               7      210.739    PwcV162T125_STD_CELL_7RF 
AND3_E               2       52.685    PwcV162T125_STD_CELL_7RF 
AND3_F               1       26.342    PwcV162T125_STD_CELL_7RF 
AND3_H              12      316.109    PwcV162T125_STD_CELL_7RF 
AND3_I              83     2186.419    PwcV162T125_STD_CELL_7RF 
AND3_K               4      150.528    PwcV162T125_STD_CELL_7RF 
AND4_E              48     1445.069    PwcV162T125_STD_CELL_7RF 
AND4_H               1       33.869    PwcV162T125_STD_CELL_7RF 
AO21_C               8      210.739    PwcV162T125_STD_CELL_7RF 
AO21_D              22      579.533    PwcV162T125_STD_CELL_7RF 
AO21_E              99     2607.898    PwcV162T125_STD_CELL_7RF 
AO21_F              78     2054.707    PwcV162T125_STD_CELL_7RF 
AO21_H              52     1369.805    PwcV162T125_STD_CELL_7RF 
AO21_I             198     5215.795    PwcV162T125_STD_CELL_7RF 
AO21_K             128     5298.586    PwcV162T125_STD_CELL_7RF 
AO2222_C            20     1053.696    PwcV162T125_STD_CELL_7RF 
AO2222_D            79     4162.099    PwcV162T125_STD_CELL_7RF 
AO2222_E          2222   117065.626    PwcV162T125_STD_CELL_7RF 
AO2222_H             1       60.211    PwcV162T125_STD_CELL_7RF 
AO222_C             13      587.059    PwcV162T125_STD_CELL_7RF 
AO222_D             12      541.901    PwcV162T125_STD_CELL_7RF 
AO222_E            292    13186.253    PwcV162T125_STD_CELL_7RF 
AO22_B            2977    89624.371    PwcV162T125_STD_CELL_7RF 
AO22_C               6      180.634    PwcV162T125_STD_CELL_7RF 
AO22_D              14      421.478    PwcV162T125_STD_CELL_7RF 
AO22_E            5201   156579.226    PwcV162T125_STD_CELL_7RF 
AO22_F             442    13306.675    PwcV162T125_STD_CELL_7RF 
AO22_H             140     4214.784    PwcV162T125_STD_CELL_7RF 
AO22_K               2      112.896    PwcV162T125_STD_CELL_7RF 
AO33_H               2      120.422    PwcV162T125_STD_CELL_7RF 
AOI21_A             10      188.160    PwcV162T125_STD_CELL_7RF 
AOI21_B              2       37.632    PwcV162T125_STD_CELL_7RF 
AOI21_C            312     5870.592    PwcV162T125_STD_CELL_7RF 
AOI21_D              2       52.685    PwcV162T125_STD_CELL_7RF 
AOI21_E              8      210.739    PwcV162T125_STD_CELL_7RF 
AOI21_F              2       82.790    PwcV162T125_STD_CELL_7RF 
AOI2222_H           40     2408.448    PwcV162T125_STD_CELL_7RF 
AOI2222_I           50     3010.560    PwcV162T125_STD_CELL_7RF 
AOI222_H            30     1580.544    PwcV162T125_STD_CELL_7RF 
AOI222_I            17      895.642    PwcV162T125_STD_CELL_7RF 
AOI22_C            394     8896.205    PwcV162T125_STD_CELL_7RF 
AOI22_E              2       82.790    PwcV162T125_STD_CELL_7RF 
BUFFER_H             2       37.632    PwcV162T125_STD_CELL_7RF 
BUFFER_I             2       37.632    PwcV162T125_STD_CELL_7RF 
BUFFER_K             1       26.342    PwcV162T125_STD_CELL_7RF 
BUFFER_L            11      289.766    PwcV162T125_STD_CELL_7RF 
BUFFER_O             6      293.530    PwcV162T125_STD_CELL_7RF 
CLKI_I               1       37.632    PwcV162T125_STD_CELL_7RF 
CLKI_K               1       45.158    PwcV162T125_STD_CELL_7RF 
CLKI_M               2      135.475    PwcV162T125_STD_CELL_7RF 
CLKI_O               1       94.080    PwcV162T125_STD_CELL_7RF 
CLK_K                3      101.606    PwcV162T125_STD_CELL_7RF 
CLK_O                1       90.317    PwcV162T125_STD_CELL_7RF 
DFFSR_E              2      165.581    PwcV162T125_STD_CELL_7RF 
DFFS_E               1       67.738    PwcV162T125_STD_CELL_7RF 
DFF_E            11840   623788.032    PwcV162T125_STD_CELL_7RF 
DFF_H               28     1685.914    PwcV162T125_STD_CELL_7RF 
DFF_K               19     1573.018    PwcV162T125_STD_CELL_7RF 
INVERTBAL_E         74      835.430    PwcV162T125_STD_CELL_7RF 
INVERTBAL_H        227     2562.739    PwcV162T125_STD_CELL_7RF 
INVERT_D           278     3138.509    PwcV162T125_STD_CELL_7RF 
INVERT_E           194     2190.182    PwcV162T125_STD_CELL_7RF 
INVERT_F           632     7135.027    PwcV162T125_STD_CELL_7RF 
INVERT_H           147     1659.571    PwcV162T125_STD_CELL_7RF 
INVERT_I           169     1907.942    PwcV162T125_STD_CELL_7RF 
INVERT_K             1       18.816    PwcV162T125_STD_CELL_7RF 
INVERT_L            34      639.744    PwcV162T125_STD_CELL_7RF 
INVERT_M            61     1836.442    PwcV162T125_STD_CELL_7RF 
INVERT_N            40     1505.280    PwcV162T125_STD_CELL_7RF 
INVERT_O             7      342.451    PwcV162T125_STD_CELL_7RF 
INVERT_U            20     1956.864    PwcV162T125_STD_CELL_7RF 
MUX21I_B             6      158.054    PwcV162T125_STD_CELL_7RF 
MUX21I_C           127     3345.485    PwcV162T125_STD_CELL_7RF 
MUX21I_D          1158    30504.499    PwcV162T125_STD_CELL_7RF 
MUX21_D            534    18085.939    PwcV162T125_STD_CELL_7RF 
MUX21_E            239     8094.643    PwcV162T125_STD_CELL_7RF 
MUX21_F             11      372.557    PwcV162T125_STD_CELL_7RF 
MUX21_H             42     1422.490    PwcV162T125_STD_CELL_7RF 
MUX21_I            506    17137.613    PwcV162T125_STD_CELL_7RF 
NAND2BAL_H          30      564.480    PwcV162T125_STD_CELL_7RF 
NAND2BAL_J           4      150.528    PwcV162T125_STD_CELL_7RF 
NAND2_C             15      225.792    PwcV162T125_STD_CELL_7RF 
NAND2_D             21      316.109    PwcV162T125_STD_CELL_7RF 
NAND2_E            133     2002.022    PwcV162T125_STD_CELL_7RF 
NAND2_F           1550    23331.840    PwcV162T125_STD_CELL_7RF 
NAND2_J             80     2408.448    PwcV162T125_STD_CELL_7RF 
NAND2_K              3      124.186    PwcV162T125_STD_CELL_7RF 
NAND2_L              2       90.317    PwcV162T125_STD_CELL_7RF 
NAND3_C              4       90.317    PwcV162T125_STD_CELL_7RF 
NAND3_D              1       22.579    PwcV162T125_STD_CELL_7RF 
NAND3_E            109     2461.133    PwcV162T125_STD_CELL_7RF 
NAND3_H              3      112.896    PwcV162T125_STD_CELL_7RF 
NAND4_B            207     4673.894    PwcV162T125_STD_CELL_7RF 
NAND4_D              5      188.160    PwcV162T125_STD_CELL_7RF 
NAND4_F              2      105.370    PwcV162T125_STD_CELL_7RF 
NOR2_B             285     4290.048    PwcV162T125_STD_CELL_7RF 
NOR2_C             147     2212.762    PwcV162T125_STD_CELL_7RF 
NOR2_D              29      436.531    PwcV162T125_STD_CELL_7RF 
NOR2_E            1025    15429.120    PwcV162T125_STD_CELL_7RF 
NOR2_F               2       52.685    PwcV162T125_STD_CELL_7RF 
NOR2_H             103     2713.267    PwcV162T125_STD_CELL_7RF 
NOR2_I              77     2318.131    PwcV162T125_STD_CELL_7RF 
NOR2_J               2       90.317    PwcV162T125_STD_CELL_7RF 
NOR3_B             127     2389.632    PwcV162T125_STD_CELL_7RF 
NOR3_C               2       60.211    PwcV162T125_STD_CELL_7RF 
NOR3_D              21      632.218    PwcV162T125_STD_CELL_7RF 
NOR3_E               4      150.528    PwcV162T125_STD_CELL_7RF 
NOR3_F               2       82.790    PwcV162T125_STD_CELL_7RF 
NOR4_B             647    12173.952    PwcV162T125_STD_CELL_7RF 
NOR4_C               8      301.056    PwcV162T125_STD_CELL_7RF 
OA21_H               3       79.027    PwcV162T125_STD_CELL_7RF 
OA21_I             119     3134.746    PwcV162T125_STD_CELL_7RF 
OA21_K               5      282.240    PwcV162T125_STD_CELL_7RF 
OA2222_F            36     2303.078    PwcV162T125_STD_CELL_7RF 
OA222_C              5      263.424    PwcV162T125_STD_CELL_7RF 
OA22_H              20      602.112    PwcV162T125_STD_CELL_7RF 
OA22_I               5      150.528    PwcV162T125_STD_CELL_7RF 
OAI21_C            510     9596.160    PwcV162T125_STD_CELL_7RF 
OAI21_E             29      763.930    PwcV162T125_STD_CELL_7RF 
OAI21_F              5      188.160    PwcV162T125_STD_CELL_7RF 
OAI21_H              2       97.843    PwcV162T125_STD_CELL_7RF 
OAI2222_H            6      429.005    PwcV162T125_STD_CELL_7RF 
OAI22_B            256     6743.654    PwcV162T125_STD_CELL_7RF 
OAI22_E              1       48.922    PwcV162T125_STD_CELL_7RF 
OR2_E                7      158.054    PwcV162T125_STD_CELL_7RF 
OR2_F               10      225.792    PwcV162T125_STD_CELL_7RF 
OR2_H               18      406.426    PwcV162T125_STD_CELL_7RF 
OR2_I              358     8083.354    PwcV162T125_STD_CELL_7RF 
OR2_K               10      301.056    PwcV162T125_STD_CELL_7RF 
OR3_H               20      602.112    PwcV162T125_STD_CELL_7RF 
OR4_E               69     2077.286    PwcV162T125_STD_CELL_7RF 
OR4_F                4      150.528    PwcV162T125_STD_CELL_7RF 
OR4_H               17      639.744    PwcV162T125_STD_CELL_7RF 
OR4_I                1       52.685    PwcV162T125_STD_CELL_7RF 
XNOR2_B             46     1211.750    PwcV162T125_STD_CELL_7RF 
XNOR2_C            432    11379.917    PwcV162T125_STD_CELL_7RF 
XNOR2_F              8      270.950    PwcV162T125_STD_CELL_7RF 
XNOR2_H              6      203.213    PwcV162T125_STD_CELL_7RF 
XNOR3_F              4      255.898    PwcV162T125_STD_CELL_7RF 
XNOR3_I              2      143.002    PwcV162T125_STD_CELL_7RF 
XOR2_B              12      316.109    PwcV162T125_STD_CELL_7RF 
XOR2_C             491    12934.118    PwcV162T125_STD_CELL_7RF 
XOR2_I               3      112.896    PwcV162T125_STD_CELL_7RF 
XOR2_J               2       97.843    PwcV162T125_STD_CELL_7RF 
XOR3_F              24     1535.386    PwcV162T125_STD_CELL_7RF 
XOR3_H               7      447.821    PwcV162T125_STD_CELL_7RF 
----------------------------------------------------------------
total            38315  1395240.269                             


                                        
   Type    Instances     Area    Area % 
----------------------------------------
sequential     11890  627280.282   45.0 
inverter        1889   26041.344    1.9 
buffer            26     876.826    0.1 
logic          24510  741041.818   53.1 
----------------------------------------
total          38315 1395240.269  100.0 

