============================================================
  Generated by:           Encounter(R) RTL Compiler RC14.27 - v14.20-s064_1
  Generated on:           May 06 2020  12:39:37 pm
  Module:                 shapelet_distance
  Technology libraries:   PwcV162T125_STD_CELL_7RF 
                          physical_cells 
  Operating conditions:   _nominal_ 
  Interconnect mode:      global
  Area mode:              physical library
============================================================

           Pin                 Type       Fanout  Load Slew Delay Arrival   
                                                  (fF) (ps)  (ps)   (ps)    
----------------------------------------------------------------------------
(clock clk)                  launch                                     0 R 
                             latency                         +350     350 R 
reg_block_sel_s_reg[5]/CLK                                0           350 R 
reg_block_sel_s_reg[5]/Q     DFF_E             8 129.5  684  +576     926 F 
g289394/B                                                      +0     926   
g289394/Z                    NAND2_F           2  56.3  400  +320    1245 R 
g289351/B                                                      +0    1245   
g289351/Z                    NOR2_H            8 102.6  310  +236    1481 F 
g289305/A                                                      +0    1481   
g289305/Z                    AND2_I            6 121.5  223  +286    1768 F 
g288917/A                                                      +0    1768   
g288917/Z                    NAND2BAL_H        1  77.4  232  +170    1938 R 
g288823/A                                                      +0    1938   
g288823/Z                    INVERT_N         64 878.3  396  +262    2200 F 
g288041/D2                                                     +0    2200   
g288041/Z                    AO2222_D          1  16.7  170  +277    2478 F 
g286194/C                                                      +0    2478   
g286194/Z                    OR4_H             1  35.8  147  +239    2716 F 
g285638/A                                                      +0    2716   
g285638/Z                    NOR3_F            1  28.1  190  +111    2827 R 
g285548/A                                                      +0    2827   
g285548/Z                    NAND4_F           3  52.0  258  +149    2976 F 
g285522/A                                                      +0    2976   
g285522/Z                    INVERT_I          1  24.7  127   +97    3073 R 
g285342/A1                                                     +0    3073   
g285342/Z                    OAI21_E           2  32.0  244  +113    3186 F 
PROCESSING_UNITS[1].addsub/opa_i[31] 
  g2934/A                                                      +0    3186   
  g2934/Z                    XNOR3_I           3 107.4  288  +451    3637 R 
  g2911/A                                                      +0    3637   
  g2911/Z                    NOR2_I            5 101.0  241  +163    3800 F 
  g2870/A                                                      +0    3800   
  g2870/Z                    INVERT_L         12 207.1  263  +187    3987 R 
  g2861/A                                                      +0    3987   
  g2861/Z                    NAND2_F           1  25.5  149   +97    4084 F 
  g2836/B                                                      +0    4084   
  g2836/Z                    OAI21_F           2  39.8  210  +137    4221 R 
  i_addsub_SUB_UNS_OP_Y_add_114_27/A[0] 
    g12929/A                                                   +0    4221   
    g12929/Z                 NAND2_F           1  19.4  119   +80    4301 F 
    g12851/B                                                   +0    4301   
    g12851/Z                 OAI21_E           2  35.1  249  +165    4466 R 
    g12958/A1                                                  +0    4466   
    g12958/Z                 AO22_H            2  30.1  133  +203    4670 R 
    g12840/A1                                                  +0    4670   
    g12840/Z                 AO22_H            2  35.2  144  +191    4861 R 
    g12837/A1                                                  +0    4861   
    g12837/Z                 AO22_H            2  35.2  151  +193    5054 R 
    g12834/A1                                                  +0    5054   
    g12834/Z                 AO22_H            2  35.2  139  +194    5248 R 
    g12831/A1                                                  +0    5248   
    g12831/Z                 AO22_H            2  35.2  139  +192    5441 R 
    g12828/A1                                                  +0    5441   
    g12828/Z                 AO22_H            2  43.7  180  +203    5643 R 
    g12825/A1                                                  +0    5643   
    g12825/Z                 AO22_K            2  43.7  115  +188    5831 R 
    g12822/A1                                                  +0    5831   
    g12822/Z                 AO22_K            2  35.2   94  +170    6001 R 
    g12819/A1                                                  +0    6001   
    g12819/Z                 AO22_H            2  35.2  150  +185    6186 R 
    g12816/A1                                                  +0    6186   
    g12816/Z                 AO22_H            2  35.2  150  +194    6380 R 
    g12813/A1                                                  +0    6380   
    g12813/Z                 AO22_H            2  37.5  155  +197    6577 R 
    g12811/A                                                   +0    6577   
    g12811/Z                 NAND2_F           1  26.0  126   +87    6664 F 
    g12809/B                                                   +0    6664   
    g12809/Z                 NAND2BAL_H        2  35.1  132  +102    6766 R 
    g12807/A1                                                  +0    6766   
    g12807/Z                 AO22_H            2  35.1  150  +191    6957 R 
    g12805/A1                                                  +0    6957   
    g12805/Z                 AO22_H            2  35.1  150  +194    7151 R 
    g12803/A1                                                  +0    7151   
    g12803/Z                 AO22_H            2  35.1  150  +194    7345 R 
    g12801/A1                                                  +0    7345   
    g12801/Z                 AO22_H            2  35.1  150  +194    7539 R 
    g12799/A1                                                  +0    7539   
    g12799/Z                 AO22_H            2  37.9  156  +197    7736 R 
    g12955/A                                                   +0    7736   
    g12955/COUT              ADDF_E            3  55.5  357  +460    8196 R 
    g12795/A                                                   +0    8196   
    g12795/Z                 NAND2_F           1  26.1  167  +106    8302 F 
    g12791/A                                                   +0    8302   
    g12791/Z                 NAND2BAL_H        2  35.1  169  +110    8412 R 
    g12788/A1                                                  +0    8412   
    g12788/Z                 AO22_H            2  35.1  150  +197    8609 R 
    g12784/A1                                                  +0    8609   
    g12784/Z                 AO22_H            2  35.1  150  +194    8803 R 
    g12782/A1                                                  +0    8803   
    g12782/Z                 AO22_H            2  35.1  150  +194    8997 R 
    g12780/A1                                                  +0    8997   
    g12780/Z                 AO22_H            1  20.2  115  +172    9169 R 
    g12779/CIN                                                 +0    9169   
    g12779/SUM               ADDF_E            2  28.6  187  +270    9440 F 
  i_addsub_SUB_UNS_OP_Y_add_114_27/Z[26] 
  g1692/A                                                      +0    9440   
  g1692/Z                    NOR2_E            1  13.5  158  +106    9546 R 
  g1668/B                                                      +0    9546   
  g1668/Z                    NAND4_B           1  16.3  300  +183    9729 F 
  g2/A2                                                        +0    9729   
  g2/Z                       OA21_I            1  14.0   85  +222    9951 F 
  i_addsub_sign_o_reg/D      DFFSR_E                           +0    9951   
  i_addsub_sign_o_reg/CLK    setup                        0  +148   10100 R 
- - - - - - - - - - - - - - - - - - - - - - - - - - - - - - - - - - - - - - 
(clock clk)                  capture                                10000 R 
                             latency                         +350   10350 R 
                             uncertainty                     -250   10100 R 
----------------------------------------------------------------------------
Cost Group   : 'clk' (path_group 'clk')
Timing slack :       0ps 
Start-point  : reg_block_sel_s_reg[5]/CLK
End-point    : PROCESSING_UNITS[1].addsub/i_addsub_sign_o_reg/D
