============================================================
  Generated by:           Encounter(R) RTL Compiler RC14.27 - v14.20-s064_1
  Generated on:           May 06 2020  12:39:37 pm
  Module:                 shapelet_distance
  Technology libraries:   PwcV162T125_STD_CELL_7RF 
                          physical_cells 
  Operating conditions:   _nominal_ 
  Interconnect mode:      global
  Area mode:              physical library
============================================================

                           Instance                            Cells  Cell Area  Net Area  Total Area 
------------------------------------------------------------------------------------------------------
shapelet_distance                                              38315    1395240    686503     2081743 
  sqrt_i_sqrt                                                   1950      52602     29628       82230 
    csa_tree_ADD_UNS_OP_563_groupi                               428      10202      5419       15621 
    csa_tree_eq_201_32_groupi                                    220       4350      2133        6483 
    gt_163_14                                                    115       2141      1317        3458 
    addinc_ADD_UNS_OP_2_35                                        66       2567       687        3253 
    gt_184_15                                                     93       1923      1071        2994 
  adder_tree_AdderGen[0].ADDER                                  1382      39171     21779       60951 
    i_postnorm_addsub                                            530      14639      7898       22537 
    i_prenorm_addsub                                             447      13303      6493       19796 
    i_addsub_SUB_UNS_OP_Y_add_114_27                             168       3872      1875        5747 
  PROCESSING_UNITS[1].addsub                                    1316      39118     21165       60284 
    i_postnorm_addsub                                            518      14334      7694       22028 
    i_prenorm_addsub                                             423      13160      6365       19525 
    i_addsub_SUB_UNS_OP_Y_add_114_27                             138       4102      1485        5587 
  PROCESSING_UNITS[0].addsub                                    1312      39043     21084       60127 
    i_postnorm_addsub                                            518      14334      7694       22028 
    i_prenorm_addsub                                             422      13126      6323       19449 
    i_addsub_SUB_UNS_OP_Y_add_114_27                             138       4057      1485        5542 
  PROCESSING_UNITS[1].mul_i_post_norm_mul                       1233      35754     20033       55787 
    inc_ADD_UNS_OP2482_59                                         61       1155       456        1611 
  PROCESSING_UNITS[0].mul_i_post_norm_mul                       1233      35735     20033       55768 
    inc_ADD_UNS_OP2482_59                                         61       1155       456        1611 
  PROCESSING_UNITS[1].div_i_post_norm_div                        638      22271      9342       31612 
    inc_ADD_UNS_OP698_31                                          60       1136       446        1582 
  PROCESSING_UNITS[0].div_i_post_norm_div                        638      22271      9342       31612 
    inc_ADD_UNS_OP698_31                                          60       1136       446        1582 
  PROCESSING_UNITS[1].div_i_serial_div                           578      16938      7975       24913 
    sub_154_17                                                   139       2988      1412        4400 
  PROCESSING_UNITS[0].div_i_serial_div                           578      16938      7975       24913 
    sub_154_17                                                   139       2988      1412        4400 
  PROCESSING_UNITS[0].div_i_pre_norm_div                         423      11673      5790       17463 
    csa_tree_add_118_77_groupi                                    45       1987       530        2517 
  PROCESSING_UNITS[1].div_i_pre_norm_div                         416      11395      5708       17103 
    csa_tree_add_118_77_groupi                                    45       1987       530        2517 
  sqrt_i_post_norm_sqrt                                          227       8302      2296       10598 
    inc_ADD_UNS_OP_26                                             56       1061       417        1479 
  sqrt_i_pre_norm_sqrt                                           223       5325      3061        8386 
  PROCESSING_UNITS[1].mul_i_mul_24_csa_tree_add_223_57_groupi     84       4866       996        5862 
  PROCESSING_UNITS[0].mul_i_mul_24_csa_tree_add_223_57_groupi     84       4866       996        5862 
  PROCESSING_UNITS[1].mul_i_mul_24_mul_197_52                     83       3112       978        4090 
  PROCESSING_UNITS[1].mul_i_mul_24_mul_196_46                     83       3112       978        4090 
  PROCESSING_UNITS[1].mul_i_mul_24_mul_195_46                     83       3112       978        4090 
  PROCESSING_UNITS[1].mul_i_mul_24_mul_194_38                     83       3112       978        4090 
  PROCESSING_UNITS[0].mul_i_mul_24_mul_197_52                     83       3112       978        4090 
  PROCESSING_UNITS[0].mul_i_mul_24_mul_196_46                     83       3112       978        4090 
  PROCESSING_UNITS[0].mul_i_mul_24_mul_195_46                     83       3112       978        4090 
  PROCESSING_UNITS[0].mul_i_mul_24_mul_194_38                     83       3112       978        4090 
  PROCESSING_UNITS[1].mul_i_mul_24_csa_tree_add_208_77_groupi     40       2405       467        2872 
  PROCESSING_UNITS[0].mul_i_mul_24_csa_tree_add_208_77_groupi     40       2405       467        2872 
