============================================================
  Generated by:           Encounter(R) RTL Compiler RC14.27 - v14.20-s064_1
  Generated on:           May 06 2020  12:39:39 pm
  Module:                 shapelet_distance
  Technology libraries:   PwcV162T125_STD_CELL_7RF 
                          physical_cells 
  Operating conditions:   _nominal_ 
  Interconnect mode:      global
  Area mode:              physical library
============================================================

                                      Leakage     Dynamic        Total     
           Instance           Cells  Power(nW)   Power(nW)     Power(nW)   
---------------------------------------------------------------------------
shapelet_distance             38315 183043.068 201116573.212 201299616.279 
  sqrt_i_sqrt                  1950   8113.672   4944634.925   4952748.597 
    csa_tree_A..OP_563_groupi   428   1661.457     42936.285     44597.742 
    csa_tree_eq_201_32_groupi   220    879.371   1452798.128   1453677.499 
    addinc_ADD_UNS_OP_2_35       66    399.330      8243.182      8642.513 
    gt_163_14                   115    298.543    137167.813    137466.357 
    gt_184_15                    93    245.442    457339.275    457584.717 
  PROCESSING..ITS[1].addsub    1316   5740.650   9961364.291   9967104.941 
    i_postnorm_addsub           518   1970.692   4101006.426   4102977.118 
    i_prenorm_addsub            423   1738.226   2994639.220   2996377.445 
    i_addsub_S.._Y_add_114_27   138    831.785   1025020.574   1025852.359 
  PROCESSING..ITS[0].addsub    1312   5733.919   9607724.674   9613458.593 
    i_postnorm_addsub           518   1970.692   4075470.420   4077441.112 
    i_prenorm_addsub            422   1741.858   2799841.539   2801583.397 
    i_addsub_S.._Y_add_114_27   138    826.601   1034932.679   1035759.280 
  adder_tree..rGen[0].ADDER    1382   5720.147  10316223.865  10321944.011 
    i_postnorm_addsub           530   2056.197   4084042.790   4086098.987 
    i_prenorm_addsub            447   1783.581   3296511.702   3298295.283 
    i_addsub_S.._Y_add_114_27   168    717.652   1226838.973   1227556.624 
  PROCESSING..post_norm_mul    1233   5336.903   9033301.886   9038638.789 
    inc_ADD_UNS_OP2482_59        61    245.281    287567.594    287812.876 
  PROCESSING..post_norm_mul    1233   5327.876   9454663.689   9459991.565 
    inc_ADD_UNS_OP2482_59        61    245.281    263785.843    264031.125 
  PROCESSING..post_norm_div     638   3160.089   2940454.171   2943614.260 
    inc_ADD_UNS_OP698_31         60    241.010    135478.800    135719.810 
  PROCESSING..post_norm_div     638   3160.089   2088613.840   2091773.929 
    inc_ADD_UNS_OP698_31         60    241.010     94627.855     94868.865 
  PROCESSING.._i_serial_div     578   2605.763   1979656.219   1982261.982 
    sub_154_17                  139    520.935    497547.964    498068.899 
  PROCESSING.._i_serial_div     578   2605.763   2384643.313   2387249.076 
    sub_154_17                  139    520.935    706204.883    706725.818 
  PROCESSING.._pre_norm_div     423   1582.029   1150606.729   1152188.758 
    csa_tree_a..118_77_groupi    45    280.910    235856.639    236137.549 
  PROCESSING.._pre_norm_div     416   1540.844   1458113.570   1459654.415 
    csa_tree_a..118_77_groupi    45    279.311    309186.406    309465.717 
  sqrt_i_post_norm_sqrt         227   1226.085    593459.477    594685.562 
    inc_ADD_UNS_OP_26            56    225.237     84535.998     84761.235 
  PROCESSING..223_57_groupi      84    727.996   1235419.592   1236147.588 
  PROCESSING..223_57_groupi      84    727.996   1244054.087   1244782.083 
  sqrt_i_pre_norm_sqrt          223    707.841    643488.110    644195.951 
  PROCESSING..24_mul_194_38      83    488.591    373909.934    374398.525 
  PROCESSING..24_mul_195_46      83    488.591    406205.830    406694.421 
  PROCESSING..24_mul_196_46      83    488.591    404249.973    404738.563 
  PROCESSING..24_mul_197_52      83    488.591    329229.593    329718.184 
  PROCESSING..24_mul_194_38      83    488.591    436859.482    437348.072 
  PROCESSING..24_mul_195_46      83    488.591    435373.571    435862.162 
  PROCESSING..24_mul_196_46      83    488.591    436171.216    436659.806 
  PROCESSING..24_mul_197_52      83    488.591    333925.047    334413.638 
  PROCESSING..208_77_groupi      40    352.297    709843.321    710195.618 
  PROCESSING..208_77_groupi      40    352.297    698473.988    698826.285 

