============================================================
  Generated by:           Encounter(R) RTL Compiler RC14.27 - v14.20-s064_1
  Generated on:           May 06 2020  11:19:34 am
  Module:                 shapelet_distance
  Technology libraries:   PwcV162T125_STD_CELL_7RF 
                          physical_cells 
  Operating conditions:   _nominal_ 
  Interconnect mode:      global
  Area mode:              physical library
============================================================

          Pin                 Type       Fanout  Load  Slew Delay Arrival   
                                                 (fF)  (ps)  (ps)   (ps)    
----------------------------------------------------------------------------
(clock clk)                 launch                                      0 R 
                            latency                          +350     350 R 
reg_state_s_reg[0]/CLK                                    0           350 R 
reg_state_s_reg[0]/Q        DFF_K            16  257.6  376  +529     879 R 
g165591/B                                                      +0     879   
g165591/Z                   AND2_I            2   59.3  167  +225    1104 R 
g165559/A                                                      +0    1104   
g165559/Z                   NAND3_I           2   81.1  195  +116    1220 F 
g165036/B                                                      +0    1220   
g165036/Z                   NAND2_M           7  238.5  236  +165    1385 R 
g164672/A                                                      +0    1385   
g164672/Z                   NOR2_H            2   63.5  183  +144    1529 F 
g164542/A                                                      +0    1529   
g164542/Z                   CLK_O           113 1537.8  470  +404    1933 F 
g163781/B2                                                     +0    1933   
g163781/Z                   AO2222_E          1   15.8  147  +269    2202 F 
g163313/A                                                      +0    2202   
g163313/Z                   OR3_H             3   48.1  166  +259    2461 F 
g162693/A1                                                     +0    2461   
g162693/Z                   AO21_I            5   71.8  165  +252    2714 F 
PROCESSING_UNITS[3].addsub/opa_i[31] 
  g2997/A                                                      +0    2714   
  g2997/Z                   XOR3_H            3   51.5  180  +388    3102 F 
  g2996/A                                                      +0    3102   
  g2996/Z                   INVERT_H          1   54.2  193  +142    3244 R 
  g2976/B                                                      +0    3244   
  g2976/Z                   NOR2_J           11  178.9  222  +168    3413 F 
  g2882/A1                                                     +0    3413   
  g2882/Z                   OAI21_E           2   28.0  233  +160    3573 R 
  i_addsub_SUB_UNS_OP_Y_add_114_27/B[0] 
    g12852/B                                                   +0    3573   
    g12852/Z                XNOR2_F           2   39.8  179  +269    3842 F 
    g12801/A1                                                  +0    3842   
    g12801/Z                OAI21_E           2   35.2  250  +166    4008 R 
    g12796/A1                                                  +0    4008   
    g12796/Z                AO22_H            2   35.2  144  +210    4218 R 
    g12792/A1                                                  +0    4218   
    g12792/Z                AO22_H            2   35.2  144  +193    4411 R 
    g12789/A1                                                  +0    4411   
    g12789/Z                AO22_H            2   35.2  140  +193    4604 R 
    g12786/A1                                                  +0    4604   
    g12786/Z                AO22_H            2   43.7  159  +203    4807 R 
    g12783/A1                                                  +0    4807   
    g12783/Z                AO22_K            2   43.7  101  +184    4991 R 
    g12780/A1                                                  +0    4991   
    g12780/Z                AO22_K            2   43.7  101  +173    5164 R 
    g12777/A1                                                  +0    5164   
    g12777/Z                AO22_K            2   33.6  105  +166    5331 R 
    g12915/B1                                                  +0    5331   
    g12915/Z                AO22_F            2   35.2  177  +230    5561 R 
    g12769/A1                                                  +0    5561   
    g12769/Z                AO22_H            2   35.2  150  +198    5759 R 
    g12766/A1                                                  +0    5759   
    g12766/Z                AO22_H            2   35.2  150  +194    5953 R 
    g12763/A1                                                  +0    5953   
    g12763/Z                AO22_H            2   35.2  150  +194    6147 R 
    g12760/A1                                                  +0    6147   
    g12760/Z                AO22_H            2   35.2  150  +194    6341 R 
    g12757/A1                                                  +0    6341   
    g12757/Z                AO22_H            2   35.1  150  +194    6535 R 
    g12754/A1                                                  +0    6535   
    g12754/Z                AO22_H            2   43.6  170  +204    6740 R 
    g12752/A1                                                  +0    6740   
    g12752/Z                AO22_K            2   35.1  107  +180    6920 R 
    g12750/A1                                                  +0    6920   
    g12750/Z                AO22_H            2   35.1  150  +187    7107 R 
    g12748/A1                                                  +0    7107   
    g12748/Z                AO22_H            2   35.1  150  +194    7301 R 
    g12746/A1                                                  +0    7301   
    g12746/Z                AO22_H            2   52.0  189  +215    7515 R 
    g12745/A                                                   +0    7515   
    g12745/Z                NAND2_I           2   47.6  119   +81    7596 F 
    g12741/A2                                                  +0    7596   
    g12741/Z                OAI21_F           2   39.4  232  +141    7737 R 
    g12911/A                                                   +0    7737   
    g12911/COUT             ADDF_F            1   21.8  139  +410    8147 R 
    g3/A                                                       +0    8147   
    g3/Z                    INVERT_F          2   39.1   98   +74    8221 F 
    g12733/A1                                                  +0    8221   
    g12733/Z                OAI21_E           2   35.1  257  +147    8368 R 
    g12731/A1                                                  +0    8368   
    g12731/Z                AO22_H            2   37.9  157  +215    8583 R 
    g12910/A                                                   +0    8583   
    g12910/COUT             ADDF_E            2   35.1  248  +405    8988 R 
    g12728/C                                                   +0    8988   
    g12728/Z                XOR3_F            2   24.8  132  +245    9232 F 
  i_addsub_SUB_UNS_OP_Y_add_114_27/Z[26] 
  g1736/B                                                      +0    9232   
  g1736/Z                   OR3_H             1   14.6   99  +233    9465 F 
  g1727/A                                                      +0    9465   
  g1727/Z                   NOR4_B            1   16.2  434  +195    9660 R 
  g1726/A1                                                     +0    9660   
  g1726/Z                   AOI21_C           1   13.6  248  +178    9838 F 
  i_addsub_sign_o_reg/D     DFFR_E                             +0    9838   
  i_addsub_sign_o_reg/CLK   setup                         0  +247   10085 R 
- - - - - - - - - - - - - - - - - - - - - - - - - - - - - - - - - - - - - - 
(clock clk)                 capture                                 10000 R 
                            latency                          +350   10350 R 
                            uncertainty                      -250   10100 R 
----------------------------------------------------------------------------
Cost Group   : 'clk' (path_group 'clk')
Timing slack :      15ps 
Start-point  : reg_state_s_reg[0]/CLK
End-point    : PROCESSING_UNITS[3].addsub/i_addsub_sign_o_reg/D
