============================================================
  Generated by:           Encounter(R) RTL Compiler RC14.27 - v14.20-s064_1
  Generated on:           May 06 2020  11:19:36 am
  Module:                 shapelet_distance
  Technology libraries:   PwcV162T125_STD_CELL_7RF 
                          physical_cells 
  Operating conditions:   _nominal_ 
  Interconnect mode:      global
  Area mode:              physical library
============================================================

                                        Leakage     Dynamic        Total     
            Instance            Cells  Power(nW)   Power(nW)     Power(nW)   
-----------------------------------------------------------------------------
shapelet_distance               63283 298335.760 415546807.439 415845143.198 
  adder_tree                     6205  26594.521  44241800.931  44268395.453 
    AdderGen[1].ADDER            1352   5684.498   9917395.789   9923080.287 
      i_postnorm_addsub           530   2046.226   3944989.213   3947035.439 
      i_prenorm_addsub            426   1728.882   3135092.433   3136821.315 
      i_addsub_S.._Y_add_114_27   176    776.545   1278424.904   1279201.449 
    AdderGen[2].ADDER            1352   5684.498  10092691.798  10098376.296 
      i_postnorm_addsub           530   2046.226   4374607.326   4376653.551 
      i_prenorm_addsub            426   1728.882   2845190.542   2846919.424 
      i_addsub_S.._Y_add_114_27   176    776.545   1321347.402   1322123.946 
    AdderGen[3].ADDER            1352   5684.498  10020321.339  10026005.837 
      i_postnorm_addsub           530   2046.226   4260578.662   4262624.888 
      i_prenorm_addsub            426   1728.882   3048748.554   3050477.436 
      i_addsub_S.._Y_add_114_27   176    776.545   1245970.596   1246747.141 
    AdderGen[0].ADDER            1352   5684.498  10709016.478  10714700.976 
      i_postnorm_addsub           530   2046.226   4256018.186   4258064.412 
      i_prenorm_addsub            426   1728.882   3334500.349   3336229.231 
      i_addsub_S.._Y_add_114_27   176    776.545   1430539.372   1431315.917 
    inc_add_184_51_24              78    339.711    187637.481    187977.192 
    inc_add_184_54_25              78    309.385    149541.301    149850.686 
  sqrt_i_sqrt                    1950   8299.196   5239436.745   5247735.941 
    csa_tree_A..OP_563_groupi     428   1775.549    215264.217    217039.765 
    csa_tree_eq_201_32_groupi     220    879.371   1417102.916   1417982.287 
    addinc_ADD_UNS_OP_2_38         66    413.344     38595.891     39009.235 
    gt_163_14                     115    306.294    171607.462    171913.755 
    gt_184_15                      93    245.442    436496.669    436742.111 
  PROCESSING..ITS[3].addsub      1347   5867.359  10042795.983  10048663.342 
    i_postnorm_addsub             538   2009.381   4348402.091   4350411.472 
    i_prenorm_addsub              435   1800.622   3000806.502   3002607.124 
    i_addsub_S.._Y_add_114_27     137    862.087   1054440.572   1055302.659 
  PROCESSING..ITS[1].addsub      1345   5864.430  10459144.882  10465009.312 
    i_postnorm_addsub             538   2009.381   4486561.200   4488570.581 
    i_prenorm_addsub              435   1800.622   3083613.031   3085413.653 
    i_addsub_S.._Y_add_114_27     136    855.845   1047349.896   1048205.741 
  PROCESSING..ITS[4].addsub      1345   5863.275  10331846.710  10337709.986 
    i_postnorm_addsub             538   2009.381   4499493.135   4501502.515 
    i_prenorm_addsub              435   1800.622   2977709.117   2979509.739 
    i_addsub_S.._Y_add_114_27     136    861.265   1077441.071   1078302.336 
  PROCESSING..ITS[5].addsub      1344   5860.214  10276178.888  10282039.102 
    i_postnorm_addsub             538   2009.381   4358998.215   4361007.596 
    i_prenorm_addsub              435   1800.622   2964379.581   2966180.203 
    i_addsub_S.._Y_add_114_27     135    852.523   1166023.453   1166875.976 
  PROCESSING..ITS[6].addsub      1346   5859.298  10008116.943  10013976.241 
    i_postnorm_addsub             538   2009.381   4234697.310   4236706.691 
    i_prenorm_addsub              435   1800.622   3012853.489   3014654.111 
    i_addsub_S.._Y_add_114_27     137    851.607   1028822.009   1029673.616 
  PROCESSING..ITS[7].addsub      1346   5859.298  11159342.810  11165202.108 
    i_postnorm_addsub             538   2009.381   4507398.205   4509407.586 
    i_prenorm_addsub              435   1800.622   3253680.117   3255480.739 
    i_addsub_S.._Y_add_114_27     137    851.607   1408958.043   1409809.649 
  PROCESSING..ITS[2].addsub      1344   5852.286  11062997.734  11068850.021 
    i_postnorm_addsub             538   2009.381   4480540.836   4482550.217 
    i_prenorm_addsub              435   1800.622   3333790.695   3335591.317 
    i_addsub_S.._Y_add_114_27     135    850.277   1231793.189   1232643.466 
  PROCESSING..ITS[0].addsub      1336   5824.635  10136777.351  10142601.986 
    i_postnorm_addsub             531   1945.254   4237274.127   4239219.382 
    i_prenorm_addsub              435   1802.168   3047646.436   3049448.604 
    i_addsub_S.._Y_add_114_27     135    852.523   1078939.219   1079791.742 
  PROCESSING..post_norm_mul      1227   5289.119   9923188.178   9928477.298 
    inc_ADD_UNS_OP2482_66          61    245.212    263311.992    263557.204 
  PROCESSING..post_norm_mul      1227   5286.673   9771237.392   9776524.066 
    inc_ADD_UNS_OP2482_66          61    245.212    274778.047    275023.259 
  PROCESSING..post_norm_mul      1227   5286.673   9793324.520   9798611.194 
    inc_ADD_UNS_OP2482_66          61    245.212    258307.374    258552.586 
  PROCESSING..post_norm_mul      1227   5286.673   8769850.471   8775137.144 
    inc_ADD_UNS_OP2482_66          61    245.212    247573.376    247818.589 
  PROCESSING..post_norm_mul      1227   5286.673   9886219.209   9891505.882 
    inc_ADD_UNS_OP2482_66          61    245.212    304125.006    304370.219 
  PROCESSING..post_norm_mul      1227   5286.673   8814601.363   8819888.036 
    inc_ADD_UNS_OP2482_66          61    245.212    319871.173    320116.385 
  PROCESSING..post_norm_mul      1227   5286.673  10034140.590  10039427.264 
    inc_ADD_UNS_OP2482_66          61    245.212    293781.259    294026.472 
  PROCESSING..post_norm_mul      1227   5286.673   8895429.859   8900716.532 
    inc_ADD_UNS_OP2482_66          61    245.212    287767.310    288012.523 
  PROCESSING..post_norm_div       638   3160.089   2950139.958   2953300.047 
    inc_ADD_UNS_OP698_34           60    241.010    134102.836    134343.846 
  PROCESSING..post_norm_div       638   3160.089   2081940.488   2085100.577 
    inc_ADD_UNS_OP698_34           60    241.010     98413.286     98654.296 
  PROCESSING..post_norm_div       638   3158.895   3009148.397   3012307.292 
    inc_ADD_UNS_OP698_34           60    241.010    149189.344    149430.354 
  PROCESSING..post_norm_div       638   3158.895   2547842.795   2551001.690 
    inc_ADD_UNS_OP698_34           60    241.010     95129.403     95370.413 
  PROCESSING..post_norm_div       638   3158.895   2922670.112   2925829.007 
    inc_ADD_UNS_OP698_34           60    241.010    142855.729    143096.739 
  PROCESSING..post_norm_div       638   3158.895   2493915.679   2497074.574 
    inc_ADD_UNS_OP698_34           60    241.010    103387.706    103628.716 
  PROCESSING..post_norm_div       638   3158.895   2521042.874   2524201.768 
    inc_ADD_UNS_OP698_34           60    241.010     97706.469     97947.480 
  PROCESSING..post_norm_div       638   3158.895   2526508.320   2529667.215 
    inc_ADD_UNS_OP698_34           60    241.010     91416.167     91657.178 
  PROCESSING.._i_serial_div       578   2606.014   2348945.159   2351551.173 
    sub_154_17                    139    520.935    755712.211    756233.147 
  PROCESSING.._i_serial_div       578   2606.014   2408602.404   2411208.418 
    sub_154_17                    139    520.935    777249.421    777770.357 
  PROCESSING.._i_serial_div       578   2606.014   2320940.176   2323546.189 
    sub_154_17                    139    520.935    740443.345    740964.280 
  PROCESSING.._i_serial_div       578   2606.014   2375607.526   2378213.539 
    sub_154_17                    139    520.935    771037.977    771558.912 
  PROCESSING.._i_serial_div       578   2606.014   2331087.158   2333693.172 
    sub_154_17                    139    520.935    761620.621    762141.557 
  PROCESSING.._i_serial_div       578   2606.014   2408399.678   2411005.691 
    sub_154_17                    139    520.935    784081.044    784601.980 
  PROCESSING.._i_serial_div       578   2606.014   2320187.289   2322793.303 
    sub_154_17                    139    520.935    756460.895    756981.830 
  PROCESSING.._i_serial_div       578   2606.014   1639239.364   1641845.377 
    sub_154_17                    139    520.935    391219.368    391740.303 
  PROCESSING.._pre_norm_div       419   1574.373   1023434.615   1025008.987 
    csa_tree_a..118_77_groupi      45    279.572    208215.280    208494.852 
  PROCESSING.._pre_norm_div       409   1549.096   1582793.560   1584342.656 
    csa_tree_a..118_77_groupi      45    281.083    333069.867    333350.951 
  PROCESSING.._pre_norm_div       409   1549.096   1583215.851   1584764.947 
    csa_tree_a..118_77_groupi      45    281.083    345446.287    345727.371 
  PROCESSING.._pre_norm_div       409   1549.096   1584523.511   1586072.607 
    csa_tree_a..118_77_groupi      45    281.083    340842.836    341123.920 
  PROCESSING.._pre_norm_div       409   1549.096   1580719.896   1582268.992 
    csa_tree_a..118_77_groupi      45    281.083    335597.050    335878.134 
  PROCESSING.._pre_norm_div       409   1549.096   1611229.306   1612778.402 
    csa_tree_a..118_77_groupi      45    281.083    343391.019    343672.102 
  PROCESSING.._pre_norm_div       409   1549.096   1565943.547   1567492.643 
    csa_tree_a..118_77_groupi      45    281.083    322537.395    322818.478 
  PROCESSING.._pre_norm_div       409   1549.096   1575186.793   1576735.889 
    csa_tree_a..118_77_groupi      45    281.083    336584.927    336866.011 
  sqrt_i_post_norm_sqrt           227   1226.085    597084.880    598310.965 
    inc_ADD_UNS_OP_29              56    225.237     85569.187     85794.423 
  PROCESSING..223_57_groupi        84    727.996   1233456.809   1234184.804 
  PROCESSING..223_57_groupi        84    727.996   1229464.178   1230192.173 
  PROCESSING..223_57_groupi        84    727.996   1210439.213   1211167.209 
  PROCESSING..223_57_groupi        84    727.996   1228359.924   1229087.919 
  PROCESSING..223_57_groupi        84    727.996   1238921.818   1239649.814 
  PROCESSING..223_57_groupi        84    727.996   1225388.109   1226116.105 
  PROCESSING..223_57_groupi        84    727.996   1203015.611   1203743.607 
  PROCESSING..223_57_groupi        84    727.996   1202364.311   1203092.307 
  sqrt_i_pre_norm_sqrt            223    707.841    648478.214    649186.055 
  PROCESSING..24_mul_194_38        83    492.685    467815.650    468308.335 
  PROCESSING..24_mul_195_46        83    492.685    550186.385    550679.070 
  PROCESSING..24_mul_196_46        83    492.685    544251.768    544744.453 
  PROCESSING..24_mul_197_52        83    492.685    460143.703    460636.388 
  PROCESSING..24_mul_194_38        83    492.685    476543.418    477036.103 
  PROCESSING..24_mul_195_46        83    492.685    516992.703    517485.388 
  PROCESSING..24_mul_196_46        83    492.685    514917.519    515410.204 
  PROCESSING..24_mul_197_52        83    492.685    380521.701    381014.386 
  PROCESSING..24_mul_194_38        83    492.685    463316.519    463809.204 
  PROCESSING..24_mul_195_46        83    492.685    526509.070    527001.755 
  PROCESSING..24_mul_196_46        83    492.685    515985.369    516478.054 
  PROCESSING..24_mul_197_52        83    492.685    435022.405    435515.090 
  PROCESSING..24_mul_194_38        83    492.685    441052.113    441544.798 
  PROCESSING..24_mul_195_46        83    492.685    528285.590    528778.275 
  PROCESSING..24_mul_196_46        83    492.685    525976.525    526469.210 
  PROCESSING..24_mul_197_52        83    492.685    446849.044    447341.729 
  PROCESSING..24_mul_194_38        83    492.685    463275.864    463768.549 
  PROCESSING..24_mul_195_46        83    492.685    541145.359    541638.044 
  PROCESSING..24_mul_196_46        83    492.685    540029.586    540522.271 
  PROCESSING..24_mul_197_52        83    492.685    451984.674    452477.359 
  PROCESSING..24_mul_194_38        83    492.685    477769.532    478262.217 
  PROCESSING..24_mul_195_46        83    492.685    544661.636    545154.321 
  PROCESSING..24_mul_196_46        83    492.685    550883.593    551376.278 
  PROCESSING..24_mul_197_52        83    492.685    452784.398    453277.083 
  PROCESSING..24_mul_194_38        83    492.685    499954.072    500446.757 
  PROCESSING..24_mul_195_46        83    492.685    553974.462    554467.147 
  PROCESSING..24_mul_196_46        83    492.685    546926.102    547418.787 
  PROCESSING..24_mul_197_52        83    492.685    423644.106    424136.791 
  PROCESSING..24_mul_195_46        83    492.685    542120.527    542613.212 
  PROCESSING..24_mul_196_46        83    492.685    549019.455    549512.140 
  PROCESSING..24_mul_197_52        83    492.685    424610.051    425102.736 
  PROCESSING..24_mul_194_38        83    492.685    503481.263    503973.949 
  PROCESSING..208_77_groupi        40    358.756    693481.075    693839.831 
  PROCESSING..208_77_groupi        40    358.756    722223.077    722581.833 
  PROCESSING..208_77_groupi        40    358.756    705126.506    705485.262 
  PROCESSING..208_77_groupi        40    358.756    677358.531    677717.287 
  PROCESSING..208_77_groupi        40    358.756    711411.636    711770.392 
  PROCESSING..208_77_groupi        40    358.756    682727.255    683086.011 
  PROCESSING..208_77_groupi        40    358.756    697021.525    697380.281 
  PROCESSING..208_77_groupi        40    358.756    688479.417    688838.173 

