============================================================
  Generated by:           Encounter(R) RTL Compiler RC14.27 - v14.20-s064_1
  Generated on:           May 06 2020  11:19:34 am
  Module:                 shapelet_distance
  Technology libraries:   PwcV162T125_STD_CELL_7RF 
                          physical_cells 
  Operating conditions:   _nominal_ 
  Interconnect mode:      global
  Area mode:              physical library
============================================================

                           Instance                            Cells  Cell Area  Net Area  Total Area 
------------------------------------------------------------------------------------------------------
shapelet_distance                                              63283    2086337   1052652     3138989 
  adder_tree                                                    6205     186365    103126      289491 
    AdderGen[3].ADDER                                           1352      38968     21420       60387 
      i_postnorm_addsub                                          530      14725      7847       22572 
      i_prenorm_addsub                                           426      13013      6244       19257 
      i_addsub_SUB_UNS_OP_Y_add_114_27                           176       4034      2009        6043 
    AdderGen[2].ADDER                                           1352      38968     21420       60387 
      i_postnorm_addsub                                          530      14725      7847       22572 
      i_prenorm_addsub                                           426      13013      6244       19257 
      i_addsub_SUB_UNS_OP_Y_add_114_27                           176       4034      2009        6043 
    AdderGen[1].ADDER                                           1352      38968     21420       60387 
      i_postnorm_addsub                                          530      14725      7847       22572 
      i_prenorm_addsub                                           426      13013      6244       19257 
      i_addsub_SUB_UNS_OP_Y_add_114_27                           176       4034      2009        6043 
    AdderGen[0].ADDER                                           1352      38968     21420       60387 
      i_postnorm_addsub                                          530      14725      7847       22572 
      i_prenorm_addsub                                           426      13013      6244       19257 
      i_addsub_SUB_UNS_OP_Y_add_114_27                           176       4034      2009        6043 
    inc_add_184_51_24                                             78       1614       585        2200 
    inc_add_184_54_25                                             78       1471       585        2057 
  sqrt_i_sqrt                                                   1950      53035     29628       82663 
    csa_tree_ADD_UNS_OP_563_groupi                               428      10432      5419       15851 
    csa_tree_eq_201_32_groupi                                    220       4350      2133        6483 
    gt_163_14                                                    115       2213      1317        3530 
    addinc_ADD_UNS_OP_2_38                                        66       2585       687        3272 
    gt_184_15                                                     93       1923      1071        2994 
  PROCESSING_UNITS[3].addsub                                    1347      39841     21544       61385 
    i_postnorm_addsub                                            538      14643      7962       22605 
    i_prenorm_addsub                                             435      13427      6401       19828 
    i_addsub_SUB_UNS_OP_Y_add_114_27                             137       4192      1452        5644 
  PROCESSING_UNITS[1].addsub                                    1345      39822     21524       61347 
    i_postnorm_addsub                                            538      14643      7962       22605 
    i_prenorm_addsub                                             435      13427      6401       19828 
    i_addsub_SUB_UNS_OP_Y_add_114_27                             136       4166      1442        5608 
  PROCESSING_UNITS[5].addsub                                    1344      39830     21515       61345 
    i_postnorm_addsub                                            538      14643      7962       22605 
    i_prenorm_addsub                                             435      13427      6401       19828 
    i_addsub_SUB_UNS_OP_Y_add_114_27                             135       4170      1433        5602 
  PROCESSING_UNITS[7].addsub                                    1346      39803     21534       61338 
    i_postnorm_addsub                                            538      14643      7962       22605 
    i_prenorm_addsub                                             435      13427      6401       19828 
    i_addsub_SUB_UNS_OP_Y_add_114_27                             137       4143      1452        5595 
  PROCESSING_UNITS[6].addsub                                    1346      39803     21534       61338 
    i_postnorm_addsub                                            538      14643      7962       22605 
    i_prenorm_addsub                                             435      13427      6401       19828 
    i_addsub_SUB_UNS_OP_Y_add_114_27                             137       4143      1452        5595 
  PROCESSING_UNITS[4].addsub                                    1345      39807     21524       61332 
    i_postnorm_addsub                                            538      14643      7962       22605 
    i_prenorm_addsub                                             435      13427      6401       19828 
    i_addsub_SUB_UNS_OP_Y_add_114_27                             136       4192      1442        5634 
  PROCESSING_UNITS[0].addsub                                    1336      39841     21461       61302 
    i_postnorm_addsub                                            531      14582      7909       22491 
    i_prenorm_addsub                                             435      13431      6406       19837 
    i_addsub_SUB_UNS_OP_Y_add_114_27                             135       4170      1433        5602 
  PROCESSING_UNITS[2].addsub                                    1344      39785     21515       61299 
    i_postnorm_addsub                                            538      14643      7962       22605 
    i_prenorm_addsub                                             435      13427      6401       19828 
    i_addsub_SUB_UNS_OP_Y_add_114_27                             135       4170      1433        5602 
  PROCESSING_UNITS[0].mul_i_post_norm_mul                       1227      35626     19980       55606 
    inc_ADD_UNS_OP2482_66                                         61       1155       456        1611 
  PROCESSING_UNITS[7].mul_i_post_norm_mul                       1227      35611     19980       55591 
    inc_ADD_UNS_OP2482_66                                         61       1155       456        1611 
  PROCESSING_UNITS[6].mul_i_post_norm_mul                       1227      35611     19980       55591 
    inc_ADD_UNS_OP2482_66                                         61       1155       456        1611 
  PROCESSING_UNITS[5].mul_i_post_norm_mul                       1227      35611     19980       55591 
    inc_ADD_UNS_OP2482_66                                         61       1155       456        1611 
  PROCESSING_UNITS[4].mul_i_post_norm_mul                       1227      35611     19980       55591 
    inc_ADD_UNS_OP2482_66                                         61       1155       456        1611 
  PROCESSING_UNITS[3].mul_i_post_norm_mul                       1227      35611     19980       55591 
    inc_ADD_UNS_OP2482_66                                         61       1155       456        1611 
  PROCESSING_UNITS[2].mul_i_post_norm_mul                       1227      35611     19980       55591 
    inc_ADD_UNS_OP2482_66                                         61       1155       456        1611 
  PROCESSING_UNITS[1].mul_i_post_norm_mul                       1227      35611     19980       55591 
    inc_ADD_UNS_OP2482_66                                         61       1155       456        1611 
  PROCESSING_UNITS[7].div_i_post_norm_div                        638      22271      9342       31612 
    inc_ADD_UNS_OP698_34                                          60       1136       446        1582 
  PROCESSING_UNITS[6].div_i_post_norm_div                        638      22271      9342       31612 
    inc_ADD_UNS_OP698_34                                          60       1136       446        1582 
  PROCESSING_UNITS[5].div_i_post_norm_div                        638      22271      9342       31612 
    inc_ADD_UNS_OP698_34                                          60       1136       446        1582 
  PROCESSING_UNITS[4].div_i_post_norm_div                        638      22271      9342       31612 
    inc_ADD_UNS_OP698_34                                          60       1136       446        1582 
  PROCESSING_UNITS[3].div_i_post_norm_div                        638      22271      9342       31612 
    inc_ADD_UNS_OP698_34                                          60       1136       446        1582 
  PROCESSING_UNITS[2].div_i_post_norm_div                        638      22271      9342       31612 
    inc_ADD_UNS_OP698_34                                          60       1136       446        1582 
  PROCESSING_UNITS[1].div_i_post_norm_div                        638      22271      9342       31612 
    inc_ADD_UNS_OP698_34                                          60       1136       446        1582 
  PROCESSING_UNITS[0].div_i_post_norm_div                        638      22271      9342       31612 
    inc_ADD_UNS_OP698_34                                          60       1136       446        1582 
  PROCESSING_UNITS[7].div_i_serial_div                           578      16953      7975       24928 
    sub_154_17                                                   139       2988      1412        4400 
  PROCESSING_UNITS[6].div_i_serial_div                           578      16953      7975       24928 
    sub_154_17                                                   139       2988      1412        4400 
  PROCESSING_UNITS[5].div_i_serial_div                           578      16953      7975       24928 
    sub_154_17                                                   139       2988      1412        4400 
  PROCESSING_UNITS[4].div_i_serial_div                           578      16953      7975       24928 
    sub_154_17                                                   139       2988      1412        4400 
  PROCESSING_UNITS[3].div_i_serial_div                           578      16953      7975       24928 
    sub_154_17                                                   139       2988      1412        4400 
  PROCESSING_UNITS[2].div_i_serial_div                           578      16953      7975       24928 
    sub_154_17                                                   139       2988      1412        4400 
  PROCESSING_UNITS[1].div_i_serial_div                           578      16953      7975       24928 
    sub_154_17                                                   139       2988      1412        4400 
  PROCESSING_UNITS[0].div_i_serial_div                           578      16953      7975       24928 
    sub_154_17                                                   139       2988      1412        4400 
  PROCESSING_UNITS[0].div_i_pre_norm_div                         419      11553      5751       17304 
    csa_tree_add_118_77_groupi                                    45       1987       530        2517 
  PROCESSING_UNITS[7].div_i_pre_norm_div                         409      11350      5636       16986 
    csa_tree_add_118_77_groupi                                    45       1987       530        2517 
  PROCESSING_UNITS[6].div_i_pre_norm_div                         409      11350      5636       16986 
    csa_tree_add_118_77_groupi                                    45       1987       530        2517 
  PROCESSING_UNITS[5].div_i_pre_norm_div                         409      11350      5636       16986 
    csa_tree_add_118_77_groupi                                    45       1987       530        2517 
  PROCESSING_UNITS[4].div_i_pre_norm_div                         409      11350      5636       16986 
    csa_tree_add_118_77_groupi                                    45       1987       530        2517 
  PROCESSING_UNITS[3].div_i_pre_norm_div                         409      11350      5636       16986 
    csa_tree_add_118_77_groupi                                    45       1987       530        2517 
  PROCESSING_UNITS[2].div_i_pre_norm_div                         409      11350      5636       16986 
    csa_tree_add_118_77_groupi                                    45       1987       530        2517 
  PROCESSING_UNITS[1].div_i_pre_norm_div                         409      11350      5636       16986 
    csa_tree_add_118_77_groupi                                    45       1987       530        2517 
  sqrt_i_post_norm_sqrt                                          227       8302      2296       10598 
    inc_ADD_UNS_OP_29                                             56       1061       417        1479 
  sqrt_i_pre_norm_sqrt                                           223       5325      3061        8386 
  PROCESSING_UNITS[7].mul_i_mul_24_csa_tree_add_223_57_groupi     84       4866       996        5862 
  PROCESSING_UNITS[6].mul_i_mul_24_csa_tree_add_223_57_groupi     84       4866       996        5862 
  PROCESSING_UNITS[5].mul_i_mul_24_csa_tree_add_223_57_groupi     84       4866       996        5862 
  PROCESSING_UNITS[4].mul_i_mul_24_csa_tree_add_223_57_groupi     84       4866       996        5862 
  PROCESSING_UNITS[3].mul_i_mul_24_csa_tree_add_223_57_groupi     84       4866       996        5862 
  PROCESSING_UNITS[2].mul_i_mul_24_csa_tree_add_223_57_groupi     84       4866       996        5862 
  PROCESSING_UNITS[1].mul_i_mul_24_csa_tree_add_223_57_groupi     84       4866       996        5862 
  PROCESSING_UNITS[0].mul_i_mul_24_csa_tree_add_223_57_groupi     84       4866       996        5862 
  PROCESSING_UNITS[7].mul_i_mul_24_mul_197_52                     83       3112       978        4090 
  PROCESSING_UNITS[7].mul_i_mul_24_mul_196_46                     83       3112       978        4090 
  PROCESSING_UNITS[7].mul_i_mul_24_mul_195_46                     83       3112       978        4090 
  PROCESSING_UNITS[7].mul_i_mul_24_mul_194_38                     83       3112       978        4090 
  PROCESSING_UNITS[6].mul_i_mul_24_mul_197_52                     83       3112       978        4090 
  PROCESSING_UNITS[6].mul_i_mul_24_mul_196_46                     83       3112       978        4090 
  PROCESSING_UNITS[6].mul_i_mul_24_mul_195_46                     83       3112       978        4090 
  PROCESSING_UNITS[6].mul_i_mul_24_mul_194_38                     83       3112       978        4090 
  PROCESSING_UNITS[5].mul_i_mul_24_mul_197_52                     83       3112       978        4090 
  PROCESSING_UNITS[5].mul_i_mul_24_mul_196_46                     83       3112       978        4090 
  PROCESSING_UNITS[5].mul_i_mul_24_mul_195_46                     83       3112       978        4090 
  PROCESSING_UNITS[5].mul_i_mul_24_mul_194_38                     83       3112       978        4090 
  PROCESSING_UNITS[4].mul_i_mul_24_mul_197_52                     83       3112       978        4090 
  PROCESSING_UNITS[4].mul_i_mul_24_mul_196_46                     83       3112       978        4090 
  PROCESSING_UNITS[4].mul_i_mul_24_mul_195_46                     83       3112       978        4090 
  PROCESSING_UNITS[4].mul_i_mul_24_mul_194_38                     83       3112       978        4090 
  PROCESSING_UNITS[3].mul_i_mul_24_mul_197_52                     83       3112       978        4090 
  PROCESSING_UNITS[3].mul_i_mul_24_mul_196_46                     83       3112       978        4090 
  PROCESSING_UNITS[3].mul_i_mul_24_mul_195_46                     83       3112       978        4090 
  PROCESSING_UNITS[3].mul_i_mul_24_mul_194_38                     83       3112       978        4090 
  PROCESSING_UNITS[2].mul_i_mul_24_mul_197_52                     83       3112       978        4090 
  PROCESSING_UNITS[2].mul_i_mul_24_mul_196_46                     83       3112       978        4090 
  PROCESSING_UNITS[2].mul_i_mul_24_mul_195_46                     83       3112       978        4090 
  PROCESSING_UNITS[2].mul_i_mul_24_mul_194_38                     83       3112       978        4090 
  PROCESSING_UNITS[1].mul_i_mul_24_mul_197_52                     83       3112       978        4090 
  PROCESSING_UNITS[1].mul_i_mul_24_mul_196_46                     83       3112       978        4090 
  PROCESSING_UNITS[1].mul_i_mul_24_mul_195_46                     83       3112       978        4090 
  PROCESSING_UNITS[1].mul_i_mul_24_mul_194_38                     83       3112       978        4090 
  PROCESSING_UNITS[0].mul_i_mul_24_mul_197_52                     83       3112       978        4090 
  PROCESSING_UNITS[0].mul_i_mul_24_mul_196_46                     83       3112       978        4090 
  PROCESSING_UNITS[0].mul_i_mul_24_mul_195_46                     83       3112       978        4090 
  PROCESSING_UNITS[0].mul_i_mul_24_mul_194_38                     83       3112       978        4090 
  PROCESSING_UNITS[7].mul_i_mul_24_csa_tree_add_208_77_groupi     40       2416       467        2883 
  PROCESSING_UNITS[6].mul_i_mul_24_csa_tree_add_208_77_groupi     40       2416       467        2883 
  PROCESSING_UNITS[5].mul_i_mul_24_csa_tree_add_208_77_groupi     40       2416       467        2883 
  PROCESSING_UNITS[4].mul_i_mul_24_csa_tree_add_208_77_groupi     40       2416       467        2883 
  PROCESSING_UNITS[3].mul_i_mul_24_csa_tree_add_208_77_groupi     40       2416       467        2883 
  PROCESSING_UNITS[2].mul_i_mul_24_csa_tree_add_208_77_groupi     40       2416       467        2883 
  PROCESSING_UNITS[1].mul_i_mul_24_csa_tree_add_208_77_groupi     40       2416       467        2883 
  PROCESSING_UNITS[0].mul_i_mul_24_csa_tree_add_208_77_groupi     40       2416       467        2883 
