============================================================
  Generated by:           Encounter(R) RTL Compiler RC14.27 - v14.20-s064_1
  Generated on:           May 06 2020  11:19:36 am
  Module:                 shapelet_distance
  Technology libraries:   PwcV162T125_STD_CELL_7RF 
                          physical_cells 
  Operating conditions:   _nominal_ 
  Interconnect mode:      global
  Area mode:              physical library
============================================================

                                    
    Gate     Instances     Area               Library           
----------------------------------------------------------------
ADDF_D              33     2980.454    PwcV162T125_STD_CELL_7RF 
ADDF_E            1681   151822.541    PwcV162T125_STD_CELL_7RF 
ADDF_F               3      282.240    PwcV162T125_STD_CELL_7RF 
AND2_C               1       22.579    PwcV162T125_STD_CELL_7RF 
AND2_D             135     3048.192    PwcV162T125_STD_CELL_7RF 
AND2_E               2       45.158    PwcV162T125_STD_CELL_7RF 
AND2_F              50     1128.960    PwcV162T125_STD_CELL_7RF 
AND2_H             280     6322.176    PwcV162T125_STD_CELL_7RF 
AND2_I             787    17769.830    PwcV162T125_STD_CELL_7RF 
AND2_K               9      270.950    PwcV162T125_STD_CELL_7RF 
AND3_H              73     1922.995    PwcV162T125_STD_CELL_7RF 
AND3_I             190     5005.056    PwcV162T125_STD_CELL_7RF 
AND3_J               1       37.632    PwcV162T125_STD_CELL_7RF 
AND3_K               7      263.424    PwcV162T125_STD_CELL_7RF 
AND4_E              92     2769.715    PwcV162T125_STD_CELL_7RF 
AND4_H               2       67.738    PwcV162T125_STD_CELL_7RF 
AO21_C              32      842.957    PwcV162T125_STD_CELL_7RF 
AO21_D              59     1554.202    PwcV162T125_STD_CELL_7RF 
AO21_E             410    10800.384    PwcV162T125_STD_CELL_7RF 
AO21_F             286     7533.926    PwcV162T125_STD_CELL_7RF 
AO21_H             446    11748.710    PwcV162T125_STD_CELL_7RF 
AO21_I            1112    29292.749    PwcV162T125_STD_CELL_7RF 
AO21_K               4      165.581    PwcV162T125_STD_CELL_7RF 
AO2222_C            80     4214.784    PwcV162T125_STD_CELL_7RF 
AO2222_D           156     8218.829    PwcV162T125_STD_CELL_7RF 
AO2222_E          1308    68911.718    PwcV162T125_STD_CELL_7RF 
AO2222_H             4      240.845    PwcV162T125_STD_CELL_7RF 
AO222_C             12      541.901    PwcV162T125_STD_CELL_7RF 
AO222_D            141     6367.334    PwcV162T125_STD_CELL_7RF 
AO222_E            786    35494.502    PwcV162T125_STD_CELL_7RF 
AO222_H              1       48.922    PwcV162T125_STD_CELL_7RF 
AO22_B            1513    45549.773    PwcV162T125_STD_CELL_7RF 
AO22_D              20      602.112    PwcV162T125_STD_CELL_7RF 
AO22_E            1524    45880.934    PwcV162T125_STD_CELL_7RF 
AO22_F             408    12283.085    PwcV162T125_STD_CELL_7RF 
AO22_H             444    13366.886    PwcV162T125_STD_CELL_7RF 
AO22_I               1       56.448    PwcV162T125_STD_CELL_7RF 
AO22_K              34     1919.232    PwcV162T125_STD_CELL_7RF 
AO33_H               8      481.690    PwcV162T125_STD_CELL_7RF 
AOI21_A             52      978.432    PwcV162T125_STD_CELL_7RF 
AOI21_B              2       37.632    PwcV162T125_STD_CELL_7RF 
AOI21_C           1122    21111.552    PwcV162T125_STD_CELL_7RF 
AOI21_D              1       26.342    PwcV162T125_STD_CELL_7RF 
AOI21_E              6      158.054    PwcV162T125_STD_CELL_7RF 
AOI21_F              3      124.186    PwcV162T125_STD_CELL_7RF 
AOI21_H              1       60.211    PwcV162T125_STD_CELL_7RF 
AOI2222_H          129     7767.245    PwcV162T125_STD_CELL_7RF 
AOI2222_I          100     6021.120    PwcV162T125_STD_CELL_7RF 
AOI222_H           120     6322.176    PwcV162T125_STD_CELL_7RF 
AOI222_I           118     6216.806    PwcV162T125_STD_CELL_7RF 
AOI22_C            839    18943.949    PwcV162T125_STD_CELL_7RF 
AOI22_E             12      496.742    PwcV162T125_STD_CELL_7RF 
BUFFER_H             3       56.448    PwcV162T125_STD_CELL_7RF 
BUFFER_I             5       94.080    PwcV162T125_STD_CELL_7RF 
BUFFER_J             2       52.685    PwcV162T125_STD_CELL_7RF 
BUFFER_K            10      263.424    PwcV162T125_STD_CELL_7RF 
BUFFER_L             8      210.739    PwcV162T125_STD_CELL_7RF 
BUFFER_O            12      587.059    PwcV162T125_STD_CELL_7RF 
CLKI_I               7      263.424    PwcV162T125_STD_CELL_7RF 
CLKI_O               3      282.240    PwcV162T125_STD_CELL_7RF 
CLKI_Q               1      127.949    PwcV162T125_STD_CELL_7RF 
CLK_K                4      135.475    PwcV162T125_STD_CELL_7RF 
CLK_M                1       60.211    PwcV162T125_STD_CELL_7RF 
CLK_O                5      451.584    PwcV162T125_STD_CELL_7RF 
CLK_Q                4      466.637    PwcV162T125_STD_CELL_7RF 
DFFR_E               8      511.795    PwcV162T125_STD_CELL_7RF 
DFFR_K              10      940.800    PwcV162T125_STD_CELL_7RF 
DFFS_E               1       67.738    PwcV162T125_STD_CELL_7RF 
DFF_E            14451   761348.045    PwcV162T125_STD_CELL_7RF 
DFF_H               90     5419.008    PwcV162T125_STD_CELL_7RF 
DFF_K               55     4553.472    PwcV162T125_STD_CELL_7RF 
INVERTBAL_E        250     2822.400    PwcV162T125_STD_CELL_7RF 
INVERTBAL_H        794     8963.942    PwcV162T125_STD_CELL_7RF 
INVERTBAL_L          1       33.869    PwcV162T125_STD_CELL_7RF 
INVERT_D           831     9381.658    PwcV162T125_STD_CELL_7RF 
INVERT_E           570     6435.072    PwcV162T125_STD_CELL_7RF 
INVERT_F          1846    20840.602    PwcV162T125_STD_CELL_7RF 
INVERT_H           485     5475.456    PwcV162T125_STD_CELL_7RF 
INVERT_I           414     4673.894    PwcV162T125_STD_CELL_7RF 
INVERT_L            29      545.664    PwcV162T125_STD_CELL_7RF 
INVERT_M            12      361.267    PwcV162T125_STD_CELL_7RF 
INVERT_N            13      489.216    PwcV162T125_STD_CELL_7RF 
INVERT_O             9      440.294    PwcV162T125_STD_CELL_7RF 
INVERT_U             7      684.902    PwcV162T125_STD_CELL_7RF 
MUX21BAL_H           1       60.211    PwcV162T125_STD_CELL_7RF 
MUX21I_B            40     1053.696    PwcV162T125_STD_CELL_7RF 
MUX21I_D          3915   103130.496    PwcV162T125_STD_CELL_7RF 
MUX21_D           1928    65299.046    PwcV162T125_STD_CELL_7RF 
MUX21_E            953    32276.966    PwcV162T125_STD_CELL_7RF 
MUX21_F            114     3861.043    PwcV162T125_STD_CELL_7RF 
MUX21_H            125     4233.600    PwcV162T125_STD_CELL_7RF 
MUX21_I           2011    68110.157    PwcV162T125_STD_CELL_7RF 
NAND2BAL_H          23      432.768    PwcV162T125_STD_CELL_7RF 
NAND2_C             38      572.006    PwcV162T125_STD_CELL_7RF 
NAND2_D            119     1791.283    PwcV162T125_STD_CELL_7RF 
NAND2_E            294     4425.523    PwcV162T125_STD_CELL_7RF 
NAND2_F           4653    70040.678    PwcV162T125_STD_CELL_7RF 
NAND2_I              9      270.950    PwcV162T125_STD_CELL_7RF 
NAND2_J             13      391.373    PwcV162T125_STD_CELL_7RF 
NAND2_K              6      248.371    PwcV162T125_STD_CELL_7RF 
NAND2_M              4      240.845    PwcV162T125_STD_CELL_7RF 
NAND3_C             16      361.267    PwcV162T125_STD_CELL_7RF 
NAND3_D              7      158.054    PwcV162T125_STD_CELL_7RF 
NAND3_E            318     7180.186    PwcV162T125_STD_CELL_7RF 
NAND3_H             17      639.744    PwcV162T125_STD_CELL_7RF 
NAND3_I              2      112.896    PwcV162T125_STD_CELL_7RF 
NAND3_K              1       79.027    PwcV162T125_STD_CELL_7RF 
NAND4_B            291     6570.547    PwcV162T125_STD_CELL_7RF 
NAND4_C              2       75.264    PwcV162T125_STD_CELL_7RF 
NAND4_D             28     1053.696    PwcV162T125_STD_CELL_7RF 
NAND4_F              8      421.478    PwcV162T125_STD_CELL_7RF 
NOR2_B             455     6849.024    PwcV162T125_STD_CELL_7RF 
NOR2_C             445     6698.496    PwcV162T125_STD_CELL_7RF 
NOR2_D             314     4726.579    PwcV162T125_STD_CELL_7RF 
NOR2_E            3055    45986.304    PwcV162T125_STD_CELL_7RF 
NOR2_H              68     1791.283    PwcV162T125_STD_CELL_7RF 
NOR2_I              19      572.006    PwcV162T125_STD_CELL_7RF 
NOR2_J              12      541.901    PwcV162T125_STD_CELL_7RF 
NOR3_B             462     8692.992    PwcV162T125_STD_CELL_7RF 
NOR3_C               7      210.739    PwcV162T125_STD_CELL_7RF 
NOR3_D              58     1746.125    PwcV162T125_STD_CELL_7RF 
NOR3_E              14      526.848    PwcV162T125_STD_CELL_7RF 
NOR4_B             539    10141.824    PwcV162T125_STD_CELL_7RF 
NOR4_C               1       37.632    PwcV162T125_STD_CELL_7RF 
OA21_H              13      342.451    PwcV162T125_STD_CELL_7RF 
OA21_I             391    10299.878    PwcV162T125_STD_CELL_7RF 
OA21_K               2      112.896    PwcV162T125_STD_CELL_7RF 
OA2222_F           106     6781.286    PwcV162T125_STD_CELL_7RF 
OA222_C             62     3266.458    PwcV162T125_STD_CELL_7RF 
OA22_H              90     2709.504    PwcV162T125_STD_CELL_7RF 
OA22_I               3       90.317    PwcV162T125_STD_CELL_7RF 
OA22_K               7      474.163    PwcV162T125_STD_CELL_7RF 
OAI21_C           1709    32156.544    PwcV162T125_STD_CELL_7RF 
OAI21_E             78     2054.707    PwcV162T125_STD_CELL_7RF 
OAI21_F             15      564.480    PwcV162T125_STD_CELL_7RF 
OAI21_H              1       48.922    PwcV162T125_STD_CELL_7RF 
OAI2222_H           64     4576.051    PwcV162T125_STD_CELL_7RF 
OAI222_H             1       60.211    PwcV162T125_STD_CELL_7RF 
OAI22_B            870    22917.888    PwcV162T125_STD_CELL_7RF 
OR2_E               25      564.480    PwcV162T125_STD_CELL_7RF 
OR2_F               52     1174.118    PwcV162T125_STD_CELL_7RF 
OR2_H               35      790.272    PwcV162T125_STD_CELL_7RF 
OR2_I             1069    24137.165    PwcV162T125_STD_CELL_7RF 
OR3_F                9      270.950    PwcV162T125_STD_CELL_7RF 
OR3_H              217     6532.915    PwcV162T125_STD_CELL_7RF 
OR4_E              251     7556.506    PwcV162T125_STD_CELL_7RF 
OR4_H                1       37.632    PwcV162T125_STD_CELL_7RF 
XNOR2_B              6      158.054    PwcV162T125_STD_CELL_7RF 
XNOR2_C           1376    36247.142    PwcV162T125_STD_CELL_7RF 
XNOR2_F             23      778.982    PwcV162T125_STD_CELL_7RF 
XNOR2_H             78     2641.766    PwcV162T125_STD_CELL_7RF 
XNOR3_H             12      767.693    PwcV162T125_STD_CELL_7RF 
XOR2_B              10      263.424    PwcV162T125_STD_CELL_7RF 
XOR2_C            1557    41015.117    PwcV162T125_STD_CELL_7RF 
XOR2_I              61     2295.552    PwcV162T125_STD_CELL_7RF 
XOR2_J               1       48.922    PwcV162T125_STD_CELL_7RF 
XOR3_F              72     4606.157    PwcV162T125_STD_CELL_7RF 
XOR3_H              50     3198.720    PwcV162T125_STD_CELL_7RF 
----------------------------------------------------------------
total            63283  2086336.896                             


                                        
   Type    Instances     Area    Area % 
----------------------------------------
sequential     14615  772840.858   37.0 
inverter        5272   61821.850    3.0 
buffer            54    2378.342    0.1 
logic          43342 1249295.846   59.9 
----------------------------------------
total          63283 2086336.896  100.0 

